{"C:\\Users\\canul\\OneDrive\\Desktop\\gitMatfi\\matfi_cs_acomp_2026\\Matfi_frontend\\src\\controlador\\CalculadoraControlador.js": {"path":"C:\\Users\\canul\\OneDrive\\Desktop\\gitMatfi\\matfi_cs_acomp_2026\\Matfi_frontend\\src\\controlador\\CalculadoraControlador.js","statementMap":{"0":{"start":{"line":10,"column":4},"end":{"line":10,"column":86}},"1":{"start":{"line":11,"column":4},"end":{"line":11,"column":89}},"2":{"start":{"line":12,"column":4},"end":{"line":12,"column":89}},"3":{"start":{"line":13,"column":4},"end":{"line":13,"column":30}},"4":{"start":{"line":17,"column":8},"end":{"line":29,"column":11}},"5":{"start":{"line":18,"column":12},"end":{"line":18,"column":31}},"6":{"start":{"line":20,"column":36},"end":{"line":20,"column":65}},"7":{"start":{"line":21,"column":12},"end":{"line":21,"column":41}},"8":{"start":{"line":23,"column":30},"end":{"line":23,"column":78}},"9":{"start":{"line":25,"column":12},"end":{"line":25,"column":35}},"10":{"start":{"line":26,"column":12},"end":{"line":26,"column":85}},"11":{"start":{"line":27,"column":12},"end":{"line":27,"column":85}},"12":{"start":{"line":36,"column":8},"end":{"line":43,"column":9}},"13":{"start":{"line":53,"column":27},"end":{"line":53,"column":108}},"14":{"start":{"line":54,"column":8},"end":{"line":54,"column":62}},"15":{"start":{"line":56,"column":8},"end":{"line":56,"column":63}},"16":{"start":{"line":57,"column":8},"end":{"line":57,"column":47}},"17":{"start":{"line":64,"column":8},"end":{"line":70,"column":9}},"18":{"start":{"line":65,"column":12},"end":{"line":65,"column":38}},"19":{"start":{"line":66,"column":14},"end":{"line":70,"column":9}},"20":{"start":{"line":67,"column":12},"end":{"line":67,"column":52}},"21":{"start":{"line":69,"column":12},"end":{"line":69,"column":46}}},"fnMap":{"0":{"name":"(anonymous_0)","decl":{"start":{"line":9,"column":4},"end":{"line":9,"column":15}},"loc":{"start":{"line":9,"column":17},"end":{"line":14,"column":5}},"line":9},"1":{"name":"(anonymous_1)","decl":{"start":{"line":16,"column":4},"end":{"line":16,"column":22}},"loc":{"start":{"line":16,"column":24},"end":{"line":33,"column":5}},"line":16},"2":{"name":"(anonymous_2)","decl":{"start":{"line":17,"column":44},"end":{"line":17,"column":45}},"loc":{"start":{"line":17,"column":51},"end":{"line":29,"column":9}},"line":17},"3":{"name":"(anonymous_3)","decl":{"start":{"line":35,"column":5},"end":{"line":35,"column":27}},"loc":{"start":{"line":35,"column":30},"end":{"line":49,"column":5}},"line":35},"4":{"name":"(anonymous_4)","decl":{"start":{"line":51,"column":4},"end":{"line":51,"column":30}},"loc":{"start":{"line":51,"column":48},"end":{"line":60,"column":5}},"line":51},"5":{"name":"(anonymous_5)","decl":{"start":{"line":63,"column":4},"end":{"line":63,"column":19}},"loc":{"start":{"line":63,"column":22},"end":{"line":74,"column":5}},"line":63}},"branchMap":{"0":{"loc":{"start":{"line":64,"column":8},"end":{"line":70,"column":9}},"type":"if","locations":[{"start":{"line":64,"column":8},"end":{"line":70,"column":9}},{"start":{"line":66,"column":14},"end":{"line":70,"column":9}}],"line":64},"1":{"loc":{"start":{"line":66,"column":14},"end":{"line":70,"column":9}},"type":"if","locations":[{"start":{"line":66,"column":14},"end":{"line":70,"column":9}},{"start":{"line":68,"column":14},"end":{"line":70,"column":9}}],"line":66}},"s":{"0":1,"1":1,"2":1,"3":1,"4":1,"5":1,"6":1,"7":1,"8":1,"9":1,"10":1,"11":1,"12":1,"13":1,"14":1,"15":1,"16":1,"17":1,"18":1,"19":0,"20":0,"21":0},"f":{"0":1,"1":1,"2":1,"3":1,"4":1,"5":1},"b":{"0":[1,0],"1":[0,0]},"meta":{"lastBranch":2,"lastFunction":6,"lastStatement":22,"seen":{"f:9:4:9:15":0,"s:10:4:10:86":0,"s:11:4:11:89":1,"s:12:4:12:89":2,"s:13:4:13:30":3,"f:16:4:16:22":1,"s:17:8:29:11":4,"f:17:44:17:45":2,"s:18:12:18:31":5,"s:20:36:20:65":6,"s:21:12:21:41":7,"s:23:30:23:78":8,"s:25:12:25:35":9,"s:26:12:26:85":10,"s:27:12:27:85":11,"f:35:5:35:27":3,"s:36:8:43:9":12,"f:51:4:51:30":4,"s:53:27:53:108":13,"s:54:8:54:62":14,"s:56:8:56:63":15,"s:57:8:57:47":16,"f:63:4:63:19":5,"b:64:8:70:9:66:14:70:9":0,"s:64:8:70:9":17,"s:65:12:65:38":18,"b:66:14:70:9:68:14:70:9":1,"s:66:14:70:9":19,"s:67:12:67:52":20,"s:69:12:69:46":21}}}
,"C:\\Users\\canul\\OneDrive\\Desktop\\gitMatfi\\matfi_cs_acomp_2026\\Matfi_frontend\\src\\model\\CalculadoraCalorias.js": {"path":"C:\\Users\\canul\\OneDrive\\Desktop\\gitMatfi\\matfi_cs_acomp_2026\\Matfi_frontend\\src\\model\\CalculadoraCalorias.js","statementMap":{"0":{"start":{"line":2,"column":35},"end":{"line":7,"column":5}},"1":{"start":{"line":18,"column":8},"end":{"line":18,"column":46}},"2":{"start":{"line":19,"column":8},"end":{"line":20,"column":70}},"3":{"start":{"line":21,"column":8},"end":{"line":21,"column":40}},"4":{"start":{"line":27,"column":8},"end":{"line":31,"column":9}},"5":{"start":{"line":28,"column":12},"end":{"line":28,"column":72}},"6":{"start":{"line":30,"column":12},"end":{"line":30,"column":75}},"7":{"start":{"line":35,"column":8},"end":{"line":35,"column":42}},"8":{"start":{"line":39,"column":8},"end":{"line":46,"column":9}},"9":{"start":{"line":40,"column":12},"end":{"line":40,"column":46}},"10":{"start":{"line":41,"column":15},"end":{"line":46,"column":9}},"11":{"start":{"line":42,"column":12},"end":{"line":42,"column":46}},"12":{"start":{"line":45,"column":11},"end":{"line":45,"column":40}},"13":{"start":{"line":51,"column":20},"end":{"line":51,"column":43}},"14":{"start":{"line":52,"column":21},"end":{"line":52,"column":43}},"15":{"start":{"line":53,"column":8},"end":{"line":53,"column":67}},"16":{"start":{"line":58,"column":8},"end":{"line":58,"column":36}},"17":{"start":{"line":62,"column":8},"end":{"line":62,"column":36}},"18":{"start":{"line":66,"column":8},"end":{"line":66,"column":40}}},"fnMap":{"0":{"name":"(anonymous_0)","decl":{"start":{"line":17,"column":4},"end":{"line":17,"column":15}},"loc":{"start":{"line":17,"column":47},"end":{"line":22,"column":5}},"line":17},"1":{"name":"(anonymous_1)","decl":{"start":{"line":26,"column":4},"end":{"line":26,"column":15}},"loc":{"start":{"line":26,"column":48},"end":{"line":32,"column":5}},"line":26},"2":{"name":"(anonymous_2)","decl":{"start":{"line":34,"column":4},"end":{"line":34,"column":16}},"loc":{"start":{"line":34,"column":22},"end":{"line":36,"column":5}},"line":34},"3":{"name":"(anonymous_3)","decl":{"start":{"line":38,"column":4},"end":{"line":38,"column":24}},"loc":{"start":{"line":38,"column":48},"end":{"line":48,"column":5}},"line":38},"4":{"name":"(anonymous_4)","decl":{"start":{"line":50,"column":4},"end":{"line":50,"column":27}},"loc":{"start":{"line":50,"column":35},"end":{"line":54,"column":5}},"line":50},"5":{"name":"(anonymous_5)","decl":{"start":{"line":57,"column":8},"end":{"line":57,"column":27}},"loc":{"start":{"line":57,"column":30},"end":{"line":59,"column":5}},"line":57},"6":{"name":"(anonymous_6)","decl":{"start":{"line":61,"column":8},"end":{"line":61,"column":21}},"loc":{"start":{"line":61,"column":24},"end":{"line":63,"column":5}},"line":61},"7":{"name":"(anonymous_7)","decl":{"start":{"line":65,"column":8},"end":{"line":65,"column":26}},"loc":{"start":{"line":65,"column":28},"end":{"line":67,"column":5}},"line":65}},"branchMap":{"0":{"loc":{"start":{"line":27,"column":8},"end":{"line":31,"column":9}},"type":"if","locations":[{"start":{"line":27,"column":8},"end":{"line":31,"column":9}},{"start":{"line":29,"column":15},"end":{"line":31,"column":9}}],"line":27},"1":{"loc":{"start":{"line":39,"column":8},"end":{"line":46,"column":9}},"type":"if","locations":[{"start":{"line":39,"column":8},"end":{"line":46,"column":9}},{"start":{"line":41,"column":15},"end":{"line":46,"column":9}}],"line":39},"2":{"loc":{"start":{"line":41,"column":15},"end":{"line":46,"column":9}},"type":"if","locations":[{"start":{"line":41,"column":15},"end":{"line":46,"column":9}},{"start":{"line":44,"column":12},"end":{"line":46,"column":9}}],"line":41},"3":{"loc":{"start":{"line":41,"column":18},"end":{"line":41,"column":91}},"type":"binary-expr","locations":[{"start":{"line":41,"column":18},"end":{"line":41,"column":52}},{"start":{"line":41,"column":56},"end":{"line":41,"column":91}}],"line":41}},"s":{"0":7,"1":5,"2":5,"3":5,"4":3,"5":3,"6":0,"7":3,"8":3,"9":2,"10":1,"11":1,"12":0,"13":2,"14":2,"15":2,"16":0,"17":1,"18":2},"f":{"0":5,"1":3,"2":3,"3":3,"4":2,"5":0,"6":1,"7":2},"b":{"0":[3,0],"1":[2,1],"2":[1,0],"3":[1,0]},"meta":{"lastBranch":4,"lastFunction":8,"lastStatement":19,"seen":{"s:2:35:7:5":0,"f:17:4:17:15":0,"s:18:8:18:46":1,"s:19:8:20:70":2,"s:21:8:21:40":3,"f:26:4:26:15":1,"b:27:8:31:9:29:15:31:9":0,"s:27:8:31:9":4,"s:28:12:28:72":5,"s:30:12:30:75":6,"f:34:4:34:16":2,"s:35:8:35:42":7,"f:38:4:38:24":3,"b:39:8:46:9:41:15:46:9":1,"s:39:8:46:9":8,"s:40:12:40:46":9,"b:41:15:46:9:44:12:46:9":2,"s:41:15:46:9":10,"b:41:18:41:52:41:56:41:91":3,"s:42:12:42:46":11,"s:45:11:45:40":12,"f:50:4:50:27":4,"s:51:20:51:43":13,"s:52:21:52:43":14,"s:53:8:53:67":15,"f:57:8:57:27":5,"s:58:8:58:36":16,"f:61:8:61:21":6,"s:62:8:62:36":17,"f:65:8:65:26":7,"s:66:8:66:40":18}}}
,"C:\\Users\\canul\\OneDrive\\Desktop\\gitMatfi\\matfi_cs_acomp_2026\\Matfi_frontend\\src\\model\\CuentaDeUsuario.js": {"path":"C:\\Users\\canul\\OneDrive\\Desktop\\gitMatfi\\matfi_cs_acomp_2026\\Matfi_frontend\\src\\model\\CuentaDeUsuario.js","statementMap":{"0":{"start":{"line":10,"column":8},"end":{"line":10,"column":43}},"1":{"start":{"line":11,"column":8},"end":{"line":11,"column":42}},"2":{"start":{"line":12,"column":8},"end":{"line":12,"column":52}},"3":{"start":{"line":13,"column":8},"end":{"line":13,"column":46}},"4":{"start":{"line":14,"column":8},"end":{"line":14,"column":52}},"5":{"start":{"line":21,"column":8},"end":{"line":21,"column":86}},"6":{"start":{"line":25,"column":8},"end":{"line":25,"column":38}},"7":{"start":{"line":29,"column":8},"end":{"line":29,"column":51}},"8":{"start":{"line":39,"column":8},"end":{"line":43,"column":48}},"9":{"start":{"line":48,"column":4},"end":{"line":48,"column":30}},"10":{"start":{"line":52,"column":8},"end":{"line":52,"column":39}},"11":{"start":{"line":56,"column":8},"end":{"line":56,"column":36}},"12":{"start":{"line":60,"column":8},"end":{"line":60,"column":39}}},"fnMap":{"0":{"name":"(anonymous_0)","decl":{"start":{"line":9,"column":4},"end":{"line":9,"column":15}},"loc":{"start":{"line":9,"column":98},"end":{"line":15,"column":5}},"line":9},"1":{"name":"(anonymous_1)","decl":{"start":{"line":17,"column":4},"end":{"line":17,"column":17}},"loc":{"start":{"line":17,"column":38},"end":{"line":22,"column":5}},"line":17},"2":{"name":"(anonymous_2)","decl":{"start":{"line":24,"column":4},"end":{"line":24,"column":16}},"loc":{"start":{"line":24,"column":18},"end":{"line":26,"column":5}},"line":24},"3":{"name":"(anonymous_3)","decl":{"start":{"line":28,"column":4},"end":{"line":28,"column":25}},"loc":{"start":{"line":28,"column":43},"end":{"line":30,"column":5}},"line":28},"4":{"name":"(anonymous_4)","decl":{"start":{"line":38,"column":4},"end":{"line":38,"column":24}},"loc":{"start":{"line":38,"column":26},"end":{"line":44,"column":5}},"line":38},"5":{"name":"(anonymous_5)","decl":{"start":{"line":47,"column":8},"end":{"line":47,"column":20}},"loc":{"start":{"line":47,"column":23},"end":{"line":49,"column":5}},"line":47},"6":{"name":"(anonymous_6)","decl":{"start":{"line":51,"column":8},"end":{"line":51,"column":25}},"loc":{"start":{"line":51,"column":28},"end":{"line":53,"column":5}},"line":51},"7":{"name":"(anonymous_7)","decl":{"start":{"line":55,"column":8},"end":{"line":55,"column":22}},"loc":{"start":{"line":55,"column":25},"end":{"line":57,"column":5}},"line":55},"8":{"name":"(anonymous_8)","decl":{"start":{"line":59,"column":8},"end":{"line":59,"column":25}},"loc":{"start":{"line":59,"column":28},"end":{"line":61,"column":5}},"line":59}},"branchMap":{"0":{"loc":{"start":{"line":21,"column":15},"end":{"line":21,"column":85}},"type":"binary-expr","locations":[{"start":{"line":21,"column":15},"end":{"line":21,"column":43}},{"start":{"line":21,"column":47},"end":{"line":21,"column":85}}],"line":21}},"s":{"0":3,"1":3,"2":3,"3":3,"4":3,"5":2,"6":0,"7":1,"8":0,"9":2,"10":2,"11":0,"12":0},"f":{"0":3,"1":2,"2":0,"3":1,"4":0,"5":2,"6":2,"7":0,"8":0},"b":{"0":[2,1]},"meta":{"lastBranch":1,"lastFunction":9,"lastStatement":13,"seen":{"f:9:4:9:15":0,"s:10:8:10:43":0,"s:11:8:11:42":1,"s:12:8:12:52":2,"s:13:8:13:46":3,"s:14:8:14:52":4,"f:17:4:17:17":1,"s:21:8:21:86":5,"b:21:15:21:43:21:47:21:85":0,"f:24:4:24:16":2,"s:25:8:25:38":6,"f:28:4:28:25":3,"s:29:8:29:51":7,"f:38:4:38:24":4,"s:39:8:43:48":8,"f:47:8:47:20":5,"s:48:4:48:30":9,"f:51:8:51:25":6,"s:52:8:52:39":10,"f:55:8:55:22":7,"s:56:8:56:36":11,"f:59:8:59:25":8,"s:60:8:60:39":12}}}
,"C:\\Users\\canul\\OneDrive\\Desktop\\gitMatfi\\matfi_cs_acomp_2026\\Matfi_frontend\\src\\model\\MetaFisica.js": {"path":"C:\\Users\\canul\\OneDrive\\Desktop\\gitMatfi\\matfi_cs_acomp_2026\\Matfi_frontend\\src\\model\\MetaFisica.js","statementMap":{"0":{"start":{"line":9,"column":8},"end":{"line":9,"column":31}},"1":{"start":{"line":10,"column":8},"end":{"line":10,"column":50}},"2":{"start":{"line":11,"column":8},"end":{"line":11,"column":50}},"3":{"start":{"line":12,"column":8},"end":{"line":12,"column":67}},"4":{"start":{"line":13,"column":8},"end":{"line":13,"column":46}},"5":{"start":{"line":24,"column":30},"end":{"line":24,"column":57}},"6":{"start":{"line":26,"column":8},"end":{"line":28,"column":10}},"7":{"start":{"line":30,"column":8},"end":{"line":30,"column":48}},"8":{"start":{"line":32,"column":8},"end":{"line":32,"column":39}},"9":{"start":{"line":36,"column":8},"end":{"line":36,"column":36}},"10":{"start":{"line":40,"column":8},"end":{"line":40,"column":38}},"11":{"start":{"line":44,"column":8},"end":{"line":44,"column":33}},"12":{"start":{"line":48,"column":8},"end":{"line":48,"column":39}}},"fnMap":{"0":{"name":"(anonymous_0)","decl":{"start":{"line":8,"column":4},"end":{"line":8,"column":15}},"loc":{"start":{"line":8,"column":62},"end":{"line":14,"column":5}},"line":8},"1":{"name":"(anonymous_1)","decl":{"start":{"line":20,"column":4},"end":{"line":20,"column":29}},"loc":{"start":{"line":20,"column":31},"end":{"line":33,"column":5}},"line":20},"2":{"name":"(anonymous_2)","decl":{"start":{"line":35,"column":8},"end":{"line":35,"column":22}},"loc":{"start":{"line":35,"column":24},"end":{"line":37,"column":5}},"line":35},"3":{"name":"(anonymous_3)","decl":{"start":{"line":39,"column":8},"end":{"line":39,"column":31}},"loc":{"start":{"line":39,"column":33},"end":{"line":41,"column":5}},"line":39},"4":{"name":"(anonymous_4)","decl":{"start":{"line":43,"column":8},"end":{"line":43,"column":19}},"loc":{"start":{"line":43,"column":21},"end":{"line":45,"column":5}},"line":43},"5":{"name":"(anonymous_5)","decl":{"start":{"line":47,"column":8},"end":{"line":47,"column":25}},"loc":{"start":{"line":47,"column":27},"end":{"line":49,"column":5}},"line":47}},"branchMap":{},"s":{"0":3,"1":3,"2":3,"3":3,"4":3,"5":4,"6":4,"7":4,"8":4,"9":1,"10":1,"11":0,"12":0},"f":{"0":3,"1":4,"2":1,"3":1,"4":0,"5":0},"b":{},"meta":{"lastBranch":0,"lastFunction":6,"lastStatement":13,"seen":{"f:8:4:8:15":0,"s:9:8:9:31":0,"s:10:8:10:50":1,"s:11:8:11:50":2,"s:12:8:12:67":3,"s:13:8:13:46":4,"f:20:4:20:29":1,"s:24:30:24:57":5,"s:26:8:28:10":6,"s:30:8:30:48":7,"s:32:8:32:39":8,"f:35:8:35:22":2,"s:36:8:36:36":9,"f:39:8:39:31":3,"s:40:8:40:38":10,"f:43:8:43:19":4,"s:44:8:44:33":11,"f:47:8:47:25":5,"s:48:8:48:39":12}}}
,"C:\\Users\\canul\\OneDrive\\Desktop\\gitMatfi\\matfi_cs_acomp_2026\\Matfi_frontend\\src\\model\\RegistroDeIngestaAlimenticiaDiaria.js": {"path":"C:\\Users\\canul\\OneDrive\\Desktop\\gitMatfi\\matfi_cs_acomp_2026\\Matfi_frontend\\src\\model\\RegistroDeIngestaAlimenticiaDiaria.js","statementMap":{"0":{"start":{"line":9,"column":8},"end":{"line":9,"column":28}},"1":{"start":{"line":10,"column":8},"end":{"line":10,"column":37}},"2":{"start":{"line":11,"column":8},"end":{"line":11,"column":44}},"3":{"start":{"line":16,"column":8},"end":{"line":16,"column":44}},"4":{"start":{"line":18,"column":8},"end":{"line":21,"column":11}},"5":{"start":{"line":20,"column":12},"end":{"line":20,"column":63}},"6":{"start":{"line":23,"column":8},"end":{"line":23,"column":47}},"7":{"start":{"line":28,"column":8},"end":{"line":28,"column":45}},"8":{"start":{"line":30,"column":8},"end":{"line":30,"column":42}},"9":{"start":{"line":35,"column":8},"end":{"line":35,"column":47}},"10":{"start":{"line":40,"column":8},"end":{"line":40,"column":27}},"11":{"start":{"line":45,"column":8},"end":{"line":45,"column":39}}},"fnMap":{"0":{"name":"(anonymous_0)","decl":{"start":{"line":7,"column":4},"end":{"line":7,"column":15}},"loc":{"start":{"line":7,"column":36},"end":{"line":12,"column":5}},"line":7},"1":{"name":"(anonymous_1)","decl":{"start":{"line":14,"column":4},"end":{"line":14,"column":30}},"loc":{"start":{"line":14,"column":33},"end":{"line":24,"column":5}},"line":14},"2":{"name":"(anonymous_2)","decl":{"start":{"line":18,"column":40},"end":{"line":18,"column":46}},"loc":{"start":{"line":18,"column":50},"end":{"line":21,"column":9}},"line":18},"3":{"name":"(anonymous_3)","decl":{"start":{"line":26,"column":4},"end":{"line":26,"column":30}},"loc":{"start":{"line":26,"column":39},"end":{"line":31,"column":5}},"line":26},"4":{"name":"(anonymous_4)","decl":{"start":{"line":33,"column":4},"end":{"line":33,"column":36}},"loc":{"start":{"line":33,"column":39},"end":{"line":36,"column":5}},"line":33},"5":{"name":"(anonymous_5)","decl":{"start":{"line":38,"column":4},"end":{"line":38,"column":16}},"loc":{"start":{"line":38,"column":19},"end":{"line":41,"column":5}},"line":38},"6":{"name":"(anonymous_6)","decl":{"start":{"line":43,"column":4},"end":{"line":43,"column":28}},"loc":{"start":{"line":43,"column":31},"end":{"line":46,"column":5}},"line":43}},"branchMap":{"0":{"loc":{"start":{"line":7,"column":16},"end":{"line":7,"column":34}},"type":"default-arg","locations":[{"start":{"line":7,"column":24},"end":{"line":7,"column":34}}],"line":7}},"s":{"0":3,"1":3,"2":3,"3":3,"4":3,"5":4,"6":3,"7":3,"8":3,"9":1,"10":1,"11":1},"f":{"0":3,"1":3,"2":4,"3":3,"4":1,"5":1,"6":1},"b":{"0":[3]},"meta":{"lastBranch":1,"lastFunction":7,"lastStatement":12,"seen":{"f:7:4:7:15":0,"b:7:24:7:34":0,"s:9:8:9:28":0,"s:10:8:10:37":1,"s:11:8:11:44":2,"f:14:4:14:30":1,"s:16:8:16:44":3,"s:18:8:21:11":4,"f:18:40:18:46":2,"s:20:12:20:63":5,"s:23:8:23:47":6,"f:26:4:26:30":3,"s:28:8:28:45":7,"s:30:8:30:42":8,"f:33:4:33:36":4,"s:35:8:35:47":9,"f:38:4:38:16":5,"s:40:8:40:27":10,"f:43:4:43:28":6,"s:45:8:45:39":11}}}
,"C:\\Users\\canul\\OneDrive\\Desktop\\gitMatfi\\matfi_cs_acomp_2026\\Matfi_frontend\\src\\model\\Usuario.js": {"path":"C:\\Users\\canul\\OneDrive\\Desktop\\gitMatfi\\matfi_cs_acomp_2026\\Matfi_frontend\\src\\model\\Usuario.js","statementMap":{"0":{"start":{"line":12,"column":8},"end":{"line":12,"column":40}},"1":{"start":{"line":13,"column":8},"end":{"line":13,"column":44}},"2":{"start":{"line":14,"column":8},"end":{"line":14,"column":48}},"3":{"start":{"line":15,"column":8},"end":{"line":15,"column":40}},"4":{"start":{"line":20,"column":8},"end":{"line":20,"column":38}},"5":{"start":{"line":24,"column":8},"end":{"line":24,"column":46}},"6":{"start":{"line":32,"column":8},"end":{"line":32,"column":38}},"7":{"start":{"line":41,"column":8},"end":{"line":45,"column":36}}},"fnMap":{"0":{"name":"(anonymous_0)","decl":{"start":{"line":10,"column":4},"end":{"line":10,"column":15}},"loc":{"start":{"line":10,"column":73},"end":{"line":16,"column":5}},"line":10},"1":{"name":"(anonymous_1)","decl":{"start":{"line":19,"column":4},"end":{"line":19,"column":18}},"loc":{"start":{"line":19,"column":29},"end":{"line":21,"column":5}},"line":19},"2":{"name":"(anonymous_2)","decl":{"start":{"line":23,"column":4},"end":{"line":23,"column":22}},"loc":{"start":{"line":23,"column":37},"end":{"line":25,"column":5}},"line":23},"3":{"name":"(anonymous_3)","decl":{"start":{"line":31,"column":4},"end":{"line":31,"column":18}},"loc":{"start":{"line":31,"column":29},"end":{"line":33,"column":5}},"line":31},"4":{"name":"(anonymous_4)","decl":{"start":{"line":40,"column":4},"end":{"line":40,"column":18}},"loc":{"start":{"line":40,"column":20},"end":{"line":47,"column":5}},"line":40}},"branchMap":{},"s":{"0":2,"1":2,"2":2,"3":2,"4":1,"5":0,"6":0,"7":3},"f":{"0":2,"1":1,"2":0,"3":0,"4":3},"b":{},"meta":{"lastBranch":0,"lastFunction":5,"lastStatement":8,"seen":{"f:10:4:10:15":0,"s:12:8:12:40":0,"s:13:8:13:44":1,"s:14:8:14:48":2,"s:15:8:15:40":3,"f:19:4:19:18":1,"s:20:8:20:38":4,"f:23:4:23:22":2,"s:24:8:24:46":5,"f:31:4:31:18":3,"s:32:8:32:38":6,"f:40:4:40:18":4,"s:41:8:45:36":7}}}
}
