{"C:\\Users\\Dilian\\Documents\\proyectos\\construccion\\matfi_cs_acomp_2026\\matfi_backend\\swagger.js": {"path":"C:\\Users\\Dilian\\Documents\\proyectos\\construccion\\matfi_cs_acomp_2026\\matfi_backend\\swagger.js","statementMap":{"0":{"start":{"line":5,"column":19},"end":{"line":5,"column":49}},"1":{"start":{"line":6,"column":18},"end":{"line":6,"column":42}},"2":{"start":{"line":8,"column":16},"end":{"line":314,"column":1}},"3":{"start":{"line":316,"column":20},"end":{"line":316,"column":41}}},"fnMap":{},"branchMap":{"0":{"loc":{"start":{"line":65,"column":13},"end":{"line":65,"column":59}},"type":"binary-expr","locations":[{"start":{"line":65,"column":13},"end":{"line":65,"column":32}},{"start":{"line":65,"column":36},"end":{"line":65,"column":59}}],"line":65}},"s":{"0":1,"1":1,"2":1,"3":1},"f":{},"b":{"0":[1,1]},"_coverageSchema":"1a1c01bbd47fc00a2c39e90264f33305004495a9","hash":"efa1147f8ea5cba7b45ba135bbcff735fea09b52"}
,"C:\\Users\\Dilian\\Documents\\proyectos\\construccion\\matfi_cs_acomp_2026\\matfi_backend\\src\\app.js": {"path":"C:\\Users\\Dilian\\Documents\\proyectos\\construccion\\matfi_cs_acomp_2026\\matfi_backend\\src\\app.js","statementMap":{"0":{"start":{"line":18,"column":0},"end":{"line":18,"column":16}},"1":{"start":{"line":20,"column":12},"end":{"line":20,"column":21}},"2":{"start":{"line":22,"column":0},"end":{"line":22,"column":16}},"3":{"start":{"line":23,"column":0},"end":{"line":23,"column":24}},"4":{"start":{"line":25,"column":25},"end":{"line":32,"column":1}},"5":{"start":{"line":33,"column":0},"end":{"line":33,"column":83}},"6":{"start":{"line":34,"column":0},"end":{"line":49,"column":3}},"7":{"start":{"line":35,"column":21},"end":{"line":35,"column":72}},"8":{"start":{"line":36,"column":19},"end":{"line":36,"column":67}},"9":{"start":{"line":37,"column":15},"end":{"line":37,"column":30}},"10":{"start":{"line":38,"column":18},"end":{"line":38,"column":55}},"11":{"start":{"line":40,"column":15},"end":{"line":40,"column":54}},"12":{"start":{"line":41,"column":18},"end":{"line":41,"column":55}},"13":{"start":{"line":42,"column":2},"end":{"line":42,"column":73}},"14":{"start":{"line":44,"column":2},"end":{"line":46,"column":3}},"15":{"start":{"line":45,"column":4},"end":{"line":45,"column":90}},"16":{"start":{"line":48,"column":2},"end":{"line":48,"column":17}},"17":{"start":{"line":52,"column":0},"end":{"line":52,"column":33}},"18":{"start":{"line":53,"column":0},"end":{"line":53,"column":48}},"19":{"start":{"line":54,"column":0},"end":{"line":54,"column":44}},"20":{"start":{"line":55,"column":0},"end":{"line":55,"column":38}},"21":{"start":{"line":56,"column":0},"end":{"line":56,"column":38}},"22":{"start":{"line":57,"column":0},"end":{"line":57,"column":45}},"23":{"start":{"line":58,"column":0},"end":{"line":58,"column":66}},"24":{"start":{"line":59,"column":0},"end":{"line":59,"column":66}},"25":{"start":{"line":60,"column":0},"end":{"line":60,"column":49}},"26":{"start":{"line":62,"column":0},"end":{"line":64,"column":3}},"27":{"start":{"line":63,"column":2},"end":{"line":63,"column":97}}},"fnMap":{"0":{"name":"(anonymous_0)","decl":{"start":{"line":34,"column":29},"end":{"line":34,"column":30}},"loc":{"start":{"line":34,"column":43},"end":{"line":49,"column":1}},"line":34},"1":{"name":"(anonymous_1)","decl":{"start":{"line":62,"column":13},"end":{"line":62,"column":14}},"loc":{"start":{"line":62,"column":27},"end":{"line":64,"column":1}},"line":62}},"branchMap":{"0":{"loc":{"start":{"line":35,"column":21},"end":{"line":35,"column":72}},"type":"binary-expr","locations":[{"start":{"line":35,"column":21},"end":{"line":35,"column":49}},{"start":{"line":35,"column":53},"end":{"line":35,"column":72}}],"line":35},"1":{"loc":{"start":{"line":36,"column":19},"end":{"line":36,"column":67}},"type":"binary-expr","locations":[{"start":{"line":36,"column":19},"end":{"line":36,"column":51}},{"start":{"line":36,"column":55},"end":{"line":36,"column":67}}],"line":36},"2":{"loc":{"start":{"line":38,"column":18},"end":{"line":38,"column":55}},"type":"binary-expr","locations":[{"start":{"line":38,"column":18},"end":{"line":38,"column":28}},{"start":{"line":38,"column":32},"end":{"line":38,"column":55}}],"line":38},"3":{"loc":{"start":{"line":41,"column":18},"end":{"line":41,"column":55}},"type":"binary-expr","locations":[{"start":{"line":41,"column":18},"end":{"line":41,"column":28}},{"start":{"line":41,"column":32},"end":{"line":41,"column":55}}],"line":41},"4":{"loc":{"start":{"line":44,"column":2},"end":{"line":46,"column":3}},"type":"if","locations":[{"start":{"line":44,"column":2},"end":{"line":46,"column":3}},{"start":{},"end":{}}],"line":44}},"s":{"0":1,"1":1,"2":1,"3":1,"4":1,"5":1,"6":1,"7":1,"8":1,"9":1,"10":1,"11":1,"12":1,"13":1,"14":1,"15":1,"16":1,"17":1,"18":1,"19":1,"20":1,"21":1,"22":1,"23":1,"24":1,"25":1,"26":1,"27":1},"f":{"0":1,"1":1},"b":{"0":[1,1],"1":[1,1],"2":[1,1],"3":[1,1],"4":[1,0]},"_coverageSchema":"1a1c01bbd47fc00a2c39e90264f33305004495a9","hash":"178eb7b7a4e0e0883089b02042227b1ae198ea35"}
,"C:\\Users\\Dilian\\Documents\\proyectos\\construccion\\matfi_cs_acomp_2026\\matfi_backend\\src\\config\\database.js": {"path":"C:\\Users\\Dilian\\Documents\\proyectos\\construccion\\matfi_cs_acomp_2026\\matfi_backend\\src\\config\\database.js","statementMap":{"0":{"start":{"line":4,"column":0},"end":{"line":4,"column":16}},"1":{"start":{"line":6,"column":13},"end":{"line":11,"column":2}},"2":{"start":{"line":14,"column":0},"end":{"line":22,"column":1}},"3":{"start":{"line":15,"column":2},"end":{"line":21,"column":5}},"4":{"start":{"line":16,"column":4},"end":{"line":18,"column":5}},"5":{"start":{"line":17,"column":6},"end":{"line":17,"column":67}},"6":{"start":{"line":19,"column":4},"end":{"line":19,"column":62}},"7":{"start":{"line":20,"column":4},"end":{"line":20,"column":14}}},"fnMap":{"0":{"name":"(anonymous_0)","decl":{"start":{"line":15,"column":15},"end":{"line":15,"column":16}},"loc":{"start":{"line":15,"column":41},"end":{"line":21,"column":3}},"line":15}},"branchMap":{"0":{"loc":{"start":{"line":14,"column":0},"end":{"line":22,"column":1}},"type":"if","locations":[{"start":{"line":14,"column":0},"end":{"line":22,"column":1}},{"start":{},"end":{}}],"line":14},"1":{"loc":{"start":{"line":16,"column":4},"end":{"line":18,"column":5}},"type":"if","locations":[{"start":{"line":16,"column":4},"end":{"line":18,"column":5}},{"start":{},"end":{}}],"line":16}},"s":{"0":10,"1":10,"2":10,"3":0,"4":0,"5":0,"6":0,"7":0},"f":{"0":0},"b":{"0":[0,10],"1":[0,0]},"_coverageSchema":"1a1c01bbd47fc00a2c39e90264f33305004495a9","hash":"60ee0bd204f092117f874a4017e3087b4ab86025"}
,"C:\\Users\\Dilian\\Documents\\proyectos\\construccion\\matfi_cs_acomp_2026\\matfi_backend\\src\\controllers\\authController.js": {"path":"C:\\Users\\Dilian\\Documents\\proyectos\\construccion\\matfi_cs_acomp_2026\\matfi_backend\\src\\controllers\\authController.js","statementMap":{"0":{"start":{"line":8,"column":4},"end":{"line":78,"column":5}},"1":{"start":{"line":17,"column":10},"end":{"line":17,"column":18}},"2":{"start":{"line":20,"column":6},"end":{"line":28,"column":7}},"3":{"start":{"line":25,"column":8},"end":{"line":27,"column":85}},"4":{"start":{"line":30,"column":6},"end":{"line":32,"column":7}},"5":{"start":{"line":31,"column":8},"end":{"line":31,"column":83}},"6":{"start":{"line":34,"column":6},"end":{"line":36,"column":7}},"7":{"start":{"line":35,"column":8},"end":{"line":35,"column":87}},"8":{"start":{"line":38,"column":6},"end":{"line":40,"column":7}},"9":{"start":{"line":39,"column":8},"end":{"line":39,"column":83}},"10":{"start":{"line":43,"column":27},"end":{"line":43,"column":69}},"11":{"start":{"line":44,"column":6},"end":{"line":46,"column":7}},"12":{"start":{"line":45,"column":8},"end":{"line":45,"column":91}},"13":{"start":{"line":49,"column":22},"end":{"line":57,"column":8}},"14":{"start":{"line":60,"column":20},"end":{"line":64,"column":8}},"15":{"start":{"line":66,"column":6},"end":{"line":74,"column":9}},"16":{"start":{"line":76,"column":6},"end":{"line":76,"column":49}},"17":{"start":{"line":77,"column":6},"end":{"line":77,"column":68}},"18":{"start":{"line":83,"column":4},"end":{"line":128,"column":5}},"19":{"start":{"line":84,"column":52},"end":{"line":84,"column":60}},"20":{"start":{"line":87,"column":6},"end":{"line":92,"column":7}},"21":{"start":{"line":91,"column":8},"end":{"line":91,"column":80}},"22":{"start":{"line":95,"column":19},"end":{"line":95,"column":61}},"23":{"start":{"line":96,"column":6},"end":{"line":98,"column":7}},"24":{"start":{"line":97,"column":8},"end":{"line":97,"column":73}},"25":{"start":{"line":101,"column":30},"end":{"line":104,"column":7}},"26":{"start":{"line":105,"column":6},"end":{"line":107,"column":7}},"27":{"start":{"line":106,"column":8},"end":{"line":106,"column":73}},"28":{"start":{"line":110,"column":20},"end":{"line":114,"column":8}},"29":{"start":{"line":116,"column":6},"end":{"line":124,"column":9}},"30":{"start":{"line":126,"column":6},"end":{"line":126,"column":46}},"31":{"start":{"line":127,"column":6},"end":{"line":127,"column":68}},"32":{"start":{"line":133,"column":4},"end":{"line":151,"column":5}},"33":{"start":{"line":134,"column":19},"end":{"line":134,"column":63}},"34":{"start":{"line":135,"column":6},"end":{"line":137,"column":7}},"35":{"start":{"line":136,"column":8},"end":{"line":136,"column":72}},"36":{"start":{"line":139,"column":6},"end":{"line":147,"column":9}},"37":{"start":{"line":149,"column":6},"end":{"line":149,"column":55}},"38":{"start":{"line":150,"column":6},"end":{"line":150,"column":68}},"39":{"start":{"line":156,"column":4},"end":{"line":196,"column":5}},"40":{"start":{"line":157,"column":90},"end":{"line":157,"column":98}},"41":{"start":{"line":160,"column":6},"end":{"line":162,"column":7}},"42":{"start":{"line":161,"column":8},"end":{"line":161,"column":83}},"43":{"start":{"line":163,"column":6},"end":{"line":165,"column":7}},"44":{"start":{"line":164,"column":8},"end":{"line":164,"column":87}},"45":{"start":{"line":166,"column":6},"end":{"line":168,"column":7}},"46":{"start":{"line":167,"column":8},"end":{"line":167,"column":83}},"47":{"start":{"line":170,"column":26},"end":{"line":176,"column":8}},"48":{"start":{"line":178,"column":6},"end":{"line":180,"column":7}},"49":{"start":{"line":179,"column":8},"end":{"line":179,"column":72}},"50":{"start":{"line":182,"column":6},"end":{"line":192,"column":9}},"51":{"start":{"line":194,"column":6},"end":{"line":194,"column":58}},"52":{"start":{"line":195,"column":6},"end":{"line":195,"column":68}}},"fnMap":{"0":{"name":"(anonymous_0)","decl":{"start":{"line":7,"column":2},"end":{"line":7,"column":3}},"loc":{"start":{"line":7,"column":34},"end":{"line":79,"column":3}},"line":7},"1":{"name":"(anonymous_1)","decl":{"start":{"line":82,"column":2},"end":{"line":82,"column":3}},"loc":{"start":{"line":82,"column":31},"end":{"line":129,"column":3}},"line":82},"2":{"name":"(anonymous_2)","decl":{"start":{"line":132,"column":2},"end":{"line":132,"column":3}},"loc":{"start":{"line":132,"column":36},"end":{"line":152,"column":3}},"line":132},"3":{"name":"(anonymous_3)","decl":{"start":{"line":155,"column":2},"end":{"line":155,"column":3}},"loc":{"start":{"line":155,"column":39},"end":{"line":197,"column":3}},"line":155}},"branchMap":{"0":{"loc":{"start":{"line":20,"column":6},"end":{"line":28,"column":7}},"type":"if","locations":[{"start":{"line":20,"column":6},"end":{"line":28,"column":7}},{"start":{},"end":{}}],"line":20},"1":{"loc":{"start":{"line":21,"column":8},"end":{"line":23,"column":60}},"type":"binary-expr","locations":[{"start":{"line":21,"column":8},"end":{"line":21,"column":50}},{"start":{"line":22,"column":8},"end":{"line":22,"column":52}},{"start":{"line":23,"column":8},"end":{"line":23,"column":60}}],"line":21},"2":{"loc":{"start":{"line":30,"column":6},"end":{"line":32,"column":7}},"type":"if","locations":[{"start":{"line":30,"column":6},"end":{"line":32,"column":7}},{"start":{},"end":{}}],"line":30},"3":{"loc":{"start":{"line":30,"column":10},"end":{"line":30,"column":71}},"type":"binary-expr","locations":[{"start":{"line":30,"column":10},"end":{"line":30,"column":21}},{"start":{"line":30,"column":25},"end":{"line":30,"column":71}}],"line":30},"4":{"loc":{"start":{"line":34,"column":6},"end":{"line":36,"column":7}},"type":"if","locations":[{"start":{"line":34,"column":6},"end":{"line":36,"column":7}},{"start":{},"end":{}}],"line":34},"5":{"loc":{"start":{"line":34,"column":10},"end":{"line":34,"column":79}},"type":"binary-expr","locations":[{"start":{"line":34,"column":10},"end":{"line":34,"column":25}},{"start":{"line":34,"column":29},"end":{"line":34,"column":79}}],"line":34},"6":{"loc":{"start":{"line":38,"column":6},"end":{"line":40,"column":7}},"type":"if","locations":[{"start":{"line":38,"column":6},"end":{"line":40,"column":7}},{"start":{},"end":{}}],"line":38},"7":{"loc":{"start":{"line":38,"column":10},"end":{"line":38,"column":71}},"type":"binary-expr","locations":[{"start":{"line":38,"column":10},"end":{"line":38,"column":21}},{"start":{"line":38,"column":25},"end":{"line":38,"column":71}}],"line":38},"8":{"loc":{"start":{"line":44,"column":6},"end":{"line":46,"column":7}},"type":"if","locations":[{"start":{"line":44,"column":6},"end":{"line":46,"column":7}},{"start":{},"end":{}}],"line":44},"9":{"loc":{"start":{"line":87,"column":6},"end":{"line":92,"column":7}},"type":"if","locations":[{"start":{"line":87,"column":6},"end":{"line":92,"column":7}},{"start":{},"end":{}}],"line":87},"10":{"loc":{"start":{"line":88,"column":8},"end":{"line":89,"column":60}},"type":"binary-expr","locations":[{"start":{"line":88,"column":8},"end":{"line":88,"column":52}},{"start":{"line":89,"column":8},"end":{"line":89,"column":60}}],"line":88},"11":{"loc":{"start":{"line":96,"column":6},"end":{"line":98,"column":7}},"type":"if","locations":[{"start":{"line":96,"column":6},"end":{"line":98,"column":7}},{"start":{},"end":{}}],"line":96},"12":{"loc":{"start":{"line":105,"column":6},"end":{"line":107,"column":7}},"type":"if","locations":[{"start":{"line":105,"column":6},"end":{"line":107,"column":7}},{"start":{},"end":{}}],"line":105},"13":{"loc":{"start":{"line":135,"column":6},"end":{"line":137,"column":7}},"type":"if","locations":[{"start":{"line":135,"column":6},"end":{"line":137,"column":7}},{"start":{},"end":{}}],"line":135},"14":{"loc":{"start":{"line":160,"column":6},"end":{"line":162,"column":7}},"type":"if","locations":[{"start":{"line":160,"column":6},"end":{"line":162,"column":7}},{"start":{},"end":{}}],"line":160},"15":{"loc":{"start":{"line":160,"column":10},"end":{"line":160,"column":71}},"type":"binary-expr","locations":[{"start":{"line":160,"column":10},"end":{"line":160,"column":21}},{"start":{"line":160,"column":25},"end":{"line":160,"column":71}}],"line":160},"16":{"loc":{"start":{"line":163,"column":6},"end":{"line":165,"column":7}},"type":"if","locations":[{"start":{"line":163,"column":6},"end":{"line":165,"column":7}},{"start":{},"end":{}}],"line":163},"17":{"loc":{"start":{"line":163,"column":10},"end":{"line":163,"column":79}},"type":"binary-expr","locations":[{"start":{"line":163,"column":10},"end":{"line":163,"column":25}},{"start":{"line":163,"column":29},"end":{"line":163,"column":79}}],"line":163},"18":{"loc":{"start":{"line":166,"column":6},"end":{"line":168,"column":7}},"type":"if","locations":[{"start":{"line":166,"column":6},"end":{"line":168,"column":7}},{"start":{},"end":{}}],"line":166},"19":{"loc":{"start":{"line":166,"column":10},"end":{"line":166,"column":71}},"type":"binary-expr","locations":[{"start":{"line":166,"column":10},"end":{"line":166,"column":21}},{"start":{"line":166,"column":25},"end":{"line":166,"column":71}}],"line":166},"20":{"loc":{"start":{"line":178,"column":6},"end":{"line":180,"column":7}},"type":"if","locations":[{"start":{"line":178,"column":6},"end":{"line":180,"column":7}},{"start":{},"end":{}}],"line":178}},"s":{"0":3,"1":3,"2":3,"3":1,"4":2,"5":0,"6":2,"7":0,"8":2,"9":0,"10":2,"11":2,"12":1,"13":1,"14":1,"15":1,"16":0,"17":0,"18":4,"19":4,"20":4,"21":1,"22":3,"23":3,"24":1,"25":2,"26":2,"27":1,"28":1,"29":1,"30":0,"31":0,"32":2,"33":2,"34":2,"35":1,"36":1,"37":0,"38":0,"39":3,"40":3,"41":3,"42":1,"43":2,"44":0,"45":2,"46":0,"47":2,"48":2,"49":1,"50":1,"51":0,"52":0},"f":{"0":3,"1":4,"2":2,"3":3},"b":{"0":[1,2],"1":[3,2,2],"2":[0,2],"3":[2,2],"4":[0,2],"5":[2,1],"6":[0,2],"7":[2,1],"8":[1,1],"9":[1,3],"10":[4,3],"11":[1,2],"12":[1,1],"13":[1,1],"14":[1,2],"15":[3,2],"16":[0,2],"17":[2,0],"18":[0,2],"19":[2,0],"20":[1,1]},"_coverageSchema":"1a1c01bbd47fc00a2c39e90264f33305004495a9","hash":"8f7439aa6ad16e513b9dd71f72338a1d9ba51a16"}
,"C:\\Users\\Dilian\\Documents\\proyectos\\construccion\\matfi_cs_acomp_2026\\matfi_backend\\src\\controllers\\ejercicioController.js": {"path":"C:\\Users\\Dilian\\Documents\\proyectos\\construccion\\matfi_cs_acomp_2026\\matfi_backend\\src\\controllers\\ejercicioController.js","statementMap":{"0":{"start":{"line":6,"column":4},"end":{"line":12,"column":5}},"1":{"start":{"line":7,"column":25},"end":{"line":7,"column":55}},"2":{"start":{"line":8,"column":6},"end":{"line":8,"column":27}},"3":{"start":{"line":10,"column":6},"end":{"line":10,"column":59}},"4":{"start":{"line":11,"column":6},"end":{"line":11,"column":68}},"5":{"start":{"line":16,"column":4},"end":{"line":39,"column":5}},"6":{"start":{"line":23,"column":10},"end":{"line":23,"column":18}},"7":{"start":{"line":24,"column":6},"end":{"line":26,"column":7}},"8":{"start":{"line":25,"column":8},"end":{"line":25,"column":83}},"9":{"start":{"line":28,"column":29},"end":{"line":34,"column":8}},"10":{"start":{"line":35,"column":6},"end":{"line":35,"column":43}},"11":{"start":{"line":37,"column":6},"end":{"line":37,"column":56}},"12":{"start":{"line":38,"column":6},"end":{"line":38,"column":68}},"13":{"start":{"line":43,"column":4},"end":{"line":71,"column":5}},"14":{"start":{"line":44,"column":21},"end":{"line":44,"column":31}},"15":{"start":{"line":51,"column":10},"end":{"line":51,"column":18}},"16":{"start":{"line":52,"column":6},"end":{"line":54,"column":7}},"17":{"start":{"line":53,"column":8},"end":{"line":53,"column":83}},"18":{"start":{"line":56,"column":35},"end":{"line":62,"column":8}},"19":{"start":{"line":63,"column":6},"end":{"line":65,"column":7}},"20":{"start":{"line":64,"column":8},"end":{"line":64,"column":74}},"21":{"start":{"line":67,"column":6},"end":{"line":67,"column":37}},"22":{"start":{"line":69,"column":6},"end":{"line":69,"column":61}},"23":{"start":{"line":70,"column":6},"end":{"line":70,"column":68}},"24":{"start":{"line":75,"column":4},"end":{"line":87,"column":5}},"25":{"start":{"line":76,"column":21},"end":{"line":76,"column":31}},"26":{"start":{"line":77,"column":24},"end":{"line":77,"column":57}},"27":{"start":{"line":78,"column":6},"end":{"line":80,"column":7}},"28":{"start":{"line":79,"column":8},"end":{"line":79,"column":74}},"29":{"start":{"line":82,"column":6},"end":{"line":82,"column":38}},"30":{"start":{"line":83,"column":6},"end":{"line":83,"column":65}},"31":{"start":{"line":85,"column":6},"end":{"line":85,"column":59}},"32":{"start":{"line":86,"column":6},"end":{"line":86,"column":68}}},"fnMap":{"0":{"name":"(anonymous_0)","decl":{"start":{"line":5,"column":2},"end":{"line":5,"column":3}},"loc":{"start":{"line":5,"column":32},"end":{"line":13,"column":3}},"line":5},"1":{"name":"(anonymous_1)","decl":{"start":{"line":15,"column":2},"end":{"line":15,"column":3}},"loc":{"start":{"line":15,"column":32},"end":{"line":40,"column":3}},"line":15},"2":{"name":"(anonymous_2)","decl":{"start":{"line":42,"column":2},"end":{"line":42,"column":3}},"loc":{"start":{"line":42,"column":32},"end":{"line":72,"column":3}},"line":42},"3":{"name":"(anonymous_3)","decl":{"start":{"line":74,"column":2},"end":{"line":74,"column":3}},"loc":{"start":{"line":74,"column":32},"end":{"line":88,"column":3}},"line":74}},"branchMap":{"0":{"loc":{"start":{"line":24,"column":6},"end":{"line":26,"column":7}},"type":"if","locations":[{"start":{"line":24,"column":6},"end":{"line":26,"column":7}},{"start":{},"end":{}}],"line":24},"1":{"loc":{"start":{"line":52,"column":6},"end":{"line":54,"column":7}},"type":"if","locations":[{"start":{"line":52,"column":6},"end":{"line":54,"column":7}},{"start":{},"end":{}}],"line":52},"2":{"loc":{"start":{"line":63,"column":6},"end":{"line":65,"column":7}},"type":"if","locations":[{"start":{"line":63,"column":6},"end":{"line":65,"column":7}},{"start":{},"end":{}}],"line":63},"3":{"loc":{"start":{"line":78,"column":6},"end":{"line":80,"column":7}},"type":"if","locations":[{"start":{"line":78,"column":6},"end":{"line":80,"column":7}},{"start":{},"end":{}}],"line":78}},"s":{"0":2,"1":2,"2":2,"3":0,"4":0,"5":2,"6":2,"7":2,"8":1,"9":1,"10":1,"11":0,"12":0,"13":3,"14":3,"15":3,"16":3,"17":0,"18":3,"19":3,"20":2,"21":1,"22":0,"23":0,"24":2,"25":2,"26":2,"27":2,"28":1,"29":1,"30":1,"31":0,"32":0},"f":{"0":2,"1":2,"2":3,"3":2},"b":{"0":[1,1],"1":[0,3],"2":[2,1],"3":[1,1]},"_coverageSchema":"1a1c01bbd47fc00a2c39e90264f33305004495a9","hash":"bf975288bfa9d89cb0e3262ec78504cde8507f7a"}
,"C:\\Users\\Dilian\\Documents\\proyectos\\construccion\\matfi_cs_acomp_2026\\matfi_backend\\src\\controllers\\estadisticasController.js": {"path":"C:\\Users\\Dilian\\Documents\\proyectos\\construccion\\matfi_cs_acomp_2026\\matfi_backend\\src\\controllers\\estadisticasController.js","statementMap":{"0":{"start":{"line":7,"column":4},"end":{"line":13,"column":5}},"1":{"start":{"line":8,"column":24},"end":{"line":8,"column":85}},"2":{"start":{"line":9,"column":6},"end":{"line":9,"column":26}},"3":{"start":{"line":11,"column":6},"end":{"line":11,"column":58}},"4":{"start":{"line":12,"column":6},"end":{"line":12,"column":68}},"5":{"start":{"line":18,"column":4},"end":{"line":46,"column":5}},"6":{"start":{"line":19,"column":40},"end":{"line":19,"column":49}},"7":{"start":{"line":21,"column":6},"end":{"line":25,"column":7}},"8":{"start":{"line":22,"column":8},"end":{"line":24,"column":86}},"9":{"start":{"line":27,"column":6},"end":{"line":31,"column":7}},"10":{"start":{"line":28,"column":8},"end":{"line":30,"column":83}},"11":{"start":{"line":33,"column":6},"end":{"line":35,"column":7}},"12":{"start":{"line":34,"column":8},"end":{"line":34,"column":100}},"13":{"start":{"line":37,"column":24},"end":{"line":41,"column":7}},"14":{"start":{"line":42,"column":6},"end":{"line":42,"column":26}},"15":{"start":{"line":44,"column":6},"end":{"line":44,"column":78}},"16":{"start":{"line":45,"column":6},"end":{"line":45,"column":68}},"17":{"start":{"line":51,"column":4},"end":{"line":101,"column":5}},"18":{"start":{"line":52,"column":40},"end":{"line":52,"column":49}},"19":{"start":{"line":56,"column":6},"end":{"line":74,"column":7}},"20":{"start":{"line":57,"column":8},"end":{"line":59,"column":9}},"21":{"start":{"line":58,"column":10},"end":{"line":58,"column":90}},"22":{"start":{"line":61,"column":8},"end":{"line":65,"column":9}},"23":{"start":{"line":62,"column":10},"end":{"line":64,"column":82}},"24":{"start":{"line":67,"column":8},"end":{"line":71,"column":10}},"25":{"start":{"line":73,"column":8},"end":{"line":73,"column":88}},"26":{"start":{"line":76,"column":6},"end":{"line":78,"column":7}},"27":{"start":{"line":77,"column":8},"end":{"line":77,"column":75}},"28":{"start":{"line":81,"column":21},"end":{"line":95,"column":7}},"29":{"start":{"line":97,"column":6},"end":{"line":97,"column":23}},"30":{"start":{"line":99,"column":6},"end":{"line":99,"column":61}},"31":{"start":{"line":100,"column":6},"end":{"line":100,"column":68}},"32":{"start":{"line":106,"column":4},"end":{"line":133,"column":5}},"33":{"start":{"line":107,"column":64},"end":{"line":107,"column":72}},"34":{"start":{"line":109,"column":6},"end":{"line":111,"column":7}},"35":{"start":{"line":110,"column":8},"end":{"line":110,"column":100}},"36":{"start":{"line":113,"column":6},"end":{"line":117,"column":7}},"37":{"start":{"line":114,"column":8},"end":{"line":116,"column":99}},"38":{"start":{"line":119,"column":29},"end":{"line":124,"column":8}},"39":{"start":{"line":126,"column":6},"end":{"line":129,"column":9}},"40":{"start":{"line":131,"column":6},"end":{"line":131,"column":56}},"41":{"start":{"line":132,"column":6},"end":{"line":132,"column":68}}},"fnMap":{"0":{"name":"(anonymous_0)","decl":{"start":{"line":6,"column":2},"end":{"line":6,"column":3}},"loc":{"start":{"line":6,"column":38},"end":{"line":14,"column":3}},"line":6},"1":{"name":"(anonymous_1)","decl":{"start":{"line":17,"column":2},"end":{"line":17,"column":3}},"loc":{"start":{"line":17,"column":49},"end":{"line":47,"column":3}},"line":17},"2":{"name":"(anonymous_2)","decl":{"start":{"line":50,"column":2},"end":{"line":50,"column":3}},"loc":{"start":{"line":50,"column":41},"end":{"line":102,"column":3}},"line":50},"3":{"name":"(anonymous_3)","decl":{"start":{"line":105,"column":2},"end":{"line":105,"column":3}},"loc":{"start":{"line":105,"column":41},"end":{"line":134,"column":3}},"line":105}},"branchMap":{"0":{"loc":{"start":{"line":21,"column":6},"end":{"line":25,"column":7}},"type":"if","locations":[{"start":{"line":21,"column":6},"end":{"line":25,"column":7}},{"start":{},"end":{}}],"line":21},"1":{"loc":{"start":{"line":21,"column":10},"end":{"line":21,"column":67}},"type":"binary-expr","locations":[{"start":{"line":21,"column":10},"end":{"line":21,"column":22}},{"start":{"line":21,"column":26},"end":{"line":21,"column":67}}],"line":21},"2":{"loc":{"start":{"line":27,"column":6},"end":{"line":31,"column":7}},"type":"if","locations":[{"start":{"line":27,"column":6},"end":{"line":31,"column":7}},{"start":{},"end":{}}],"line":27},"3":{"loc":{"start":{"line":27,"column":10},"end":{"line":27,"column":61}},"type":"binary-expr","locations":[{"start":{"line":27,"column":10},"end":{"line":27,"column":19}},{"start":{"line":27,"column":23},"end":{"line":27,"column":61}}],"line":27},"4":{"loc":{"start":{"line":33,"column":6},"end":{"line":35,"column":7}},"type":"if","locations":[{"start":{"line":33,"column":6},"end":{"line":35,"column":7}},{"start":{},"end":{}}],"line":33},"5":{"loc":{"start":{"line":56,"column":6},"end":{"line":74,"column":7}},"type":"if","locations":[{"start":{"line":56,"column":6},"end":{"line":74,"column":7}},{"start":{"line":72,"column":13},"end":{"line":74,"column":7}}],"line":56},"6":{"loc":{"start":{"line":56,"column":10},"end":{"line":56,"column":33}},"type":"binary-expr","locations":[{"start":{"line":56,"column":10},"end":{"line":56,"column":21}},{"start":{"line":56,"column":25},"end":{"line":56,"column":33}}],"line":56},"7":{"loc":{"start":{"line":57,"column":8},"end":{"line":59,"column":9}},"type":"if","locations":[{"start":{"line":57,"column":8},"end":{"line":59,"column":9}},{"start":{},"end":{}}],"line":57},"8":{"loc":{"start":{"line":57,"column":12},"end":{"line":57,"column":95}},"type":"binary-expr","locations":[{"start":{"line":57,"column":12},"end":{"line":57,"column":53}},{"start":{"line":57,"column":57},"end":{"line":57,"column":95}}],"line":57},"9":{"loc":{"start":{"line":61,"column":8},"end":{"line":65,"column":9}},"type":"if","locations":[{"start":{"line":61,"column":8},"end":{"line":65,"column":9}},{"start":{},"end":{}}],"line":61},"10":{"loc":{"start":{"line":76,"column":6},"end":{"line":78,"column":7}},"type":"if","locations":[{"start":{"line":76,"column":6},"end":{"line":78,"column":7}},{"start":{},"end":{}}],"line":76},"11":{"loc":{"start":{"line":82,"column":33},"end":{"line":82,"column":86}},"type":"binary-expr","locations":[{"start":{"line":82,"column":33},"end":{"line":82,"column":81}},{"start":{"line":82,"column":85},"end":{"line":82,"column":86}}],"line":82},"12":{"loc":{"start":{"line":83,"column":31},"end":{"line":83,"column":84}},"type":"binary-expr","locations":[{"start":{"line":83,"column":31},"end":{"line":83,"column":79}},{"start":{"line":83,"column":83},"end":{"line":83,"column":84}}],"line":83},"13":{"loc":{"start":{"line":84,"column":30},"end":{"line":84,"column":82}},"type":"binary-expr","locations":[{"start":{"line":84,"column":30},"end":{"line":84,"column":77}},{"start":{"line":84,"column":81},"end":{"line":84,"column":82}}],"line":84},"14":{"loc":{"start":{"line":85,"column":34},"end":{"line":85,"column":90}},"type":"binary-expr","locations":[{"start":{"line":85,"column":34},"end":{"line":85,"column":85}},{"start":{"line":85,"column":89},"end":{"line":85,"column":90}}],"line":85},"15":{"loc":{"start":{"line":86,"column":33},"end":{"line":86,"column":88}},"type":"binary-expr","locations":[{"start":{"line":86,"column":33},"end":{"line":86,"column":83}},{"start":{"line":86,"column":87},"end":{"line":86,"column":88}}],"line":86},"16":{"loc":{"start":{"line":87,"column":31},"end":{"line":87,"column":82}},"type":"binary-expr","locations":[{"start":{"line":87,"column":31},"end":{"line":87,"column":77}},{"start":{"line":87,"column":81},"end":{"line":87,"column":82}}],"line":87},"17":{"loc":{"start":{"line":88,"column":33},"end":{"line":88,"column":88}},"type":"binary-expr","locations":[{"start":{"line":88,"column":33},"end":{"line":88,"column":83}},{"start":{"line":88,"column":87},"end":{"line":88,"column":88}}],"line":88},"18":{"loc":{"start":{"line":89,"column":36},"end":{"line":89,"column":94}},"type":"binary-expr","locations":[{"start":{"line":89,"column":36},"end":{"line":89,"column":89}},{"start":{"line":89,"column":93},"end":{"line":89,"column":94}}],"line":89},"19":{"loc":{"start":{"line":90,"column":32},"end":{"line":90,"column":84}},"type":"binary-expr","locations":[{"start":{"line":90,"column":32},"end":{"line":90,"column":79}},{"start":{"line":90,"column":83},"end":{"line":90,"column":84}}],"line":90},"20":{"loc":{"start":{"line":91,"column":32},"end":{"line":91,"column":84}},"type":"binary-expr","locations":[{"start":{"line":91,"column":32},"end":{"line":91,"column":79}},{"start":{"line":91,"column":83},"end":{"line":91,"column":84}}],"line":91},"21":{"loc":{"start":{"line":93,"column":11},"end":{"line":93,"column":64}},"type":"binary-expr","locations":[{"start":{"line":93,"column":11},"end":{"line":93,"column":59}},{"start":{"line":93,"column":63},"end":{"line":93,"column":64}}],"line":93},"22":{"loc":{"start":{"line":94,"column":11},"end":{"line":94,"column":66}},"type":"binary-expr","locations":[{"start":{"line":94,"column":11},"end":{"line":94,"column":61}},{"start":{"line":94,"column":65},"end":{"line":94,"column":66}}],"line":94},"23":{"loc":{"start":{"line":109,"column":6},"end":{"line":111,"column":7}},"type":"if","locations":[{"start":{"line":109,"column":6},"end":{"line":111,"column":7}},{"start":{},"end":{}}],"line":109},"24":{"loc":{"start":{"line":109,"column":10},"end":{"line":109,"column":55}},"type":"binary-expr","locations":[{"start":{"line":109,"column":10},"end":{"line":109,"column":16}},{"start":{"line":109,"column":20},"end":{"line":109,"column":55}}],"line":109},"25":{"loc":{"start":{"line":113,"column":6},"end":{"line":117,"column":7}},"type":"if","locations":[{"start":{"line":113,"column":6},"end":{"line":117,"column":7}},{"start":{},"end":{}}],"line":113},"26":{"loc":{"start":{"line":113,"column":10},"end":{"line":113,"column":52}},"type":"binary-expr","locations":[{"start":{"line":113,"column":10},"end":{"line":113,"column":30}},{"start":{"line":113,"column":34},"end":{"line":113,"column":52}}],"line":113}},"s":{"0":1,"1":1,"2":1,"3":0,"4":0,"5":4,"6":4,"7":4,"8":2,"9":2,"10":0,"11":2,"12":1,"13":1,"14":1,"15":0,"16":0,"17":3,"18":3,"19":3,"20":2,"21":1,"22":1,"23":0,"24":1,"25":1,"26":2,"27":0,"28":2,"29":2,"30":0,"31":0,"32":3,"33":3,"34":3,"35":1,"36":2,"37":1,"38":1,"39":1,"40":0,"41":0},"f":{"0":1,"1":4,"2":3,"3":3},"b":{"0":[2,2],"1":[4,3],"2":[0,2],"3":[2,2],"4":[1,1],"5":[2,1],"6":[3,2],"7":[1,1],"8":[2,1],"9":[0,1],"10":[0,2],"11":[2,0],"12":[2,0],"13":[2,0],"14":[2,0],"15":[2,0],"16":[2,0],"17":[2,0],"18":[2,0],"19":[2,2],"20":[2,2],"21":[2,0],"22":[2,0],"23":[1,2],"24":[3,2],"25":[1,1],"26":[2,1]},"_coverageSchema":"1a1c01bbd47fc00a2c39e90264f33305004495a9","hash":"595c0c8c60218b2be74ff63b4a1e36b0be72ec12"}
,"C:\\Users\\Dilian\\Documents\\proyectos\\construccion\\matfi_cs_acomp_2026\\matfi_backend\\src\\controllers\\ingredienteController.js": {"path":"C:\\Users\\Dilian\\Documents\\proyectos\\construccion\\matfi_cs_acomp_2026\\matfi_backend\\src\\controllers\\ingredienteController.js","statementMap":{"0":{"start":{"line":6,"column":4},"end":{"line":12,"column":5}},"1":{"start":{"line":7,"column":27},"end":{"line":7,"column":59}},"2":{"start":{"line":8,"column":6},"end":{"line":8,"column":29}},"3":{"start":{"line":10,"column":6},"end":{"line":10,"column":61}},"4":{"start":{"line":11,"column":6},"end":{"line":11,"column":68}},"5":{"start":{"line":16,"column":4},"end":{"line":27,"column":5}},"6":{"start":{"line":17,"column":44},"end":{"line":17,"column":52}},"7":{"start":{"line":18,"column":6},"end":{"line":20,"column":7}},"8":{"start":{"line":19,"column":8},"end":{"line":19,"column":85}},"9":{"start":{"line":22,"column":31},"end":{"line":22,"column":91}},"10":{"start":{"line":23,"column":6},"end":{"line":23,"column":45}},"11":{"start":{"line":25,"column":6},"end":{"line":25,"column":58}},"12":{"start":{"line":26,"column":6},"end":{"line":26,"column":68}},"13":{"start":{"line":31,"column":4},"end":{"line":51,"column":5}},"14":{"start":{"line":32,"column":21},"end":{"line":32,"column":31}},"15":{"start":{"line":33,"column":44},"end":{"line":33,"column":52}},"16":{"start":{"line":35,"column":6},"end":{"line":37,"column":7}},"17":{"start":{"line":36,"column":8},"end":{"line":36,"column":85}},"18":{"start":{"line":39,"column":37},"end":{"line":42,"column":8}},"19":{"start":{"line":43,"column":6},"end":{"line":45,"column":7}},"20":{"start":{"line":44,"column":8},"end":{"line":44,"column":76}},"21":{"start":{"line":47,"column":6},"end":{"line":47,"column":39}},"22":{"start":{"line":49,"column":6},"end":{"line":49,"column":63}},"23":{"start":{"line":50,"column":6},"end":{"line":50,"column":68}},"24":{"start":{"line":55,"column":4},"end":{"line":67,"column":5}},"25":{"start":{"line":56,"column":21},"end":{"line":56,"column":31}},"26":{"start":{"line":57,"column":26},"end":{"line":57,"column":61}},"27":{"start":{"line":58,"column":6},"end":{"line":60,"column":7}},"28":{"start":{"line":59,"column":8},"end":{"line":59,"column":76}},"29":{"start":{"line":62,"column":6},"end":{"line":62,"column":40}},"30":{"start":{"line":63,"column":6},"end":{"line":63,"column":67}},"31":{"start":{"line":65,"column":6},"end":{"line":65,"column":61}},"32":{"start":{"line":66,"column":6},"end":{"line":66,"column":68}}},"fnMap":{"0":{"name":"(anonymous_0)","decl":{"start":{"line":5,"column":2},"end":{"line":5,"column":3}},"loc":{"start":{"line":5,"column":32},"end":{"line":13,"column":3}},"line":5},"1":{"name":"(anonymous_1)","decl":{"start":{"line":15,"column":2},"end":{"line":15,"column":3}},"loc":{"start":{"line":15,"column":32},"end":{"line":28,"column":3}},"line":15},"2":{"name":"(anonymous_2)","decl":{"start":{"line":30,"column":2},"end":{"line":30,"column":3}},"loc":{"start":{"line":30,"column":32},"end":{"line":52,"column":3}},"line":30},"3":{"name":"(anonymous_3)","decl":{"start":{"line":54,"column":2},"end":{"line":54,"column":3}},"loc":{"start":{"line":54,"column":32},"end":{"line":68,"column":3}},"line":54}},"branchMap":{"0":{"loc":{"start":{"line":18,"column":6},"end":{"line":20,"column":7}},"type":"if","locations":[{"start":{"line":18,"column":6},"end":{"line":20,"column":7}},{"start":{},"end":{}}],"line":18},"1":{"loc":{"start":{"line":35,"column":6},"end":{"line":37,"column":7}},"type":"if","locations":[{"start":{"line":35,"column":6},"end":{"line":37,"column":7}},{"start":{},"end":{}}],"line":35},"2":{"loc":{"start":{"line":43,"column":6},"end":{"line":45,"column":7}},"type":"if","locations":[{"start":{"line":43,"column":6},"end":{"line":45,"column":7}},{"start":{},"end":{}}],"line":43},"3":{"loc":{"start":{"line":58,"column":6},"end":{"line":60,"column":7}},"type":"if","locations":[{"start":{"line":58,"column":6},"end":{"line":60,"column":7}},{"start":{},"end":{}}],"line":58}},"s":{"0":2,"1":2,"2":2,"3":0,"4":0,"5":2,"6":2,"7":2,"8":1,"9":1,"10":1,"11":0,"12":0,"13":3,"14":3,"15":3,"16":3,"17":0,"18":3,"19":3,"20":2,"21":1,"22":0,"23":0,"24":2,"25":2,"26":2,"27":2,"28":1,"29":1,"30":1,"31":0,"32":0},"f":{"0":2,"1":2,"2":3,"3":2},"b":{"0":[1,1],"1":[0,3],"2":[2,1],"3":[1,1]},"_coverageSchema":"1a1c01bbd47fc00a2c39e90264f33305004495a9","hash":"a634bc61c435b09f3026e2cd8ff491f5c228d9c4"}
,"C:\\Users\\Dilian\\Documents\\proyectos\\construccion\\matfi_cs_acomp_2026\\matfi_backend\\src\\controllers\\metaFisicaController.js": {"path":"C:\\Users\\Dilian\\Documents\\proyectos\\construccion\\matfi_cs_acomp_2026\\matfi_backend\\src\\controllers\\metaFisicaController.js","statementMap":{"0":{"start":{"line":7,"column":4},"end":{"line":13,"column":5}},"1":{"start":{"line":8,"column":20},"end":{"line":8,"column":74}},"2":{"start":{"line":9,"column":6},"end":{"line":9,"column":22}},"3":{"start":{"line":11,"column":6},"end":{"line":11,"column":62}},"4":{"start":{"line":12,"column":6},"end":{"line":12,"column":68}},"5":{"start":{"line":18,"column":4},"end":{"line":65,"column":5}},"6":{"start":{"line":19,"column":76},"end":{"line":19,"column":84}},"7":{"start":{"line":22,"column":27},"end":{"line":22,"column":67}},"8":{"start":{"line":23,"column":6},"end":{"line":27,"column":7}},"9":{"start":{"line":24,"column":8},"end":{"line":26,"column":87}},"10":{"start":{"line":29,"column":6},"end":{"line":31,"column":7}},"11":{"start":{"line":30,"column":8},"end":{"line":30,"column":96}},"12":{"start":{"line":33,"column":6},"end":{"line":37,"column":7}},"13":{"start":{"line":34,"column":8},"end":{"line":36,"column":87}},"14":{"start":{"line":39,"column":6},"end":{"line":43,"column":7}},"15":{"start":{"line":40,"column":8},"end":{"line":42,"column":84}},"16":{"start":{"line":46,"column":6},"end":{"line":48,"column":7}},"17":{"start":{"line":47,"column":8},"end":{"line":47,"column":94}},"18":{"start":{"line":50,"column":24},"end":{"line":56,"column":8}},"19":{"start":{"line":58,"column":6},"end":{"line":61,"column":9}},"20":{"start":{"line":63,"column":6},"end":{"line":63,"column":58}},"21":{"start":{"line":64,"column":6},"end":{"line":64,"column":68}},"22":{"start":{"line":70,"column":4},"end":{"line":127,"column":5}},"23":{"start":{"line":71,"column":21},"end":{"line":71,"column":31}},"24":{"start":{"line":72,"column":76},"end":{"line":72,"column":84}},"25":{"start":{"line":75,"column":19},"end":{"line":75,"column":53}},"26":{"start":{"line":76,"column":6},"end":{"line":78,"column":7}},"27":{"start":{"line":77,"column":8},"end":{"line":77,"column":76}},"28":{"start":{"line":80,"column":6},"end":{"line":82,"column":7}},"29":{"start":{"line":81,"column":8},"end":{"line":81,"column":94}},"30":{"start":{"line":85,"column":6},"end":{"line":92,"column":7}},"31":{"start":{"line":86,"column":29},"end":{"line":86,"column":69}},"32":{"start":{"line":87,"column":8},"end":{"line":91,"column":9}},"33":{"start":{"line":88,"column":10},"end":{"line":90,"column":89}},"34":{"start":{"line":94,"column":6},"end":{"line":96,"column":7}},"35":{"start":{"line":95,"column":8},"end":{"line":95,"column":96}},"36":{"start":{"line":98,"column":6},"end":{"line":100,"column":7}},"37":{"start":{"line":99,"column":8},"end":{"line":99,"column":92}},"38":{"start":{"line":102,"column":6},"end":{"line":104,"column":7}},"39":{"start":{"line":103,"column":8},"end":{"line":103,"column":89}},"40":{"start":{"line":107,"column":6},"end":{"line":111,"column":7}},"41":{"start":{"line":108,"column":8},"end":{"line":110,"column":9}},"42":{"start":{"line":109,"column":10},"end":{"line":109,"column":96}},"43":{"start":{"line":113,"column":30},"end":{"line":118,"column":8}},"44":{"start":{"line":120,"column":6},"end":{"line":123,"column":9}},"45":{"start":{"line":125,"column":6},"end":{"line":125,"column":63}},"46":{"start":{"line":126,"column":6},"end":{"line":126,"column":68}},"47":{"start":{"line":132,"column":4},"end":{"line":151,"column":5}},"48":{"start":{"line":133,"column":21},"end":{"line":133,"column":31}},"49":{"start":{"line":136,"column":19},"end":{"line":136,"column":53}},"50":{"start":{"line":137,"column":6},"end":{"line":139,"column":7}},"51":{"start":{"line":138,"column":8},"end":{"line":138,"column":76}},"52":{"start":{"line":142,"column":6},"end":{"line":144,"column":7}},"53":{"start":{"line":143,"column":8},"end":{"line":143,"column":92}},"54":{"start":{"line":146,"column":6},"end":{"line":146,"column":39}},"55":{"start":{"line":147,"column":6},"end":{"line":147,"column":67}},"56":{"start":{"line":149,"column":6},"end":{"line":149,"column":61}},"57":{"start":{"line":150,"column":6},"end":{"line":150,"column":68}}},"fnMap":{"0":{"name":"(anonymous_0)","decl":{"start":{"line":6,"column":2},"end":{"line":6,"column":3}},"loc":{"start":{"line":6,"column":32},"end":{"line":14,"column":3}},"line":6},"1":{"name":"(anonymous_1)","decl":{"start":{"line":17,"column":2},"end":{"line":17,"column":3}},"loc":{"start":{"line":17,"column":32},"end":{"line":66,"column":3}},"line":17},"2":{"name":"(anonymous_2)","decl":{"start":{"line":69,"column":2},"end":{"line":69,"column":3}},"loc":{"start":{"line":69,"column":32},"end":{"line":128,"column":3}},"line":69},"3":{"name":"(anonymous_3)","decl":{"start":{"line":131,"column":2},"end":{"line":131,"column":3}},"loc":{"start":{"line":131,"column":32},"end":{"line":152,"column":3}},"line":131}},"branchMap":{"0":{"loc":{"start":{"line":23,"column":6},"end":{"line":27,"column":7}},"type":"if","locations":[{"start":{"line":23,"column":6},"end":{"line":27,"column":7}},{"start":{},"end":{}}],"line":23},"1":{"loc":{"start":{"line":23,"column":10},"end":{"line":23,"column":71}},"type":"binary-expr","locations":[{"start":{"line":23,"column":10},"end":{"line":23,"column":27}},{"start":{"line":23,"column":31},"end":{"line":23,"column":71}}],"line":23},"2":{"loc":{"start":{"line":29,"column":6},"end":{"line":31,"column":7}},"type":"if","locations":[{"start":{"line":29,"column":6},"end":{"line":31,"column":7}},{"start":{},"end":{}}],"line":29},"3":{"loc":{"start":{"line":33,"column":6},"end":{"line":37,"column":7}},"type":"if","locations":[{"start":{"line":33,"column":6},"end":{"line":37,"column":7}},{"start":{},"end":{}}],"line":33},"4":{"loc":{"start":{"line":33,"column":10},"end":{"line":33,"column":67}},"type":"binary-expr","locations":[{"start":{"line":33,"column":10},"end":{"line":33,"column":22}},{"start":{"line":33,"column":26},"end":{"line":33,"column":67}}],"line":33},"5":{"loc":{"start":{"line":39,"column":6},"end":{"line":43,"column":7}},"type":"if","locations":[{"start":{"line":39,"column":6},"end":{"line":43,"column":7}},{"start":{},"end":{}}],"line":39},"6":{"loc":{"start":{"line":39,"column":10},"end":{"line":39,"column":61}},"type":"binary-expr","locations":[{"start":{"line":39,"column":10},"end":{"line":39,"column":19}},{"start":{"line":39,"column":23},"end":{"line":39,"column":61}}],"line":39},"7":{"loc":{"start":{"line":46,"column":6},"end":{"line":48,"column":7}},"type":"if","locations":[{"start":{"line":46,"column":6},"end":{"line":48,"column":7}},{"start":{},"end":{}}],"line":46},"8":{"loc":{"start":{"line":76,"column":6},"end":{"line":78,"column":7}},"type":"if","locations":[{"start":{"line":76,"column":6},"end":{"line":78,"column":7}},{"start":{},"end":{}}],"line":76},"9":{"loc":{"start":{"line":80,"column":6},"end":{"line":82,"column":7}},"type":"if","locations":[{"start":{"line":80,"column":6},"end":{"line":82,"column":7}},{"start":{},"end":{}}],"line":80},"10":{"loc":{"start":{"line":85,"column":6},"end":{"line":92,"column":7}},"type":"if","locations":[{"start":{"line":85,"column":6},"end":{"line":92,"column":7}},{"start":{},"end":{}}],"line":85},"11":{"loc":{"start":{"line":87,"column":8},"end":{"line":91,"column":9}},"type":"if","locations":[{"start":{"line":87,"column":8},"end":{"line":91,"column":9}},{"start":{},"end":{}}],"line":87},"12":{"loc":{"start":{"line":94,"column":6},"end":{"line":96,"column":7}},"type":"if","locations":[{"start":{"line":94,"column":6},"end":{"line":96,"column":7}},{"start":{},"end":{}}],"line":94},"13":{"loc":{"start":{"line":94,"column":10},"end":{"line":94,"column":81}},"type":"binary-expr","locations":[{"start":{"line":94,"column":10},"end":{"line":94,"column":26}},{"start":{"line":94,"column":30},"end":{"line":94,"column":81}}],"line":94},"14":{"loc":{"start":{"line":98,"column":6},"end":{"line":100,"column":7}},"type":"if","locations":[{"start":{"line":98,"column":6},"end":{"line":100,"column":7}},{"start":{},"end":{}}],"line":98},"15":{"loc":{"start":{"line":98,"column":10},"end":{"line":98,"column":66}},"type":"binary-expr","locations":[{"start":{"line":98,"column":10},"end":{"line":98,"column":21}},{"start":{"line":98,"column":25},"end":{"line":98,"column":66}}],"line":98},"16":{"loc":{"start":{"line":102,"column":6},"end":{"line":104,"column":7}},"type":"if","locations":[{"start":{"line":102,"column":6},"end":{"line":104,"column":7}},{"start":{},"end":{}}],"line":102},"17":{"loc":{"start":{"line":102,"column":10},"end":{"line":102,"column":60}},"type":"binary-expr","locations":[{"start":{"line":102,"column":10},"end":{"line":102,"column":18}},{"start":{"line":102,"column":22},"end":{"line":102,"column":60}}],"line":102},"18":{"loc":{"start":{"line":107,"column":6},"end":{"line":111,"column":7}},"type":"if","locations":[{"start":{"line":107,"column":6},"end":{"line":111,"column":7}},{"start":{},"end":{}}],"line":107},"19":{"loc":{"start":{"line":107,"column":10},"end":{"line":107,"column":33}},"type":"binary-expr","locations":[{"start":{"line":107,"column":10},"end":{"line":107,"column":21}},{"start":{"line":107,"column":25},"end":{"line":107,"column":33}}],"line":107},"20":{"loc":{"start":{"line":108,"column":8},"end":{"line":110,"column":9}},"type":"if","locations":[{"start":{"line":108,"column":8},"end":{"line":110,"column":9}},{"start":{},"end":{}}],"line":108},"21":{"loc":{"start":{"line":137,"column":6},"end":{"line":139,"column":7}},"type":"if","locations":[{"start":{"line":137,"column":6},"end":{"line":139,"column":7}},{"start":{},"end":{}}],"line":137},"22":{"loc":{"start":{"line":142,"column":6},"end":{"line":144,"column":7}},"type":"if","locations":[{"start":{"line":142,"column":6},"end":{"line":144,"column":7}},{"start":{},"end":{}}],"line":142}},"s":{"0":2,"1":2,"2":2,"3":0,"4":0,"5":5,"6":5,"7":5,"8":5,"9":1,"10":4,"11":1,"12":3,"13":0,"14":3,"15":0,"16":3,"17":1,"18":2,"19":2,"20":0,"21":0,"22":2,"23":2,"24":2,"25":2,"26":2,"27":1,"28":1,"29":0,"30":1,"31":1,"32":1,"33":0,"34":1,"35":0,"36":1,"37":0,"38":1,"39":0,"40":1,"41":0,"42":0,"43":1,"44":1,"45":0,"46":0,"47":3,"48":3,"49":3,"50":3,"51":1,"52":2,"53":1,"54":1,"55":1,"56":0,"57":0},"f":{"0":2,"1":5,"2":2,"3":3},"b":{"0":[1,4],"1":[5,5],"2":[1,3],"3":[0,3],"4":[3,3],"5":[0,3],"6":[3,3],"7":[1,2],"8":[1,1],"9":[0,1],"10":[1,0],"11":[0,1],"12":[0,1],"13":[1,1],"14":[0,1],"15":[1,0],"16":[0,1],"17":[1,0],"18":[0,1],"19":[1,0],"20":[0,0],"21":[1,2],"22":[1,1]},"_coverageSchema":"1a1c01bbd47fc00a2c39e90264f33305004495a9","hash":"17f1a0b7ca8135c0d32611575f712cf222f4b859"}
,"C:\\Users\\Dilian\\Documents\\proyectos\\construccion\\matfi_cs_acomp_2026\\matfi_backend\\src\\controllers\\recetaController.js": {"path":"C:\\Users\\Dilian\\Documents\\proyectos\\construccion\\matfi_cs_acomp_2026\\matfi_backend\\src\\controllers\\recetaController.js","statementMap":{"0":{"start":{"line":6,"column":4},"end":{"line":12,"column":5}},"1":{"start":{"line":7,"column":22},"end":{"line":7,"column":49}},"2":{"start":{"line":8,"column":6},"end":{"line":8,"column":24}},"3":{"start":{"line":10,"column":6},"end":{"line":10,"column":56}},"4":{"start":{"line":11,"column":6},"end":{"line":11,"column":68}},"5":{"start":{"line":16,"column":4},"end":{"line":41,"column":5}},"6":{"start":{"line":24,"column":10},"end":{"line":24,"column":18}},"7":{"start":{"line":25,"column":6},"end":{"line":27,"column":7}},"8":{"start":{"line":26,"column":8},"end":{"line":26,"column":80}},"9":{"start":{"line":29,"column":6},"end":{"line":31,"column":7}},"10":{"start":{"line":30,"column":8},"end":{"line":30,"column":83}},"11":{"start":{"line":33,"column":26},"end":{"line":36,"column":7}},"12":{"start":{"line":37,"column":6},"end":{"line":37,"column":40}},"13":{"start":{"line":39,"column":6},"end":{"line":39,"column":53}},"14":{"start":{"line":40,"column":6},"end":{"line":40,"column":68}},"15":{"start":{"line":45,"column":4},"end":{"line":76,"column":5}},"16":{"start":{"line":46,"column":21},"end":{"line":46,"column":31}},"17":{"start":{"line":54,"column":10},"end":{"line":54,"column":18}},"18":{"start":{"line":55,"column":6},"end":{"line":57,"column":7}},"19":{"start":{"line":56,"column":8},"end":{"line":56,"column":80}},"20":{"start":{"line":59,"column":6},"end":{"line":61,"column":7}},"21":{"start":{"line":60,"column":8},"end":{"line":60,"column":83}},"22":{"start":{"line":63,"column":32},"end":{"line":67,"column":7}},"23":{"start":{"line":68,"column":6},"end":{"line":70,"column":7}},"24":{"start":{"line":69,"column":8},"end":{"line":69,"column":71}},"25":{"start":{"line":72,"column":6},"end":{"line":72,"column":34}},"26":{"start":{"line":74,"column":6},"end":{"line":74,"column":58}},"27":{"start":{"line":75,"column":6},"end":{"line":75,"column":68}},"28":{"start":{"line":80,"column":4},"end":{"line":92,"column":5}},"29":{"start":{"line":81,"column":21},"end":{"line":81,"column":31}},"30":{"start":{"line":82,"column":21},"end":{"line":82,"column":51}},"31":{"start":{"line":83,"column":6},"end":{"line":85,"column":7}},"32":{"start":{"line":84,"column":8},"end":{"line":84,"column":71}},"33":{"start":{"line":87,"column":6},"end":{"line":87,"column":35}},"34":{"start":{"line":88,"column":6},"end":{"line":88,"column":62}},"35":{"start":{"line":90,"column":6},"end":{"line":90,"column":56}},"36":{"start":{"line":91,"column":6},"end":{"line":91,"column":68}}},"fnMap":{"0":{"name":"(anonymous_0)","decl":{"start":{"line":5,"column":2},"end":{"line":5,"column":3}},"loc":{"start":{"line":5,"column":32},"end":{"line":13,"column":3}},"line":5},"1":{"name":"(anonymous_1)","decl":{"start":{"line":15,"column":2},"end":{"line":15,"column":3}},"loc":{"start":{"line":15,"column":32},"end":{"line":42,"column":3}},"line":15},"2":{"name":"(anonymous_2)","decl":{"start":{"line":44,"column":2},"end":{"line":44,"column":3}},"loc":{"start":{"line":44,"column":32},"end":{"line":77,"column":3}},"line":44},"3":{"name":"(anonymous_3)","decl":{"start":{"line":79,"column":2},"end":{"line":79,"column":3}},"loc":{"start":{"line":79,"column":32},"end":{"line":93,"column":3}},"line":79}},"branchMap":{"0":{"loc":{"start":{"line":25,"column":6},"end":{"line":27,"column":7}},"type":"if","locations":[{"start":{"line":25,"column":6},"end":{"line":27,"column":7}},{"start":{},"end":{}}],"line":25},"1":{"loc":{"start":{"line":29,"column":6},"end":{"line":31,"column":7}},"type":"if","locations":[{"start":{"line":29,"column":6},"end":{"line":31,"column":7}},{"start":{},"end":{}}],"line":29},"2":{"loc":{"start":{"line":29,"column":10},"end":{"line":29,"column":54}},"type":"binary-expr","locations":[{"start":{"line":29,"column":10},"end":{"line":29,"column":22}},{"start":{"line":29,"column":26},"end":{"line":29,"column":54}}],"line":29},"3":{"loc":{"start":{"line":55,"column":6},"end":{"line":57,"column":7}},"type":"if","locations":[{"start":{"line":55,"column":6},"end":{"line":57,"column":7}},{"start":{},"end":{}}],"line":55},"4":{"loc":{"start":{"line":59,"column":6},"end":{"line":61,"column":7}},"type":"if","locations":[{"start":{"line":59,"column":6},"end":{"line":61,"column":7}},{"start":{},"end":{}}],"line":59},"5":{"loc":{"start":{"line":59,"column":10},"end":{"line":59,"column":54}},"type":"binary-expr","locations":[{"start":{"line":59,"column":10},"end":{"line":59,"column":22}},{"start":{"line":59,"column":26},"end":{"line":59,"column":54}}],"line":59},"6":{"loc":{"start":{"line":68,"column":6},"end":{"line":70,"column":7}},"type":"if","locations":[{"start":{"line":68,"column":6},"end":{"line":70,"column":7}},{"start":{},"end":{}}],"line":68},"7":{"loc":{"start":{"line":83,"column":6},"end":{"line":85,"column":7}},"type":"if","locations":[{"start":{"line":83,"column":6},"end":{"line":85,"column":7}},{"start":{},"end":{}}],"line":83}},"s":{"0":2,"1":2,"2":2,"3":0,"4":0,"5":5,"6":5,"7":5,"8":1,"9":4,"10":1,"11":3,"12":3,"13":0,"14":0,"15":3,"16":3,"17":3,"18":3,"19":0,"20":3,"21":0,"22":3,"23":3,"24":2,"25":1,"26":0,"27":0,"28":2,"29":2,"30":2,"31":2,"32":1,"33":1,"34":1,"35":0,"36":0},"f":{"0":2,"1":5,"2":3,"3":2},"b":{"0":[1,4],"1":[1,3],"2":[4,2],"3":[0,3],"4":[0,3],"5":[3,0],"6":[2,1],"7":[1,1]},"_coverageSchema":"1a1c01bbd47fc00a2c39e90264f33305004495a9","hash":"450c70783fe6d9574fe2fef7a29294ef22c20768"}
,"C:\\Users\\Dilian\\Documents\\proyectos\\construccion\\matfi_cs_acomp_2026\\matfi_backend\\src\\controllers\\registroActividadFisicaController.js": {"path":"C:\\Users\\Dilian\\Documents\\proyectos\\construccion\\matfi_cs_acomp_2026\\matfi_backend\\src\\controllers\\registroActividadFisicaController.js","statementMap":{"0":{"start":{"line":7,"column":4},"end":{"line":13,"column":5}},"1":{"start":{"line":8,"column":24},"end":{"line":8,"column":91}},"2":{"start":{"line":9,"column":6},"end":{"line":9,"column":26}},"3":{"start":{"line":11,"column":6},"end":{"line":11,"column":71}},"4":{"start":{"line":12,"column":6},"end":{"line":12,"column":68}},"5":{"start":{"line":18,"column":4},"end":{"line":33,"column":5}},"6":{"start":{"line":19,"column":24},"end":{"line":19,"column":33}},"7":{"start":{"line":21,"column":6},"end":{"line":23,"column":7}},"8":{"start":{"line":22,"column":8},"end":{"line":22,"column":100}},"9":{"start":{"line":25,"column":24},"end":{"line":28,"column":7}},"10":{"start":{"line":29,"column":6},"end":{"line":29,"column":26}},"11":{"start":{"line":31,"column":6},"end":{"line":31,"column":68}},"12":{"start":{"line":32,"column":6},"end":{"line":32,"column":68}},"13":{"start":{"line":38,"column":4},"end":{"line":74,"column":5}},"14":{"start":{"line":39,"column":78},"end":{"line":39,"column":86}},"15":{"start":{"line":42,"column":6},"end":{"line":44,"column":7}},"16":{"start":{"line":43,"column":8},"end":{"line":43,"column":100}},"17":{"start":{"line":46,"column":6},"end":{"line":48,"column":7}},"18":{"start":{"line":47,"column":8},"end":{"line":47,"column":96}},"19":{"start":{"line":50,"column":6},"end":{"line":52,"column":7}},"20":{"start":{"line":51,"column":8},"end":{"line":51,"column":95}},"21":{"start":{"line":54,"column":29},"end":{"line":54,"column":54}},"22":{"start":{"line":55,"column":6},"end":{"line":57,"column":7}},"23":{"start":{"line":56,"column":8},"end":{"line":56,"column":99}},"24":{"start":{"line":59,"column":28},"end":{"line":65,"column":8}},"25":{"start":{"line":67,"column":6},"end":{"line":70,"column":9}},"26":{"start":{"line":72,"column":6},"end":{"line":72,"column":68}},"27":{"start":{"line":73,"column":6},"end":{"line":73,"column":68}},"28":{"start":{"line":79,"column":4},"end":{"line":121,"column":5}},"29":{"start":{"line":80,"column":21},"end":{"line":80,"column":31}},"30":{"start":{"line":81,"column":71},"end":{"line":81,"column":79}},"31":{"start":{"line":84,"column":23},"end":{"line":84,"column":70}},"32":{"start":{"line":85,"column":6},"end":{"line":87,"column":7}},"33":{"start":{"line":86,"column":8},"end":{"line":86,"column":86}},"34":{"start":{"line":90,"column":6},"end":{"line":92,"column":7}},"35":{"start":{"line":91,"column":8},"end":{"line":91,"column":98}},"36":{"start":{"line":95,"column":6},"end":{"line":97,"column":7}},"37":{"start":{"line":96,"column":8},"end":{"line":96,"column":96}},"38":{"start":{"line":99,"column":6},"end":{"line":101,"column":7}},"39":{"start":{"line":100,"column":8},"end":{"line":100,"column":95}},"40":{"start":{"line":103,"column":29},"end":{"line":103,"column":54}},"41":{"start":{"line":104,"column":6},"end":{"line":106,"column":7}},"42":{"start":{"line":105,"column":8},"end":{"line":105,"column":99}},"43":{"start":{"line":108,"column":34},"end":{"line":112,"column":8}},"44":{"start":{"line":114,"column":6},"end":{"line":117,"column":9}},"45":{"start":{"line":119,"column":6},"end":{"line":119,"column":73}},"46":{"start":{"line":120,"column":6},"end":{"line":120,"column":68}},"47":{"start":{"line":126,"column":4},"end":{"line":145,"column":5}},"48":{"start":{"line":127,"column":21},"end":{"line":127,"column":31}},"49":{"start":{"line":130,"column":23},"end":{"line":130,"column":70}},"50":{"start":{"line":131,"column":6},"end":{"line":133,"column":7}},"51":{"start":{"line":132,"column":8},"end":{"line":132,"column":86}},"52":{"start":{"line":136,"column":6},"end":{"line":138,"column":7}},"53":{"start":{"line":137,"column":8},"end":{"line":137,"column":96}},"54":{"start":{"line":140,"column":6},"end":{"line":140,"column":52}},"55":{"start":{"line":141,"column":6},"end":{"line":141,"column":77}},"56":{"start":{"line":143,"column":6},"end":{"line":143,"column":71}},"57":{"start":{"line":144,"column":6},"end":{"line":144,"column":68}},"58":{"start":{"line":150,"column":4},"end":{"line":178,"column":5}},"59":{"start":{"line":151,"column":21},"end":{"line":151,"column":31}},"60":{"start":{"line":152,"column":27},"end":{"line":152,"column":35}},"61":{"start":{"line":154,"column":6},"end":{"line":156,"column":7}},"62":{"start":{"line":155,"column":8},"end":{"line":155,"column":72}},"63":{"start":{"line":159,"column":23},"end":{"line":159,"column":70}},"64":{"start":{"line":160,"column":6},"end":{"line":162,"column":7}},"65":{"start":{"line":161,"column":8},"end":{"line":161,"column":86}},"66":{"start":{"line":165,"column":6},"end":{"line":167,"column":7}},"67":{"start":{"line":166,"column":8},"end":{"line":166,"column":97}},"68":{"start":{"line":169,"column":21},"end":{"line":169,"column":79}},"69":{"start":{"line":171,"column":6},"end":{"line":174,"column":9}},"70":{"start":{"line":176,"column":6},"end":{"line":176,"column":55}},"71":{"start":{"line":177,"column":6},"end":{"line":177,"column":68}},"72":{"start":{"line":183,"column":4},"end":{"line":203,"column":5}},"73":{"start":{"line":184,"column":31},"end":{"line":184,"column":41}},"74":{"start":{"line":187,"column":23},"end":{"line":187,"column":70}},"75":{"start":{"line":188,"column":6},"end":{"line":190,"column":7}},"76":{"start":{"line":189,"column":8},"end":{"line":189,"column":86}},"77":{"start":{"line":193,"column":6},"end":{"line":195,"column":7}},"78":{"start":{"line":194,"column":8},"end":{"line":194,"column":97}},"79":{"start":{"line":197,"column":6},"end":{"line":197,"column":68}},"80":{"start":{"line":199,"column":6},"end":{"line":199,"column":75}},"81":{"start":{"line":201,"column":6},"end":{"line":201,"column":56}},"82":{"start":{"line":202,"column":6},"end":{"line":202,"column":68}}},"fnMap":{"0":{"name":"(anonymous_0)","decl":{"start":{"line":6,"column":2},"end":{"line":6,"column":3}},"loc":{"start":{"line":6,"column":32},"end":{"line":14,"column":3}},"line":6},"1":{"name":"(anonymous_1)","decl":{"start":{"line":17,"column":2},"end":{"line":17,"column":3}},"loc":{"start":{"line":17,"column":35},"end":{"line":34,"column":3}},"line":17},"2":{"name":"(anonymous_2)","decl":{"start":{"line":37,"column":2},"end":{"line":37,"column":3}},"loc":{"start":{"line":37,"column":32},"end":{"line":75,"column":3}},"line":37},"3":{"name":"(anonymous_3)","decl":{"start":{"line":78,"column":2},"end":{"line":78,"column":3}},"loc":{"start":{"line":78,"column":32},"end":{"line":122,"column":3}},"line":78},"4":{"name":"(anonymous_4)","decl":{"start":{"line":125,"column":2},"end":{"line":125,"column":3}},"loc":{"start":{"line":125,"column":32},"end":{"line":146,"column":3}},"line":125},"5":{"name":"(anonymous_5)","decl":{"start":{"line":149,"column":2},"end":{"line":149,"column":3}},"loc":{"start":{"line":149,"column":35},"end":{"line":179,"column":3}},"line":149},"6":{"name":"(anonymous_6)","decl":{"start":{"line":182,"column":2},"end":{"line":182,"column":3}},"loc":{"start":{"line":182,"column":38},"end":{"line":204,"column":3}},"line":182}},"branchMap":{"0":{"loc":{"start":{"line":21,"column":6},"end":{"line":23,"column":7}},"type":"if","locations":[{"start":{"line":21,"column":6},"end":{"line":23,"column":7}},{"start":{},"end":{}}],"line":21},"1":{"loc":{"start":{"line":21,"column":10},"end":{"line":21,"column":55}},"type":"binary-expr","locations":[{"start":{"line":21,"column":10},"end":{"line":21,"column":16}},{"start":{"line":21,"column":20},"end":{"line":21,"column":55}}],"line":21},"2":{"loc":{"start":{"line":42,"column":6},"end":{"line":44,"column":7}},"type":"if","locations":[{"start":{"line":42,"column":6},"end":{"line":44,"column":7}},{"start":{},"end":{}}],"line":42},"3":{"loc":{"start":{"line":42,"column":10},"end":{"line":42,"column":55}},"type":"binary-expr","locations":[{"start":{"line":42,"column":10},"end":{"line":42,"column":16}},{"start":{"line":42,"column":20},"end":{"line":42,"column":55}}],"line":42},"4":{"loc":{"start":{"line":46,"column":6},"end":{"line":48,"column":7}},"type":"if","locations":[{"start":{"line":46,"column":6},"end":{"line":48,"column":7}},{"start":{},"end":{}}],"line":46},"5":{"loc":{"start":{"line":46,"column":10},"end":{"line":46,"column":81}},"type":"binary-expr","locations":[{"start":{"line":46,"column":10},"end":{"line":46,"column":26}},{"start":{"line":46,"column":30},"end":{"line":46,"column":81}}],"line":46},"6":{"loc":{"start":{"line":50,"column":6},"end":{"line":52,"column":7}},"type":"if","locations":[{"start":{"line":50,"column":6},"end":{"line":52,"column":7}},{"start":{},"end":{}}],"line":50},"7":{"loc":{"start":{"line":50,"column":10},"end":{"line":50,"column":79}},"type":"binary-expr","locations":[{"start":{"line":50,"column":10},"end":{"line":50,"column":25}},{"start":{"line":50,"column":29},"end":{"line":50,"column":79}}],"line":50},"8":{"loc":{"start":{"line":55,"column":6},"end":{"line":57,"column":7}},"type":"if","locations":[{"start":{"line":55,"column":6},"end":{"line":57,"column":7}},{"start":{},"end":{}}],"line":55},"9":{"loc":{"start":{"line":55,"column":10},"end":{"line":55,"column":74}},"type":"binary-expr","locations":[{"start":{"line":55,"column":10},"end":{"line":55,"column":27}},{"start":{"line":55,"column":31},"end":{"line":55,"column":74}}],"line":55},"10":{"loc":{"start":{"line":85,"column":6},"end":{"line":87,"column":7}},"type":"if","locations":[{"start":{"line":85,"column":6},"end":{"line":87,"column":7}},{"start":{},"end":{}}],"line":85},"11":{"loc":{"start":{"line":90,"column":6},"end":{"line":92,"column":7}},"type":"if","locations":[{"start":{"line":90,"column":6},"end":{"line":92,"column":7}},{"start":{},"end":{}}],"line":90},"12":{"loc":{"start":{"line":95,"column":6},"end":{"line":97,"column":7}},"type":"if","locations":[{"start":{"line":95,"column":6},"end":{"line":97,"column":7}},{"start":{},"end":{}}],"line":95},"13":{"loc":{"start":{"line":95,"column":10},"end":{"line":95,"column":81}},"type":"binary-expr","locations":[{"start":{"line":95,"column":10},"end":{"line":95,"column":26}},{"start":{"line":95,"column":30},"end":{"line":95,"column":81}}],"line":95},"14":{"loc":{"start":{"line":99,"column":6},"end":{"line":101,"column":7}},"type":"if","locations":[{"start":{"line":99,"column":6},"end":{"line":101,"column":7}},{"start":{},"end":{}}],"line":99},"15":{"loc":{"start":{"line":99,"column":10},"end":{"line":99,"column":79}},"type":"binary-expr","locations":[{"start":{"line":99,"column":10},"end":{"line":99,"column":25}},{"start":{"line":99,"column":29},"end":{"line":99,"column":79}}],"line":99},"16":{"loc":{"start":{"line":104,"column":6},"end":{"line":106,"column":7}},"type":"if","locations":[{"start":{"line":104,"column":6},"end":{"line":106,"column":7}},{"start":{},"end":{}}],"line":104},"17":{"loc":{"start":{"line":104,"column":10},"end":{"line":104,"column":74}},"type":"binary-expr","locations":[{"start":{"line":104,"column":10},"end":{"line":104,"column":27}},{"start":{"line":104,"column":31},"end":{"line":104,"column":74}}],"line":104},"18":{"loc":{"start":{"line":131,"column":6},"end":{"line":133,"column":7}},"type":"if","locations":[{"start":{"line":131,"column":6},"end":{"line":133,"column":7}},{"start":{},"end":{}}],"line":131},"19":{"loc":{"start":{"line":136,"column":6},"end":{"line":138,"column":7}},"type":"if","locations":[{"start":{"line":136,"column":6},"end":{"line":138,"column":7}},{"start":{},"end":{}}],"line":136},"20":{"loc":{"start":{"line":154,"column":6},"end":{"line":156,"column":7}},"type":"if","locations":[{"start":{"line":154,"column":6},"end":{"line":156,"column":7}},{"start":{},"end":{}}],"line":154},"21":{"loc":{"start":{"line":160,"column":6},"end":{"line":162,"column":7}},"type":"if","locations":[{"start":{"line":160,"column":6},"end":{"line":162,"column":7}},{"start":{},"end":{}}],"line":160},"22":{"loc":{"start":{"line":165,"column":6},"end":{"line":167,"column":7}},"type":"if","locations":[{"start":{"line":165,"column":6},"end":{"line":167,"column":7}},{"start":{},"end":{}}],"line":165},"23":{"loc":{"start":{"line":188,"column":6},"end":{"line":190,"column":7}},"type":"if","locations":[{"start":{"line":188,"column":6},"end":{"line":190,"column":7}},{"start":{},"end":{}}],"line":188},"24":{"loc":{"start":{"line":193,"column":6},"end":{"line":195,"column":7}},"type":"if","locations":[{"start":{"line":193,"column":6},"end":{"line":195,"column":7}},{"start":{},"end":{}}],"line":193}},"s":{"0":2,"1":2,"2":2,"3":0,"4":0,"5":2,"6":2,"7":2,"8":1,"9":1,"10":1,"11":0,"12":0,"13":3,"14":3,"15":3,"16":1,"17":2,"18":0,"19":2,"20":0,"21":2,"22":2,"23":1,"24":1,"25":1,"26":0,"27":0,"28":3,"29":3,"30":3,"31":3,"32":3,"33":2,"34":1,"35":0,"36":1,"37":0,"38":1,"39":0,"40":1,"41":1,"42":0,"43":1,"44":1,"45":0,"46":0,"47":2,"48":2,"49":2,"50":2,"51":1,"52":1,"53":0,"54":1,"55":1,"56":0,"57":0,"58":2,"59":2,"60":2,"61":2,"62":1,"63":1,"64":1,"65":0,"66":1,"67":0,"68":1,"69":1,"70":0,"71":0,"72":1,"73":1,"74":1,"75":1,"76":0,"77":1,"78":0,"79":1,"80":1,"81":0,"82":0},"f":{"0":2,"1":2,"2":3,"3":3,"4":2,"5":2,"6":1},"b":{"0":[1,1],"1":[2,2],"2":[1,2],"3":[3,3],"4":[0,2],"5":[2,2],"6":[0,2],"7":[2,2],"8":[1,1],"9":[2,2],"10":[2,1],"11":[0,1],"12":[0,1],"13":[1,1],"14":[0,1],"15":[1,1],"16":[0,1],"17":[1,1],"18":[1,1],"19":[0,1],"20":[1,1],"21":[0,1],"22":[0,1],"23":[0,1],"24":[0,1]},"_coverageSchema":"1a1c01bbd47fc00a2c39e90264f33305004495a9","hash":"38df73df772de9d724df159cb73e35313b66ecb5"}
,"C:\\Users\\Dilian\\Documents\\proyectos\\construccion\\matfi_cs_acomp_2026\\matfi_backend\\src\\controllers\\registroIngestaAlimenticiController.js": {"path":"C:\\Users\\Dilian\\Documents\\proyectos\\construccion\\matfi_cs_acomp_2026\\matfi_backend\\src\\controllers\\registroIngestaAlimenticiController.js","statementMap":{"0":{"start":{"line":7,"column":4},"end":{"line":13,"column":5}},"1":{"start":{"line":8,"column":24},"end":{"line":8,"column":93}},"2":{"start":{"line":9,"column":6},"end":{"line":9,"column":26}},"3":{"start":{"line":11,"column":6},"end":{"line":11,"column":69}},"4":{"start":{"line":12,"column":6},"end":{"line":12,"column":68}},"5":{"start":{"line":18,"column":4},"end":{"line":33,"column":5}},"6":{"start":{"line":19,"column":24},"end":{"line":19,"column":33}},"7":{"start":{"line":21,"column":6},"end":{"line":23,"column":7}},"8":{"start":{"line":22,"column":8},"end":{"line":22,"column":100}},"9":{"start":{"line":25,"column":24},"end":{"line":28,"column":7}},"10":{"start":{"line":29,"column":6},"end":{"line":29,"column":26}},"11":{"start":{"line":31,"column":6},"end":{"line":31,"column":68}},"12":{"start":{"line":32,"column":6},"end":{"line":32,"column":68}},"13":{"start":{"line":38,"column":4},"end":{"line":69,"column":5}},"14":{"start":{"line":39,"column":44},"end":{"line":39,"column":52}},"15":{"start":{"line":42,"column":6},"end":{"line":44,"column":7}},"16":{"start":{"line":43,"column":8},"end":{"line":43,"column":100}},"17":{"start":{"line":47,"column":6},"end":{"line":54,"column":7}},"18":{"start":{"line":53,"column":8},"end":{"line":53,"column":98}},"19":{"start":{"line":56,"column":28},"end":{"line":60,"column":8}},"20":{"start":{"line":62,"column":6},"end":{"line":65,"column":9}},"21":{"start":{"line":67,"column":6},"end":{"line":67,"column":66}},"22":{"start":{"line":68,"column":6},"end":{"line":68,"column":68}},"23":{"start":{"line":74,"column":4},"end":{"line":110,"column":5}},"24":{"start":{"line":75,"column":21},"end":{"line":75,"column":31}},"25":{"start":{"line":76,"column":37},"end":{"line":76,"column":45}},"26":{"start":{"line":79,"column":23},"end":{"line":79,"column":72}},"27":{"start":{"line":80,"column":6},"end":{"line":82,"column":7}},"28":{"start":{"line":81,"column":8},"end":{"line":81,"column":84}},"29":{"start":{"line":85,"column":6},"end":{"line":87,"column":7}},"30":{"start":{"line":86,"column":8},"end":{"line":86,"column":98}},"31":{"start":{"line":90,"column":6},"end":{"line":97,"column":7}},"32":{"start":{"line":96,"column":8},"end":{"line":96,"column":98}},"33":{"start":{"line":99,"column":34},"end":{"line":101,"column":8}},"34":{"start":{"line":103,"column":6},"end":{"line":106,"column":9}},"35":{"start":{"line":108,"column":6},"end":{"line":108,"column":71}},"36":{"start":{"line":109,"column":6},"end":{"line":109,"column":68}},"37":{"start":{"line":115,"column":4},"end":{"line":134,"column":5}},"38":{"start":{"line":116,"column":21},"end":{"line":116,"column":31}},"39":{"start":{"line":119,"column":23},"end":{"line":119,"column":72}},"40":{"start":{"line":120,"column":6},"end":{"line":122,"column":7}},"41":{"start":{"line":121,"column":8},"end":{"line":121,"column":84}},"42":{"start":{"line":125,"column":6},"end":{"line":127,"column":7}},"43":{"start":{"line":126,"column":8},"end":{"line":126,"column":96}},"44":{"start":{"line":129,"column":6},"end":{"line":129,"column":54}},"45":{"start":{"line":130,"column":6},"end":{"line":130,"column":75}},"46":{"start":{"line":132,"column":6},"end":{"line":132,"column":69}},"47":{"start":{"line":133,"column":6},"end":{"line":133,"column":68}},"48":{"start":{"line":139,"column":4},"end":{"line":167,"column":5}},"49":{"start":{"line":140,"column":21},"end":{"line":140,"column":31}},"50":{"start":{"line":141,"column":27},"end":{"line":141,"column":35}},"51":{"start":{"line":143,"column":6},"end":{"line":145,"column":7}},"52":{"start":{"line":144,"column":8},"end":{"line":144,"column":72}},"53":{"start":{"line":148,"column":23},"end":{"line":148,"column":72}},"54":{"start":{"line":149,"column":6},"end":{"line":151,"column":7}},"55":{"start":{"line":150,"column":8},"end":{"line":150,"column":84}},"56":{"start":{"line":154,"column":6},"end":{"line":156,"column":7}},"57":{"start":{"line":155,"column":8},"end":{"line":155,"column":97}},"58":{"start":{"line":158,"column":21},"end":{"line":158,"column":81}},"59":{"start":{"line":160,"column":6},"end":{"line":163,"column":9}},"60":{"start":{"line":165,"column":6},"end":{"line":165,"column":55}},"61":{"start":{"line":166,"column":6},"end":{"line":166,"column":68}},"62":{"start":{"line":172,"column":4},"end":{"line":192,"column":5}},"63":{"start":{"line":173,"column":31},"end":{"line":173,"column":41}},"64":{"start":{"line":176,"column":23},"end":{"line":176,"column":72}},"65":{"start":{"line":177,"column":6},"end":{"line":179,"column":7}},"66":{"start":{"line":178,"column":8},"end":{"line":178,"column":84}},"67":{"start":{"line":182,"column":6},"end":{"line":184,"column":7}},"68":{"start":{"line":183,"column":8},"end":{"line":183,"column":97}},"69":{"start":{"line":186,"column":6},"end":{"line":186,"column":70}},"70":{"start":{"line":188,"column":6},"end":{"line":188,"column":75}},"71":{"start":{"line":190,"column":6},"end":{"line":190,"column":56}},"72":{"start":{"line":191,"column":6},"end":{"line":191,"column":68}}},"fnMap":{"0":{"name":"(anonymous_0)","decl":{"start":{"line":6,"column":2},"end":{"line":6,"column":3}},"loc":{"start":{"line":6,"column":32},"end":{"line":14,"column":3}},"line":6},"1":{"name":"(anonymous_1)","decl":{"start":{"line":17,"column":2},"end":{"line":17,"column":3}},"loc":{"start":{"line":17,"column":35},"end":{"line":34,"column":3}},"line":17},"2":{"name":"(anonymous_2)","decl":{"start":{"line":37,"column":2},"end":{"line":37,"column":3}},"loc":{"start":{"line":37,"column":32},"end":{"line":70,"column":3}},"line":37},"3":{"name":"(anonymous_3)","decl":{"start":{"line":73,"column":2},"end":{"line":73,"column":3}},"loc":{"start":{"line":73,"column":32},"end":{"line":111,"column":3}},"line":73},"4":{"name":"(anonymous_4)","decl":{"start":{"line":114,"column":2},"end":{"line":114,"column":3}},"loc":{"start":{"line":114,"column":32},"end":{"line":135,"column":3}},"line":114},"5":{"name":"(anonymous_5)","decl":{"start":{"line":138,"column":2},"end":{"line":138,"column":3}},"loc":{"start":{"line":138,"column":35},"end":{"line":168,"column":3}},"line":138},"6":{"name":"(anonymous_6)","decl":{"start":{"line":171,"column":2},"end":{"line":171,"column":3}},"loc":{"start":{"line":171,"column":38},"end":{"line":193,"column":3}},"line":171}},"branchMap":{"0":{"loc":{"start":{"line":21,"column":6},"end":{"line":23,"column":7}},"type":"if","locations":[{"start":{"line":21,"column":6},"end":{"line":23,"column":7}},{"start":{},"end":{}}],"line":21},"1":{"loc":{"start":{"line":21,"column":10},"end":{"line":21,"column":55}},"type":"binary-expr","locations":[{"start":{"line":21,"column":10},"end":{"line":21,"column":16}},{"start":{"line":21,"column":20},"end":{"line":21,"column":55}}],"line":21},"2":{"loc":{"start":{"line":42,"column":6},"end":{"line":44,"column":7}},"type":"if","locations":[{"start":{"line":42,"column":6},"end":{"line":44,"column":7}},{"start":{},"end":{}}],"line":42},"3":{"loc":{"start":{"line":42,"column":10},"end":{"line":42,"column":55}},"type":"binary-expr","locations":[{"start":{"line":42,"column":10},"end":{"line":42,"column":16}},{"start":{"line":42,"column":20},"end":{"line":42,"column":55}}],"line":42},"4":{"loc":{"start":{"line":47,"column":6},"end":{"line":54,"column":7}},"type":"if","locations":[{"start":{"line":47,"column":6},"end":{"line":54,"column":7}},{"start":{},"end":{}}],"line":47},"5":{"loc":{"start":{"line":48,"column":8},"end":{"line":51,"column":32}},"type":"binary-expr","locations":[{"start":{"line":48,"column":8},"end":{"line":48,"column":40}},{"start":{"line":49,"column":8},"end":{"line":49,"column":35}},{"start":{"line":50,"column":8},"end":{"line":50,"column":61}},{"start":{"line":51,"column":8},"end":{"line":51,"column":32}}],"line":48},"6":{"loc":{"start":{"line":59,"column":28},"end":{"line":59,"column":51}},"type":"binary-expr","locations":[{"start":{"line":59,"column":28},"end":{"line":59,"column":46}},{"start":{"line":59,"column":50},"end":{"line":59,"column":51}}],"line":59},"7":{"loc":{"start":{"line":80,"column":6},"end":{"line":82,"column":7}},"type":"if","locations":[{"start":{"line":80,"column":6},"end":{"line":82,"column":7}},{"start":{},"end":{}}],"line":80},"8":{"loc":{"start":{"line":85,"column":6},"end":{"line":87,"column":7}},"type":"if","locations":[{"start":{"line":85,"column":6},"end":{"line":87,"column":7}},{"start":{},"end":{}}],"line":85},"9":{"loc":{"start":{"line":90,"column":6},"end":{"line":97,"column":7}},"type":"if","locations":[{"start":{"line":90,"column":6},"end":{"line":97,"column":7}},{"start":{},"end":{}}],"line":90},"10":{"loc":{"start":{"line":91,"column":8},"end":{"line":94,"column":32}},"type":"binary-expr","locations":[{"start":{"line":91,"column":8},"end":{"line":91,"column":40}},{"start":{"line":92,"column":8},"end":{"line":92,"column":35}},{"start":{"line":93,"column":8},"end":{"line":93,"column":61}},{"start":{"line":94,"column":8},"end":{"line":94,"column":32}}],"line":91},"11":{"loc":{"start":{"line":120,"column":6},"end":{"line":122,"column":7}},"type":"if","locations":[{"start":{"line":120,"column":6},"end":{"line":122,"column":7}},{"start":{},"end":{}}],"line":120},"12":{"loc":{"start":{"line":125,"column":6},"end":{"line":127,"column":7}},"type":"if","locations":[{"start":{"line":125,"column":6},"end":{"line":127,"column":7}},{"start":{},"end":{}}],"line":125},"13":{"loc":{"start":{"line":143,"column":6},"end":{"line":145,"column":7}},"type":"if","locations":[{"start":{"line":143,"column":6},"end":{"line":145,"column":7}},{"start":{},"end":{}}],"line":143},"14":{"loc":{"start":{"line":149,"column":6},"end":{"line":151,"column":7}},"type":"if","locations":[{"start":{"line":149,"column":6},"end":{"line":151,"column":7}},{"start":{},"end":{}}],"line":149},"15":{"loc":{"start":{"line":154,"column":6},"end":{"line":156,"column":7}},"type":"if","locations":[{"start":{"line":154,"column":6},"end":{"line":156,"column":7}},{"start":{},"end":{}}],"line":154},"16":{"loc":{"start":{"line":177,"column":6},"end":{"line":179,"column":7}},"type":"if","locations":[{"start":{"line":177,"column":6},"end":{"line":179,"column":7}},{"start":{},"end":{}}],"line":177},"17":{"loc":{"start":{"line":182,"column":6},"end":{"line":184,"column":7}},"type":"if","locations":[{"start":{"line":182,"column":6},"end":{"line":184,"column":7}},{"start":{},"end":{}}],"line":182}},"s":{"0":2,"1":2,"2":2,"3":0,"4":0,"5":2,"6":2,"7":2,"8":1,"9":1,"10":1,"11":0,"12":0,"13":3,"14":3,"15":3,"16":1,"17":2,"18":0,"19":2,"20":2,"21":0,"22":0,"23":3,"24":3,"25":3,"26":3,"27":3,"28":2,"29":1,"30":0,"31":1,"32":0,"33":1,"34":1,"35":0,"36":0,"37":2,"38":2,"39":2,"40":2,"41":1,"42":1,"43":0,"44":1,"45":1,"46":0,"47":0,"48":2,"49":2,"50":2,"51":2,"52":1,"53":1,"54":1,"55":0,"56":1,"57":0,"58":1,"59":1,"60":0,"61":0,"62":1,"63":1,"64":1,"65":1,"66":0,"67":1,"68":0,"69":1,"70":1,"71":0,"72":0},"f":{"0":2,"1":2,"2":3,"3":3,"4":2,"5":2,"6":1},"b":{"0":[1,1],"1":[2,2],"2":[1,2],"3":[3,3],"4":[0,2],"5":[2,1,1,0],"6":[2,1],"7":[2,1],"8":[0,1],"9":[0,1],"10":[1,1,1,0],"11":[1,1],"12":[0,1],"13":[1,1],"14":[0,1],"15":[0,1],"16":[0,1],"17":[0,1]},"_coverageSchema":"1a1c01bbd47fc00a2c39e90264f33305004495a9","hash":"93040c3c19baf36f3108f8f25ba452b108cc71e0"}
[...]
us_2)","decl":{"start":{"line":48,"column":2},"end":{"line":48,"column":3}},"loc":{"start":{"line":48,"column":44},"end":{"line":87,"column":3}},"line":48},"3":{"name":"(anonymous_3)","decl":{"start":{"line":89,"column":2},"end":{"line":89,"column":3}},"loc":{"start":{"line":89,"column":50},"end":{"line":125,"column":3}},"line":89},"4":{"name":"(anonymous_4)","decl":{"start":{"line":127,"column":2},"end":{"line":127,"column":3}},"loc":{"start":{"line":127,"column":26},"end":{"line":130,"column":3}},"line":127}},"branchMap":{"0":{"loc":{"start":{"line":45,"column":11},"end":{"line":45,"column":33}},"type":"binary-expr","locations":[{"start":{"line":45,"column":11},"end":{"line":45,"column":25}},{"start":{"line":45,"column":29},"end":{"line":45,"column":33}}],"line":45},"1":{"loc":{"start":{"line":48,"column":28},"end":{"line":48,"column":42}},"type":"default-arg","locations":[{"start":{"line":48,"column":40},"end":{"line":48,"column":42}}],"line":48},"2":{"loc":{"start":{"line":65,"column":6},"end":{"line":77,"column":7}},"type":"if","locations":[{"start":{"line":65,"column":6},"end":{"line":77,"column":7}},{"start":{},"end":{}}],"line":65},"3":{"loc":{"start":{"line":65,"column":10},"end":{"line":65,"column":58}},"type":"binary-expr","locations":[{"start":{"line":65,"column":10},"end":{"line":65,"column":34}},{"start":{"line":65,"column":38},"end":{"line":65,"column":58}}],"line":65},"4":{"loc":{"start":{"line":74,"column":12},"end":{"line":74,"column":35}},"type":"binary-expr","locations":[{"start":{"line":74,"column":12},"end":{"line":74,"column":27}},{"start":{"line":74,"column":31},"end":{"line":74,"column":35}}],"line":74},"5":{"loc":{"start":{"line":89,"column":32},"end":{"line":89,"column":48}},"type":"default-arg","locations":[{"start":{"line":89,"column":44},"end":{"line":89,"column":48}}],"line":89},"6":{"loc":{"start":{"line":106,"column":6},"end":{"line":115,"column":7}},"type":"if","locations":[{"start":{"line":106,"column":6},"end":{"line":115,"column":7}},{"start":{},"end":{}}],"line":106},"7":{"loc":{"start":{"line":113,"column":73},"end":{"line":113,"column":96}},"type":"binary-expr","locations":[{"start":{"line":113,"column":73},"end":{"line":113,"column":88}},{"start":{"line":113,"column":92},"end":{"line":113,"column":96}}],"line":113}},"s":{"0":2,"1":2,"2":2,"3":7,"4":7,"5":7,"6":2,"7":2,"8":2,"9":2,"10":2,"11":2,"12":2,"13":2,"14":0,"15":0,"16":0,"17":2,"18":2,"19":0,"20":0,"21":2,"22":3,"23":3,"24":3,"25":3,"26":3,"27":3,"28":3,"29":0,"30":0,"31":0,"32":0,"33":3,"34":3,"35":0,"36":0,"37":3,"38":1,"39":1},"f":{"0":2,"1":7,"2":2,"3":3,"4":1},"b":{"0":[7,3],"1":[2],"2":[0,2],"3":[2,2],"4":[0,0],"5":[3],"6":[0,3],"7":[0,0]},"_coverageSchema":"1a1c01bbd47fc00a2c39e90264f33305004495a9","hash":"5ef44bf192af2916fa25e4a2d1997d1a7015104d"}
,"C:\\Users\\Dilian\\Documents\\proyectos\\construccion\\matfi_cs_acomp_2026\\matfi_backend\\src\\models\\userModel.js": {"path":"C:\\Users\\Dilian\\Documents\\proyectos\\construccion\\matfi_cs_acomp_2026\\matfi_backend\\src\\models\\userModel.js","statementMap":{"0":{"start":{"line":7,"column":4},"end":{"line":20,"column":5}},"1":{"start":{"line":8,"column":20},"end":{"line":15,"column":7}},"2":{"start":{"line":16,"column":21},"end":{"line":16,"column":54}},"3":{"start":{"line":17,"column":6},"end":{"line":17,"column":36}},"4":{"start":{"line":19,"column":6},"end":{"line":19,"column":60}},"5":{"start":{"line":33,"column":8},"end":{"line":33,"column":16}},"6":{"start":{"line":35,"column":4},"end":{"line":88,"column":5}},"7":{"start":{"line":37,"column":21},"end":{"line":37,"column":41}},"8":{"start":{"line":38,"column":6},"end":{"line":85,"column":7}},"9":{"start":{"line":39,"column":8},"end":{"line":39,"column":36}},"10":{"start":{"line":42,"column":26},"end":{"line":46,"column":9}},"11":{"start":{"line":47,"column":27},"end":{"line":53,"column":10}},"12":{"start":{"line":54,"column":26},"end":{"line":54,"column":55}},"13":{"start":{"line":57,"column":27},"end":{"line":57,"column":29}},"14":{"start":{"line":58,"column":31},"end":{"line":58,"column":80}},"15":{"start":{"line":61,"column":29},"end":{"line":65,"column":9}},"16":{"start":{"line":66,"column":30},"end":{"line":70,"column":10}},"17":{"start":{"line":72,"column":8},"end":{"line":72,"column":37}},"18":{"start":{"line":74,"column":8},"end":{"line":79,"column":10}},"19":{"start":{"line":81,"column":8},"end":{"line":81,"column":39}},"20":{"start":{"line":82,"column":8},"end":{"line":82,"column":20}},"21":{"start":{"line":84,"column":8},"end":{"line":84,"column":25}},"22":{"start":{"line":87,"column":6},"end":{"line":87,"column":48}},"23":{"start":{"line":93,"column":4},"end":{"line":93,"column":63}},"24":{"start":{"line":98,"column":88},"end":{"line":98,"column":96}},"25":{"start":{"line":99,"column":4},"end":{"line":121,"column":5}},"26":{"start":{"line":100,"column":20},"end":{"line":109,"column":7}},"27":{"start":{"line":110,"column":21},"end":{"line":117,"column":8}},"28":{"start":{"line":118,"column":6},"end":{"line":118,"column":36}},"29":{"start":{"line":120,"column":6},"end":{"line":120,"column":63}}},"fnMap":{"0":{"name":"(anonymous_0)","decl":{"start":{"line":6,"column":2},"end":{"line":6,"column":3}},"loc":{"start":{"line":6,"column":35},"end":{"line":21,"column":3}},"line":6},"1":{"name":"(anonymous_1)","decl":{"start":{"line":24,"column":2},"end":{"line":24,"column":3}},"loc":{"start":{"line":24,"column":32},"end":{"line":89,"column":3}},"line":24},"2":{"name":"(anonymous_2)","decl":{"start":{"line":92,"column":2},"end":{"line":92,"column":3}},"loc":{"start":{"line":92,"column":61},"end":{"line":94,"column":3}},"line":92},"3":{"name":"(anonymous_3)","decl":{"start":{"line":97,"column":2},"end":{"line":97,"column":3}},"loc":{"start":{"line":97,"column":50},"end":{"line":122,"column":3}},"line":97}},"branchMap":{"0":{"loc":{"start":{"line":17,"column":13},"end":{"line":17,"column":35}},"type":"binary-expr","locations":[{"start":{"line":17,"column":13},"end":{"line":17,"column":27}},{"start":{"line":17,"column":31},"end":{"line":17,"column":35}}],"line":17},"1":{"loc":{"start":{"line":118,"column":13},"end":{"line":118,"column":35}},"type":"binary-expr","locations":[{"start":{"line":118,"column":13},"end":{"line":118,"column":27}},{"start":{"line":118,"column":31},"end":{"line":118,"column":35}}],"line":118}},"s":{"0":7,"1":7,"2":7,"3":7,"4":0,"5":5,"6":5,"7":5,"8":5,"9":5,"10":5,"11":5,"12":5,"13":5,"14":5,"15":5,"16":5,"17":5,"18":5,"19":0,"20":0,"21":5,"22":0,"23":2,"24":2,"25":2,"26":2,"27":2,"28":2,"29":0},"f":{"0":7,"1":5,"2":2,"3":2},"b":{"0":[7,3],"1":[2,1]},"_coverageSchema":"1a1c01bbd47fc00a2c39e90264f33305004495a9","hash":"de8525b3b48bdf23220cee537fa4cb27989065dd"}
,"C:\\Users\\Dilian\\Documents\\proyectos\\construccion\\matfi_cs_acomp_2026\\matfi_backend\\src\\routes\\authRoutes.js": {"path":"C:\\Users\\Dilian\\Documents\\proyectos\\construccion\\matfi_cs_acomp_2026\\matfi_backend\\src\\routes\\authRoutes.js","statementMap":{"0":{"start":{"line":5,"column":15},"end":{"line":5,"column":31}},"1":{"start":{"line":74,"column":0},"end":{"line":74,"column":50}},"2":{"start":{"line":122,"column":0},"end":{"line":122,"column":44}},"3":{"start":{"line":150,"column":0},"end":{"line":150,"column":66}},"4":{"start":{"line":203,"column":0},"end":{"line":203,"column":69}}},"fnMap":{},"branchMap":{},"s":{"0":1,"1":1,"2":1,"3":1,"4":1},"f":{},"b":{},"_coverageSchema":"1a1c01bbd47fc00a2c39e90264f33305004495a9","hash":"9f85989a27475a5116a669eea811b6ce1853fc36"}
,"C:\\Users\\Dilian\\Documents\\proyectos\\construccion\\matfi_cs_acomp_2026\\matfi_backend\\src\\routes\\ejercicioRoutes.js": {"path":"C:\\Users\\Dilian\\Documents\\proyectos\\construccion\\matfi_cs_acomp_2026\\matfi_backend\\src\\routes\\ejercicioRoutes.js","statementMap":{"0":{"start":{"line":112,"column":15},"end":{"line":112,"column":31}},"1":{"start":{"line":113,"column":0},"end":{"line":113,"column":27}},"2":{"start":{"line":115,"column":0},"end":{"line":115,"column":44}},"3":{"start":{"line":116,"column":0},"end":{"line":116,"column":45}},"4":{"start":{"line":117,"column":0},"end":{"line":117,"column":47}},"5":{"start":{"line":118,"column":0},"end":{"line":118,"column":50}}},"fnMap":{},"branchMap":{},"s":{"0":1,"1":1,"2":1,"3":1,"4":1,"5":1},"f":{},"b":{},"_coverageSchema":"1a1c01bbd47fc00a2c39e90264f33305004495a9","hash":"ef63c57c80c4a17f711d75e45a864aac1b2f6f36"}
,"C:\\Users\\Dilian\\Documents\\proyectos\\construccion\\matfi_cs_acomp_2026\\matfi_backend\\src\\routes\\estadisticasRoutes.js": {"path":"C:\\Users\\Dilian\\Documents\\proyectos\\construccion\\matfi_cs_acomp_2026\\matfi_backend\\src\\routes\\estadisticasRoutes.js","statementMap":{"0":{"start":{"line":5,"column":15},"end":{"line":5,"column":31}},"1":{"start":{"line":6,"column":0},"end":{"line":6,"column":27}},"2":{"start":{"line":30,"column":0},"end":{"line":30,"column":62}},"3":{"start":{"line":71,"column":0},"end":{"line":71,"column":79}},"4":{"start":{"line":112,"column":0},"end":{"line":112,"column":68}},"5":{"start":{"line":160,"column":0},"end":{"line":160,"column":66}}},"fnMap":{},"branchMap":{},"s":{"0":1,"1":1,"2":1,"3":1,"4":1,"5":1},"f":{},"b":{},"_coverageSchema":"1a1c01bbd47fc00a2c39e90264f33305004495a9","hash":"b89dd0c76b17b7f89e36be11169535e2eacb7530"}
,"C:\\Users\\Dilian\\Documents\\proyectos\\construccion\\matfi_cs_acomp_2026\\matfi_backend\\src\\routes\\ingredienteRoutes.js": {"path":"C:\\Users\\Dilian\\Documents\\proyectos\\construccion\\matfi_cs_acomp_2026\\matfi_backend\\src\\routes\\ingredienteRoutes.js","statementMap":{"0":{"start":{"line":100,"column":15},"end":{"line":100,"column":31}},"1":{"start":{"line":101,"column":0},"end":{"line":101,"column":27}},"2":{"start":{"line":103,"column":0},"end":{"line":103,"column":46}},"3":{"start":{"line":104,"column":0},"end":{"line":104,"column":47}},"4":{"start":{"line":105,"column":0},"end":{"line":105,"column":49}},"5":{"start":{"line":106,"column":0},"end":{"line":106,"column":52}}},"fnMap":{},"branchMap":{},"s":{"0":1,"1":1,"2":1,"3":1,"4":1,"5":1},"f":{},"b":{},"_coverageSchema":"1a1c01bbd47fc00a2c39e90264f33305004495a9","hash":"51f3bc7eccc5d0bb2252305627f9e45ee7f4f0e5"}
,"C:\\Users\\Dilian\\Documents\\proyectos\\construccion\\matfi_cs_acomp_2026\\matfi_backend\\src\\routes\\metaFisicaRoutes.js": {"path":"C:\\Users\\Dilian\\Documents\\proyectos\\construccion\\matfi_cs_acomp_2026\\matfi_backend\\src\\routes\\metaFisicaRoutes.js","statementMap":{"0":{"start":{"line":5,"column":15},"end":{"line":5,"column":31}},"1":{"start":{"line":6,"column":0},"end":{"line":6,"column":27}},"2":{"start":{"line":30,"column":0},"end":{"line":30,"column":45}},"3":{"start":{"line":87,"column":0},"end":{"line":87,"column":46}},"4":{"start":{"line":143,"column":0},"end":{"line":143,"column":48}},"5":{"start":{"line":170,"column":0},"end":{"line":170,"column":51}}},"fnMap":{},"branchMap":{},"s":{"0":1,"1":1,"2":1,"3":1,"4":1,"5":1},"f":{},"b":{},"_coverageSchema":"1a1c01bbd47fc00a2c39e90264f33305004495a9","hash":"d643d6296808189df040fd4b5c37082b0dabf24b"}
,"C:\\Users\\Dilian\\Documents\\proyectos\\construccion\\matfi_cs_acomp_2026\\matfi_backend\\src\\routes\\recetaRoutes.js": {"path":"C:\\Users\\Dilian\\Documents\\proyectos\\construccion\\matfi_cs_acomp_2026\\matfi_backend\\src\\routes\\recetaRoutes.js","statementMap":{"0":{"start":{"line":154,"column":15},"end":{"line":154,"column":31}},"1":{"start":{"line":155,"column":0},"end":{"line":155,"column":27}},"2":{"start":{"line":157,"column":0},"end":{"line":157,"column":41}},"3":{"start":{"line":158,"column":0},"end":{"line":158,"column":42}},"4":{"start":{"line":159,"column":0},"end":{"line":159,"column":44}},"5":{"start":{"line":160,"column":0},"end":{"line":160,"column":47}}},"fnMap":{},"branchMap":{},"s":{"0":1,"1":1,"2":1,"3":1,"4":1,"5":1},"f":{},"b":{},"_coverageSchema":"1a1c01bbd47fc00a2c39e90264f33305004495a9","hash":"cd96928eaebeeba05b9d37cf8a6f70ca8199444f"}
,"C:\\Users\\Dilian\\Documents\\proyectos\\construccion\\matfi_cs_acomp_2026\\matfi_backend\\src\\routes\\registroActividadFisicaRoutes.js": {"path":"C:\\Users\\Dilian\\Documents\\proyectos\\construccion\\matfi_cs_acomp_2026\\matfi_backend\\src\\routes\\registroActividadFisicaRoutes.js","statementMap":{"0":{"start":{"line":5,"column":15},"end":{"line":5,"column":31}},"1":{"start":{"line":6,"column":0},"end":{"line":6,"column":27}},"2":{"start":{"line":30,"column":0},"end":{"line":30,"column":58}},"3":{"start":{"line":64,"column":0},"end":{"line":64,"column":67}},"4":{"start":{"line":117,"column":0},"end":{"line":117,"column":59}},"5":{"start":{"line":160,"column":0},"end":{"line":160,"column":61}},"6":{"start":{"line":187,"column":0},"end":{"line":187,"column":64}},"7":{"start":{"line":228,"column":0},"end":{"line":228,"column":73}},"8":{"start":{"line":261,"column":0},"end":{"line":261,"column":88}}},"fnMap":{},"branchMap":{},"s":{"0":1,"1":1,"2":1,"3":1,"4":1,"5":1,"6":1,"7":1,"8":1},"f":{},"b":{},"_coverageSchema":"1a1c01bbd47fc00a2c39e90264f33305004495a9","hash":"ae1ca47bc52f767cc261fc73c24fd551795d5df4"}
,"C:\\Users\\Dilian\\Documents\\proyectos\\construccion\\matfi_cs_acomp_2026\\matfi_backend\\src\\routes\\registroIngestaAlimenticiRoutes.js": {"path":"C:\\Users\\Dilian\\Documents\\proyectos\\construccion\\matfi_cs_acomp_2026\\matfi_backend\\src\\routes\\registroIngestaAlimenticiRoutes.js","statementMap":{"0":{"start":{"line":5,"column":15},"end":{"line":5,"column":31}},"1":{"start":{"line":6,"column":0},"end":{"line":6,"column":27}},"2":{"start":{"line":30,"column":0},"end":{"line":30,"column":60}},"3":{"start":{"line":64,"column":0},"end":{"line":64,"column":69}},"4":{"start":{"line":110,"column":0},"end":{"line":110,"column":61}},"5":{"start":{"line":148,"column":0},"end":{"line":148,"column":63}},"6":{"start":{"line":175,"column":0},"end":{"line":175,"column":66}},"7":{"start":{"line":216,"column":0},"end":{"line":216,"column":75}},"8":{"start":{"line":249,"column":0},"end":{"line":249,"column":90}}},"fnMap":{},"branchMap":{},"s":{"0":1,"1":1,"2":1,"3":1,"4":1,"5":1,"6":1,"7":1,"8":1},"f":{},"b":{},"_coverageSchema":"1a1c01bbd47fc00a2c39e90264f33305004495a9","hash":"049a2f93e2f7c2188f4e958c8baf1ee7ff6d8740"}
,"C:\\Users\\Dilian\\Documents\\proyectos\\construccion\\matfi_cs_acomp_2026\\matfi_backend\\src\\routes\\rutinaRoutes.js": {"path":"C:\\Users\\Dilian\\Documents\\proyectos\\construccion\\matfi_cs_acomp_2026\\matfi_backend\\src\\routes\\rutinaRoutes.js","statementMap":{"0":{"start":{"line":122,"column":15},"end":{"line":122,"column":31}},"1":{"start":{"line":123,"column":0},"end":{"line":123,"column":27}},"2":{"start":{"line":125,"column":0},"end":{"line":125,"column":41}},"3":{"start":{"line":126,"column":0},"end":{"line":126,"column":42}},"4":{"start":{"line":127,"column":0},"end":{"line":127,"column":44}},"5":{"start":{"line":128,"column":0},"end":{"line":128,"column":47}}},"fnMap":{},"branchMap":{},"s":{"0":1,"1":1,"2":1,"3":1,"4":1,"5":1},"f":{},"b":{},"_coverageSchema":"1a1c01bbd47fc00a2c39e90264f33305004495a9","hash":"1556b88e93aef80a5a50590c1ad73d342f306dad"}
,"C:\\Users\\Dilian\\Documents\\proyectos\\construccion\\matfi_cs_acomp_2026\\matfi_backend\\src\\services\\authService.js": {"path":"C:\\Users\\Dilian\\Documents\\proyectos\\construccion\\matfi_cs_acomp_2026\\matfi_backend\\src\\services\\authService.js","statementMap":{"0":{"start":{"line":4,"column":0},"end":{"line":4,"column":16}},"1":{"start":{"line":6,"column":19},"end":{"line":6,"column":62}},"2":{"start":{"line":11,"column":4},"end":{"line":11,"column":63}},"3":{"start":{"line":16,"column":4},"end":{"line":20,"column":5}},"4":{"start":{"line":17,"column":6},"end":{"line":17,"column":43}},"5":{"start":{"line":19,"column":6},"end":{"line":19,"column":40}}},"fnMap":{"0":{"name":"(anonymous_0)","decl":{"start":{"line":10,"column":2},"end":{"line":10,"column":3}},"loc":{"start":{"line":10,"column":32},"end":{"line":12,"column":3}},"line":10},"1":{"name":"(anonymous_1)","decl":{"start":{"line":15,"column":2},"end":{"line":15,"column":3}},"loc":{"start":{"line":15,"column":28},"end":{"line":21,"column":3}},"line":15}},"branchMap":{"0":{"loc":{"start":{"line":6,"column":19},"end":{"line":6,"column":62}},"type":"binary-expr","locations":[{"start":{"line":6,"column":19},"end":{"line":6,"column":41}},{"start":{"line":6,"column":45},"end":{"line":6,"column":62}}],"line":6}},"s":{"0":3,"1":3,"2":3,"3":2,"4":2,"5":1},"f":{"0":3,"1":2},"b":{"0":[3,0]},"_coverageSchema":"1a1c01bbd47fc00a2c39e90264f33305004495a9","hash":"8e8b6628368112676b3dedc6b69851ad03d1ece3"}
,"C:\\Users\\Dilian\\Documents\\proyectos\\construccion\\matfi_cs_acomp_2026\\matfi_backend\\src\\utils\\validation.js": {"path":"C:\\Users\\Dilian\\Documents\\proyectos\\construccion\\matfi_cs_acomp_2026\\matfi_backend\\src\\utils\\validation.js","statementMap":{"0":{"start":{"line":5,"column":23},"end":{"line":5,"column":51}},"1":{"start":{"line":6,"column":4},"end":{"line":6,"column":34}},"2":{"start":{"line":11,"column":4},"end":{"line":11,"column":44}},"3":{"start":{"line":16,"column":4},"end":{"line":16,"column":83}},"4":{"start":{"line":21,"column":16},"end":{"line":21,"column":33}},"5":{"start":{"line":22,"column":4},"end":{"line":22,"column":34}},"6":{"start":{"line":27,"column":22},"end":{"line":27,"column":43}},"7":{"start":{"line":28,"column":4},"end":{"line":30,"column":5}},"8":{"start":{"line":29,"column":6},"end":{"line":29,"column":19}},"9":{"start":{"line":31,"column":17},"end":{"line":31,"column":37}},"10":{"start":{"line":32,"column":4},"end":{"line":32,"column":58}}},"fnMap":{"0":{"name":"(anonymous_0)","decl":{"start":{"line":4,"column":2},"end":{"line":4,"column":3}},"loc":{"start":{"line":4,"column":29},"end":{"line":7,"column":3}},"line":4},"1":{"name":"(anonymous_1)","decl":{"start":{"line":10,"column":2},"end":{"line":10,"column":3}},"loc":{"start":{"line":10,"column":35},"end":{"line":12,"column":3}},"line":10},"2":{"name":"(anonymous_2)","decl":{"start":{"line":15,"column":2},"end":{"line":15,"column":3}},"loc":{"start":{"line":15,"column":27},"end":{"line":17,"column":3}},"line":15},"3":{"name":"(anonymous_3)","decl":{"start":{"line":20,"column":2},"end":{"line":20,"column":3}},"loc":{"start":{"line":20,"column":33},"end":{"line":23,"column":3}},"line":20},"4":{"name":"(anonymous_4)","decl":{"start":{"line":26,"column":2},"end":{"line":26,"column":3}},"loc":{"start":{"line":26,"column":33},"end":{"line":33,"column":3}},"line":26}},"branchMap":{"0":{"loc":{"start":{"line":11,"column":11},"end":{"line":11,"column":43}},"type":"binary-expr","locations":[{"start":{"line":11,"column":11},"end":{"line":11,"column":19}},{"start":{"line":11,"column":23},"end":{"line":11,"column":43}}],"line":11},"1":{"loc":{"start":{"line":16,"column":11},"end":{"line":16,"column":82}},"type":"binary-expr","locations":[{"start":{"line":16,"column":11},"end":{"line":16,"column":25}},{"start":{"line":16,"column":29},"end":{"line":16,"column":48}},{"start":{"line":16,"column":52},"end":{"line":16,"column":82}}],"line":16},"2":{"loc":{"start":{"line":22,"column":11},"end":{"line":22,"column":33}},"type":"binary-expr","locations":[{"start":{"line":22,"column":11},"end":{"line":22,"column":22}},{"start":{"line":22,"column":26},"end":{"line":22,"column":33}}],"line":22},"3":{"loc":{"start":{"line":28,"column":4},"end":{"line":30,"column":5}},"type":"if","locations":[{"start":{"line":28,"column":4},"end":{"line":30,"column":5}},{"start":{},"end":{}}],"line":28},"4":{"loc":{"start":{"line":32,"column":11},"end":{"line":32,"column":57}},"type":"binary-expr","locations":[{"start":{"line":32,"column":11},"end":{"line":32,"column":31}},{"start":{"line":32,"column":35},"end":{"line":32,"column":57}}],"line":32}},"s":{"0":9,"1":9,"2":8,"3":30,"4":22,"5":22,"6":29,"7":29,"8":8,"9":21,"10":21},"f":{"0":9,"1":8,"2":30,"3":22,"4":29},"b":{"0":[8,7],"1":[30,29,29],"2":[22,22],"3":[8,21],"4":[21,21]},"_coverageSchema":"1a1c01bbd47fc00a2c39e90264f33305004495a9","hash":"07508a6ffe2c6f71f432b856074d8884f0ac46e4"}
}
