{"C:\\Users\\Dilian\\Documents\\proyectos\\construccion\\matfi_cs_acomp_2026\\matfi_backend\\swagger.js": {"path":"C:\\Users\\Dilian\\Documents\\proyectos\\construccion\\matfi_cs_acomp_2026\\matfi_backend\\swagger.js","statementMap":{"0":{"start":{"line":5,"column":19},"end":{"line":5,"column":49}},"1":{"start":{"line":6,"column":18},"end":{"line":6,"column":42}},"2":{"start":{"line":8,"column":16},"end":{"line":314,"column":1}},"3":{"start":{"line":316,"column":20},"end":{"line":316,"column":41}}},"fnMap":{},"branchMap":{"0":{"loc":{"start":{"line":65,"column":13},"end":{"line":65,"column":59}},"type":"binary-expr","locations":[{"start":{"line":65,"column":13},"end":{"line":65,"column":32}},{"start":{"line":65,"column":36},"end":{"line":65,"column":59}}],"line":65}},"s":{"0":1,"1":1,"2":1,"3":1},"f":{},"b":{"0":[1,1]},"_coverageSchema":"1a1c01bbd47fc00a2c39e90264f33305004495a9","hash":"efa1147f8ea5cba7b45ba135bbcff735fea09b52"}
,"C:\\Users\\Dilian\\Documents\\proyectos\\construccion\\matfi_cs_acomp_2026\\matfi_backend\\src\\app.js": {"path":"C:\\Users\\Dilian\\Documents\\proyectos\\construccion\\matfi_cs_acomp_2026\\matfi_backend\\src\\app.js","statementMap":{"0":{"start":{"line":18,"column":0},"end":{"line":18,"column":16}},"1":{"start":{"line":20,"column":12},"end":{"line":20,"column":21}},"2":{"start":{"line":22,"column":0},"end":{"line":22,"column":16}},"3":{"start":{"line":23,"column":0},"end":{"line":23,"column":24}},"4":{"start":{"line":25,"column":25},"end":{"line":32,"column":1}},"5":{"start":{"line":33,"column":0},"end":{"line":33,"column":83}},"6":{"start":{"line":34,"column":0},"end":{"line":51,"column":3}},"7":{"start":{"line":35,"column":21},"end":{"line":35,"column":72}},"8":{"start":{"line":36,"column":19},"end":{"line":36,"column":67}},"9":{"start":{"line":37,"column":15},"end":{"line":37,"column":30}},"10":{"start":{"line":38,"column":18},"end":{"line":38,"column":55}},"11":{"start":{"line":40,"column":15},"end":{"line":40,"column":54}},"12":{"start":{"line":41,"column":18},"end":{"line":41,"column":55}},"13":{"start":{"line":42,"column":2},"end":{"line":44,"column":4}},"14":{"start":{"line":46,"column":2},"end":{"line":48,"column":3}},"15":{"start":{"line":47,"column":4},"end":{"line":47,"column":90}},"16":{"start":{"line":50,"column":2},"end":{"line":50,"column":17}},"17":{"start":{"line":54,"column":0},"end":{"line":54,"column":33}},"18":{"start":{"line":55,"column":0},"end":{"line":55,"column":48}},"19":{"start":{"line":56,"column":0},"end":{"line":56,"column":44}},"20":{"start":{"line":57,"column":0},"end":{"line":57,"column":38}},"21":{"start":{"line":58,"column":0},"end":{"line":58,"column":38}},"22":{"start":{"line":59,"column":0},"end":{"line":59,"column":45}},"23":{"start":{"line":60,"column":0},"end":{"line":60,"column":66}},"24":{"start":{"line":61,"column":0},"end":{"line":61,"column":66}},"25":{"start":{"line":62,"column":0},"end":{"line":62,"column":49}},"26":{"start":{"line":64,"column":0},"end":{"line":66,"column":3}},"27":{"start":{"line":65,"column":2},"end":{"line":65,"column":97}}},"fnMap":{"0":{"name":"(anonymous_0)","decl":{"start":{"line":34,"column":29},"end":{"line":34,"column":30}},"loc":{"start":{"line":34,"column":43},"end":{"line":51,"column":1}},"line":34},"1":{"name":"(anonymous_1)","decl":{"start":{"line":64,"column":13},"end":{"line":64,"column":14}},"loc":{"start":{"line":64,"column":27},"end":{"line":66,"column":1}},"line":64}},"branchMap":{"0":{"loc":{"start":{"line":35,"column":21},"end":{"line":35,"column":72}},"type":"binary-expr","locations":[{"start":{"line":35,"column":21},"end":{"line":35,"column":49}},{"start":{"line":35,"column":53},"end":{"line":35,"column":72}}],"line":35},"1":{"loc":{"start":{"line":36,"column":19},"end":{"line":36,"column":67}},"type":"binary-expr","locations":[{"start":{"line":36,"column":19},"end":{"line":36,"column":51}},{"start":{"line":36,"column":55},"end":{"line":36,"column":67}}],"line":36},"2":{"loc":{"start":{"line":38,"column":18},"end":{"line":38,"column":55}},"type":"binary-expr","locations":[{"start":{"line":38,"column":18},"end":{"line":38,"column":28}},{"start":{"line":38,"column":32},"end":{"line":38,"column":55}}],"line":38},"3":{"loc":{"start":{"line":41,"column":18},"end":{"line":41,"column":55}},"type":"binary-expr","locations":[{"start":{"line":41,"column":18},"end":{"line":41,"column":28}},{"start":{"line":41,"column":32},"end":{"line":41,"column":55}}],"line":41},"4":{"loc":{"start":{"line":46,"column":2},"end":{"line":48,"column":3}},"type":"if","locations":[{"start":{"line":46,"column":2},"end":{"line":48,"column":3}},{"start":{},"end":{}}],"line":46}},"s":{"0":1,"1":1,"2":1,"3":1,"4":1,"5":1,"6":1,"7":1,"8":1,"9":1,"10":1,"11":1,"12":1,"13":1,"14":1,"15":1,"16":1,"17":1,"18":1,"19":1,"20":1,"21":1,"22":1,"23":1,"24":1,"25":1,"26":1,"27":1},"f":{"0":1,"1":1},"b":{"0":[1,1],"1":[1,1],"2":[1,1],"3":[1,1],"4":[1,0]},"_coverageSchema":"1a1c01bbd47fc00a2c39e90264f33305004495a9","hash":"706e3360f6dcf024a9f4c0e30b925b6ff609df5c"}
,"C:\\Users\\Dilian\\Documents\\proyectos\\construccion\\matfi_cs_acomp_2026\\matfi_backend\\src\\config\\database.js": {"path":"C:\\Users\\Dilian\\Documents\\proyectos\\construccion\\matfi_cs_acomp_2026\\matfi_backend\\src\\config\\database.js","statementMap":{"0":{"start":{"line":4,"column":0},"end":{"line":4,"column":16}},"1":{"start":{"line":6,"column":13},"end":{"line":11,"column":2}},"2":{"start":{"line":14,"column":0},"end":{"line":22,"column":1}},"3":{"start":{"line":15,"column":2},"end":{"line":21,"column":5}},"4":{"start":{"line":16,"column":4},"end":{"line":18,"column":5}},"5":{"start":{"line":17,"column":6},"end":{"line":17,"column":67}},"6":{"start":{"line":19,"column":4},"end":{"line":19,"column":62}},"7":{"start":{"line":20,"column":4},"end":{"line":20,"column":14}}},"fnMap":{"0":{"name":"(anonymous_0)","decl":{"start":{"line":15,"column":15},"end":{"line":15,"column":16}},"loc":{"start":{"line":15,"column":41},"end":{"line":21,"column":3}},"line":15}},"branchMap":{"0":{"loc":{"start":{"line":14,"column":0},"end":{"line":22,"column":1}},"type":"if","locations":[{"start":{"line":14,"column":0},"end":{"line":22,"column":1}},{"start":{},"end":{}}],"line":14},"1":{"loc":{"start":{"line":16,"column":4},"end":{"line":18,"column":5}},"type":"if","locations":[{"start":{"line":16,"column":4},"end":{"line":18,"column":5}},{"start":{},"end":{}}],"line":16}},"s":{"0":1,"1":1,"2":1,"3":0,"4":0,"5":0,"6":0,"7":0},"f":{"0":0},"b":{"0":[0,1],"1":[0,0]},"_coverageSchema":"1a1c01bbd47fc00a2c39e90264f33305004495a9","hash":"60ee0bd204f092117f874a4017e3087b4ab86025"}
,"C:\\Users\\Dilian\\Documents\\proyectos\\construccion\\matfi_cs_acomp_2026\\matfi_backend\\src\\controllers\\authController.js": {"path":"C:\\Users\\Dilian\\Documents\\proyectos\\construccion\\matfi_cs_acomp_2026\\matfi_backend\\src\\controllers\\authController.js","statementMap":{"0":{"start":{"line":8,"column":4},"end":{"line":64,"column":5}},"1":{"start":{"line":9,"column":125},"end":{"line":9,"column":133}},"2":{"start":{"line":12,"column":6},"end":{"line":14,"column":7}},"3":{"start":{"line":13,"column":8},"end":{"line":13,"column":105}},"4":{"start":{"line":16,"column":6},"end":{"line":18,"column":7}},"5":{"start":{"line":17,"column":8},"end":{"line":17,"column":83}},"6":{"start":{"line":20,"column":6},"end":{"line":22,"column":7}},"7":{"start":{"line":21,"column":8},"end":{"line":21,"column":87}},"8":{"start":{"line":24,"column":6},"end":{"line":26,"column":7}},"9":{"start":{"line":25,"column":8},"end":{"line":25,"column":83}},"10":{"start":{"line":29,"column":27},"end":{"line":29,"column":69}},"11":{"start":{"line":30,"column":6},"end":{"line":32,"column":7}},"12":{"start":{"line":31,"column":8},"end":{"line":31,"column":91}},"13":{"start":{"line":35,"column":22},"end":{"line":43,"column":8}},"14":{"start":{"line":46,"column":20},"end":{"line":50,"column":8}},"15":{"start":{"line":52,"column":6},"end":{"line":60,"column":9}},"16":{"start":{"line":62,"column":6},"end":{"line":62,"column":49}},"17":{"start":{"line":63,"column":6},"end":{"line":63,"column":68}},"18":{"start":{"line":69,"column":4},"end":{"line":108,"column":5}},"19":{"start":{"line":70,"column":52},"end":{"line":70,"column":60}},"20":{"start":{"line":73,"column":6},"end":{"line":75,"column":7}},"21":{"start":{"line":74,"column":8},"end":{"line":74,"column":80}},"22":{"start":{"line":78,"column":19},"end":{"line":78,"column":61}},"23":{"start":{"line":79,"column":6},"end":{"line":81,"column":7}},"24":{"start":{"line":80,"column":8},"end":{"line":80,"column":73}},"25":{"start":{"line":84,"column":30},"end":{"line":84,"column":106}},"26":{"start":{"line":85,"column":6},"end":{"line":87,"column":7}},"27":{"start":{"line":86,"column":8},"end":{"line":86,"column":73}},"28":{"start":{"line":90,"column":20},"end":{"line":94,"column":8}},"29":{"start":{"line":96,"column":6},"end":{"line":104,"column":9}},"30":{"start":{"line":106,"column":6},"end":{"line":106,"column":46}},"31":{"start":{"line":107,"column":6},"end":{"line":107,"column":68}},"32":{"start":{"line":113,"column":4},"end":{"line":131,"column":5}},"33":{"start":{"line":114,"column":19},"end":{"line":114,"column":63}},"34":{"start":{"line":115,"column":6},"end":{"line":117,"column":7}},"35":{"start":{"line":116,"column":8},"end":{"line":116,"column":72}},"36":{"start":{"line":119,"column":6},"end":{"line":127,"column":9}},"37":{"start":{"line":129,"column":6},"end":{"line":129,"column":55}},"38":{"start":{"line":130,"column":6},"end":{"line":130,"column":68}},"39":{"start":{"line":136,"column":4},"end":{"line":176,"column":5}},"40":{"start":{"line":137,"column":90},"end":{"line":137,"column":98}},"41":{"start":{"line":140,"column":6},"end":{"line":142,"column":7}},"42":{"start":{"line":141,"column":8},"end":{"line":141,"column":83}},"43":{"start":{"line":143,"column":6},"end":{"line":145,"column":7}},"44":{"start":{"line":144,"column":8},"end":{"line":144,"column":87}},"45":{"start":{"line":146,"column":6},"end":{"line":148,"column":7}},"46":{"start":{"line":147,"column":8},"end":{"line":147,"column":83}},"47":{"start":{"line":150,"column":26},"end":{"line":156,"column":8}},"48":{"start":{"line":158,"column":6},"end":{"line":160,"column":7}},"49":{"start":{"line":159,"column":8},"end":{"line":159,"column":72}},"50":{"start":{"line":162,"column":6},"end":{"line":172,"column":9}},"51":{"start":{"line":174,"column":6},"end":{"line":174,"column":58}},"52":{"start":{"line":175,"column":6},"end":{"line":175,"column":68}}},"fnMap":{"0":{"name":"(anonymous_0)","decl":{"start":{"line":7,"column":2},"end":{"line":7,"column":3}},"loc":{"start":{"line":7,"column":34},"end":{"line":65,"column":3}},"line":7},"1":{"name":"(anonymous_1)","decl":{"start":{"line":68,"column":2},"end":{"line":68,"column":3}},"loc":{"start":{"line":68,"column":31},"end":{"line":109,"column":3}},"line":68},"2":{"name":"(anonymous_2)","decl":{"start":{"line":112,"column":2},"end":{"line":112,"column":3}},"loc":{"start":{"line":112,"column":36},"end":{"line":132,"column":3}},"line":112},"3":{"name":"(anonymous_3)","decl":{"start":{"line":135,"column":2},"end":{"line":135,"column":3}},"loc":{"start":{"line":135,"column":39},"end":{"line":177,"column":3}},"line":135}},"branchMap":{"0":{"loc":{"start":{"line":12,"column":6},"end":{"line":14,"column":7}},"type":"if","locations":[{"start":{"line":12,"column":6},"end":{"line":14,"column":7}},{"start":{},"end":{}}],"line":12},"1":{"loc":{"start":{"line":12,"column":10},"end":{"line":12,"column":156}},"type":"binary-expr","locations":[{"start":{"line":12,"column":10},"end":{"line":12,"column":52}},{"start":{"line":12,"column":56},"end":{"line":12,"column":100}},{"start":{"line":12,"column":104},"end":{"line":12,"column":156}}],"line":12},"2":{"loc":{"start":{"line":16,"column":6},"end":{"line":18,"column":7}},"type":"if","locations":[{"start":{"line":16,"column":6},"end":{"line":18,"column":7}},{"start":{},"end":{}}],"line":16},"3":{"loc":{"start":{"line":16,"column":10},"end":{"line":16,"column":71}},"type":"binary-expr","locations":[{"start":{"line":16,"column":10},"end":{"line":16,"column":21}},{"start":{"line":16,"column":25},"end":{"line":16,"column":71}}],"line":16},"4":{"loc":{"start":{"line":20,"column":6},"end":{"line":22,"column":7}},"type":"if","locations":[{"start":{"line":20,"column":6},"end":{"line":22,"column":7}},{"start":{},"end":{}}],"line":20},"5":{"loc":{"start":{"line":20,"column":10},"end":{"line":20,"column":79}},"type":"binary-expr","locations":[{"start":{"line":20,"column":10},"end":{"line":20,"column":25}},{"start":{"line":20,"column":29},"end":{"line":20,"column":79}}],"line":20},"6":{"loc":{"start":{"line":24,"column":6},"end":{"line":26,"column":7}},"type":"if","locations":[{"start":{"line":24,"column":6},"end":{"line":26,"column":7}},{"start":{},"end":{}}],"line":24},"7":{"loc":{"start":{"line":24,"column":10},"end":{"line":24,"column":71}},"type":"binary-expr","locations":[{"start":{"line":24,"column":10},"end":{"line":24,"column":21}},{"start":{"line":24,"column":25},"end":{"line":24,"column":71}}],"line":24},"8":{"loc":{"start":{"line":30,"column":6},"end":{"line":32,"column":7}},"type":"if","locations":[{"start":{"line":30,"column":6},"end":{"line":32,"column":7}},{"start":{},"end":{}}],"line":30},"9":{"loc":{"start":{"line":73,"column":6},"end":{"line":75,"column":7}},"type":"if","locations":[{"start":{"line":73,"column":6},"end":{"line":75,"column":7}},{"start":{},"end":{}}],"line":73},"10":{"loc":{"start":{"line":73,"column":10},"end":{"line":73,"column":110}},"type":"binary-expr","locations":[{"start":{"line":73,"column":10},"end":{"line":73,"column":54}},{"start":{"line":73,"column":58},"end":{"line":73,"column":110}}],"line":73},"11":{"loc":{"start":{"line":79,"column":6},"end":{"line":81,"column":7}},"type":"if","locations":[{"start":{"line":79,"column":6},"end":{"line":81,"column":7}},{"start":{},"end":{}}],"line":79},"12":{"loc":{"start":{"line":85,"column":6},"end":{"line":87,"column":7}},"type":"if","locations":[{"start":{"line":85,"column":6},"end":{"line":87,"column":7}},{"start":{},"end":{}}],"line":85},"13":{"loc":{"start":{"line":115,"column":6},"end":{"line":117,"column":7}},"type":"if","locations":[{"start":{"line":115,"column":6},"end":{"line":117,"column":7}},{"start":{},"end":{}}],"line":115},"14":{"loc":{"start":{"line":140,"column":6},"end":{"line":142,"column":7}},"type":"if","locations":[{"start":{"line":140,"column":6},"end":{"line":142,"column":7}},{"start":{},"end":{}}],"line":140},"15":{"loc":{"start":{"line":140,"column":10},"end":{"line":140,"column":71}},"type":"binary-expr","locations":[{"start":{"line":140,"column":10},"end":{"line":140,"column":21}},{"start":{"line":140,"column":25},"end":{"line":140,"column":71}}],"line":140},"16":{"loc":{"start":{"line":143,"column":6},"end":{"line":145,"column":7}},"type":"if","locations":[{"start":{"line":143,"column":6},"end":{"line":145,"column":7}},{"start":{},"end":{}}],"line":143},"17":{"loc":{"start":{"line":143,"column":10},"end":{"line":143,"column":79}},"type":"binary-expr","locations":[{"start":{"line":143,"column":10},"end":{"line":143,"column":25}},{"start":{"line":143,"column":29},"end":{"line":143,"column":79}}],"line":143},"18":{"loc":{"start":{"line":146,"column":6},"end":{"line":148,"column":7}},"type":"if","locations":[{"start":{"line":146,"column":6},"end":{"line":148,"column":7}},{"start":{},"end":{}}],"line":146},"19":{"loc":{"start":{"line":146,"column":10},"end":{"line":146,"column":71}},"type":"binary-expr","locations":[{"start":{"line":146,"column":10},"end":{"line":146,"column":21}},{"start":{"line":146,"column":25},"end":{"line":146,"column":71}}],"line":146},"20":{"loc":{"start":{"line":158,"column":6},"end":{"line":160,"column":7}},"type":"if","locations":[{"start":{"line":158,"column":6},"end":{"line":160,"column":7}},{"start":{},"end":{}}],"line":158}},"s":{"0":0,"1":0,"2":0,"3":0,"4":0,"5":0,"6":0,"7":0,"8":0,"9":0,"10":0,"11":0,"12":0,"13":0,"14":0,"15":0,"16":0,"17":0,"18":0,"19":0,"20":0,"21":0,"22":0,"23":0,"24":0,"25":0,"26":0,"27":0,"28":0,"29":0,"30":0,"31":0,"32":0,"33":0,"34":0,"35":0,"36":0,"37":0,"38":0,"39":0,"40":0,"41":0,"42":0,"43":0,"44":0,"45":0,"46":0,"47":0,"48":0,"49":0,"50":0,"51":0,"52":0},"f":{"0":0,"1":0,"2":0,"3":0},"b":{"0":[0,0],"1":[0,0,0],"2":[0,0],"3":[0,0],"4":[0,0],"5":[0,0],"6":[0,0],"7":[0,0],"8":[0,0],"9":[0,0],"10":[0,0],"11":[0,0],"12":[0,0],"13":[0,0],"14":[0,0],"15":[0,0],"16":[0,0],"17":[0,0],"18":[0,0],"19":[0,0],"20":[0,0]},"_coverageSchema":"1a1c01bbd47fc00a2c39e90264f33305004495a9","hash":"a05fe227313a18a431d8bc9acc4b770896bb8983"}
,"C:\\Users\\Dilian\\Documents\\proyectos\\construccion\\matfi_cs_acomp_2026\\matfi_backend\\src\\controllers\\ejercicioController.js": {"path":"C:\\Users\\Dilian\\Documents\\proyectos\\construccion\\matfi_cs_acomp_2026\\matfi_backend\\src\\controllers\\ejercicioController.js","statementMap":{"0":{"start":{"line":6,"column":4},"end":{"line":12,"column":5}},"1":{"start":{"line":7,"column":25},"end":{"line":7,"column":55}},"2":{"start":{"line":8,"column":6},"end":{"line":8,"column":27}},"3":{"start":{"line":10,"column":6},"end":{"line":10,"column":59}},"4":{"start":{"line":11,"column":6},"end":{"line":11,"column":68}},"5":{"start":{"line":16,"column":4},"end":{"line":27,"column":5}},"6":{"start":{"line":17,"column":110},"end":{"line":17,"column":118}},"7":{"start":{"line":18,"column":6},"end":{"line":20,"column":7}},"8":{"start":{"line":19,"column":8},"end":{"line":19,"column":83}},"9":{"start":{"line":22,"column":29},"end":{"line":22,"column":153}},"10":{"start":{"line":23,"column":6},"end":{"line":23,"column":43}},"11":{"start":{"line":25,"column":6},"end":{"line":25,"column":56}},"12":{"start":{"line":26,"column":6},"end":{"line":26,"column":68}},"13":{"start":{"line":31,"column":4},"end":{"line":47,"column":5}},"14":{"start":{"line":32,"column":21},"end":{"line":32,"column":31}},"15":{"start":{"line":33,"column":110},"end":{"line":33,"column":118}},"16":{"start":{"line":34,"column":6},"end":{"line":36,"column":7}},"17":{"start":{"line":35,"column":8},"end":{"line":35,"column":83}},"18":{"start":{"line":38,"column":35},"end":{"line":38,"column":163}},"19":{"start":{"line":39,"column":6},"end":{"line":41,"column":7}},"20":{"start":{"line":40,"column":8},"end":{"line":40,"column":74}},"21":{"start":{"line":43,"column":6},"end":{"line":43,"column":37}},"22":{"start":{"line":45,"column":6},"end":{"line":45,"column":61}},"23":{"start":{"line":46,"column":6},"end":{"line":46,"column":68}},"24":{"start":{"line":51,"column":4},"end":{"line":63,"column":5}},"25":{"start":{"line":52,"column":21},"end":{"line":52,"column":31}},"26":{"start":{"line":53,"column":24},"end":{"line":53,"column":57}},"27":{"start":{"line":54,"column":6},"end":{"line":56,"column":7}},"28":{"start":{"line":55,"column":8},"end":{"line":55,"column":74}},"29":{"start":{"line":58,"column":6},"end":{"line":58,"column":38}},"30":{"start":{"line":59,"column":6},"end":{"line":59,"column":65}},"31":{"start":{"line":61,"column":6},"end":{"line":61,"column":59}},"32":{"start":{"line":62,"column":6},"end":{"line":62,"column":68}}},"fnMap":{"0":{"name":"(anonymous_0)","decl":{"start":{"line":5,"column":2},"end":{"line":5,"column":3}},"loc":{"start":{"line":5,"column":32},"end":{"line":13,"column":3}},"line":5},"1":{"name":"(anonymous_1)","decl":{"start":{"line":15,"column":2},"end":{"line":15,"column":3}},"loc":{"start":{"line":15,"column":32},"end":{"line":28,"column":3}},"line":15},"2":{"name":"(anonymous_2)","decl":{"start":{"line":30,"column":2},"end":{"line":30,"column":3}},"loc":{"start":{"line":30,"column":32},"end":{"line":48,"column":3}},"line":30},"3":{"name":"(anonymous_3)","decl":{"start":{"line":50,"column":2},"end":{"line":50,"column":3}},"loc":{"start":{"line":50,"column":32},"end":{"line":64,"column":3}},"line":50}},"branchMap":{"0":{"loc":{"start":{"line":18,"column":6},"end":{"line":20,"column":7}},"type":"if","locations":[{"start":{"line":18,"column":6},"end":{"line":20,"column":7}},{"start":{},"end":{}}],"line":18},"1":{"loc":{"start":{"line":34,"column":6},"end":{"line":36,"column":7}},"type":"if","locations":[{"start":{"line":34,"column":6},"end":{"line":36,"column":7}},{"start":{},"end":{}}],"line":34},"2":{"loc":{"start":{"line":39,"column":6},"end":{"line":41,"column":7}},"type":"if","locations":[{"start":{"line":39,"column":6},"end":{"line":41,"column":7}},{"start":{},"end":{}}],"line":39},"3":{"loc":{"start":{"line":54,"column":6},"end":{"line":56,"column":7}},"type":"if","locations":[{"start":{"line":54,"column":6},"end":{"line":56,"column":7}},{"start":{},"end":{}}],"line":54}},"s":{"0":0,"1":0,"2":0,"3":0,"4":0,"5":0,"6":0,"7":0,"8":0,"9":0,"10":0,"11":0,"12":0,"13":0,"14":0,"15":0,"16":0,"17":0,"18":0,"19":0,"20":0,"21":0,"22":0,"23":0,"24":0,"25":0,"26":0,"27":0,"28":0,"29":0,"30":0,"31":0,"32":0},"f":{"0":0,"1":0,"2":0,"3":0},"b":{"0":[0,0],"1":[0,0],"2":[0,0],"3":[0,0]},"_coverageSchema":"1a1c01bbd47fc00a2c39e90264f33305004495a9","hash":"430ad353fe94d548f6ff1653235c6d539e0361ef"}
,"C:\\Users\\Dilian\\Documents\\proyectos\\construccion\\matfi_cs_acomp_2026\\matfi_backend\\src\\controllers\\estadisticasController.js": {"path":"C:\\Users\\Dilian\\Documents\\proyectos\\construccion\\matfi_cs_acomp_2026\\matfi_backend\\src\\controllers\\estadisticasController.js","statementMap":{"0":{"start":{"line":7,"column":4},"end":{"line":13,"column":5}},"1":{"start":{"line":8,"column":24},"end":{"line":8,"column":85}},"2":{"start":{"line":9,"column":6},"end":{"line":9,"column":26}},"3":{"start":{"line":11,"column":6},"end":{"line":11,"column":58}},"4":{"start":{"line":12,"column":6},"end":{"line":12,"column":68}},"5":{"start":{"line":18,"column":4},"end":{"line":42,"column":5}},"6":{"start":{"line":19,"column":40},"end":{"line":19,"column":49}},"7":{"start":{"line":21,"column":6},"end":{"line":23,"column":7}},"8":{"start":{"line":22,"column":8},"end":{"line":22,"column":106}},"9":{"start":{"line":25,"column":6},"end":{"line":27,"column":7}},"10":{"start":{"line":26,"column":8},"end":{"line":26,"column":103}},"11":{"start":{"line":29,"column":6},"end":{"line":31,"column":7}},"12":{"start":{"line":30,"column":8},"end":{"line":30,"column":100}},"13":{"start":{"line":33,"column":24},"end":{"line":37,"column":7}},"14":{"start":{"line":38,"column":6},"end":{"line":38,"column":26}},"15":{"start":{"line":40,"column":6},"end":{"line":40,"column":78}},"16":{"start":{"line":41,"column":6},"end":{"line":41,"column":68}},"17":{"start":{"line":47,"column":4},"end":{"line":93,"column":5}},"18":{"start":{"line":48,"column":40},"end":{"line":48,"column":49}},"19":{"start":{"line":52,"column":6},"end":{"line":68,"column":7}},"20":{"start":{"line":53,"column":8},"end":{"line":55,"column":9}},"21":{"start":{"line":54,"column":10},"end":{"line":54,"column":90}},"22":{"start":{"line":57,"column":8},"end":{"line":59,"column":9}},"23":{"start":{"line":58,"column":10},"end":{"line":58,"column":102}},"24":{"start":{"line":61,"column":8},"end":{"line":65,"column":10}},"25":{"start":{"line":67,"column":8},"end":{"line":67,"column":88}},"26":{"start":{"line":70,"column":6},"end":{"line":72,"column":7}},"27":{"start":{"line":71,"column":8},"end":{"line":71,"column":75}},"28":{"start":{"line":75,"column":21},"end":{"line":87,"column":7}},"29":{"start":{"line":89,"column":6},"end":{"line":89,"column":23}},"30":{"start":{"line":91,"column":6},"end":{"line":91,"column":61}},"31":{"start":{"line":92,"column":6},"end":{"line":92,"column":68}},"32":{"start":{"line":98,"column":4},"end":{"line":123,"column":5}},"33":{"start":{"line":99,"column":64},"end":{"line":99,"column":72}},"34":{"start":{"line":101,"column":6},"end":{"line":103,"column":7}},"35":{"start":{"line":102,"column":8},"end":{"line":102,"column":100}},"36":{"start":{"line":105,"column":6},"end":{"line":107,"column":7}},"37":{"start":{"line":106,"column":8},"end":{"line":106,"column":119}},"38":{"start":{"line":109,"column":29},"end":{"line":114,"column":8}},"39":{"start":{"line":116,"column":6},"end":{"line":119,"column":9}},"40":{"start":{"line":121,"column":6},"end":{"line":121,"column":56}},"41":{"start":{"line":122,"column":6},"end":{"line":122,"column":68}}},"fnMap":{"0":{"name":"(anonymous_0)","decl":{"start":{"line":6,"column":2},"end":{"line":6,"column":3}},"loc":{"start":{"line":6,"column":38},"end":{"line":14,"column":3}},"line":6},"1":{"name":"(anonymous_1)","decl":{"start":{"line":17,"column":2},"end":{"line":17,"column":3}},"loc":{"start":{"line":17,"column":49},"end":{"line":43,"column":3}},"line":17},"2":{"name":"(anonymous_2)","decl":{"start":{"line":46,"column":2},"end":{"line":46,"column":3}},"loc":{"start":{"line":46,"column":41},"end":{"line":94,"column":3}},"line":46},"3":{"name":"(anonymous_3)","decl":{"start":{"line":97,"column":2},"end":{"line":97,"column":3}},"loc":{"start":{"line":97,"column":41},"end":{"line":124,"column":3}},"line":97}},"branchMap":{"0":{"loc":{"start":{"line":21,"column":6},"end":{"line":23,"column":7}},"type":"if","locations":[{"start":{"line":21,"column":6},"end":{"line":23,"column":7}},{"start":{},"end":{}}],"line":21},"1":{"loc":{"start":{"line":21,"column":10},"end":{"line":21,"column":67}},"type":"binary-expr","locations":[{"start":{"line":21,"column":10},"end":{"line":21,"column":22}},{"start":{"line":21,"column":26},"end":{"line":21,"column":67}}],"line":21},"2":{"loc":{"start":{"line":25,"column":6},"end":{"line":27,"column":7}},"type":"if","locations":[{"start":{"line":25,"column":6},"end":{"line":27,"column":7}},{"start":{},"end":{}}],"line":25},"3":{"loc":{"start":{"line":25,"column":10},"end":{"line":25,"column":61}},"type":"binary-expr","locations":[{"start":{"line":25,"column":10},"end":{"line":25,"column":19}},{"start":{"line":25,"column":23},"end":{"line":25,"column":61}}],"line":25},"4":{"loc":{"start":{"line":29,"column":6},"end":{"line":31,"column":7}},"type":"if","locations":[{"start":{"line":29,"column":6},"end":{"line":31,"column":7}},{"start":{},"end":{}}],"line":29},"5":{"loc":{"start":{"line":52,"column":6},"end":{"line":68,"column":7}},"type":"if","locations":[{"start":{"line":52,"column":6},"end":{"line":68,"column":7}},{"start":{"line":66,"column":13},"end":{"line":68,"column":7}}],"line":52},"6":{"loc":{"start":{"line":52,"column":10},"end":{"line":52,"column":33}},"type":"binary-expr","locations":[{"start":{"line":52,"column":10},"end":{"line":52,"column":21}},{"start":{"line":52,"column":25},"end":{"line":52,"column":33}}],"line":52},"7":{"loc":{"start":{"line":53,"column":8},"end":{"line":55,"column":9}},"type":"if","locations":[{"start":{"line":53,"column":8},"end":{"line":55,"column":9}},{"start":{},"end":{}}],"line":53},"8":{"loc":{"start":{"line":53,"column":12},"end":{"line":53,"column":95}},"type":"binary-expr","locations":[{"start":{"line":53,"column":12},"end":{"line":53,"column":53}},{"start":{"line":53,"column":57},"end":{"line":53,"column":95}}],"line":53},"9":{"loc":{"start":{"line":57,"column":8},"end":{"line":59,"column":9}},"type":"if","locations":[{"start":{"line":57,"column":8},"end":{"line":59,"column":9}},{"start":{},"end":{}}],"line":57},"10":{"loc":{"start":{"line":70,"column":6},"end":{"line":72,"column":7}},"type":"if","locations":[{"start":{"line":70,"column":6},"end":{"line":72,"column":7}},{"start":{},"end":{}}],"line":70},"11":{"loc":{"start":{"line":76,"column":33},"end":{"line":76,"column":86}},"type":"binary-expr","locations":[{"start":{"line":76,"column":33},"end":{"line":76,"column":81}},{"start":{"line":76,"column":85},"end":{"line":76,"column":86}}],"line":76},"12":{"loc":{"start":{"line":77,"column":31},"end":{"line":77,"column":84}},"type":"binary-expr","locations":[{"start":{"line":77,"column":31},"end":{"line":77,"column":79}},{"start":{"line":77,"column":83},"end":{"line":77,"column":84}}],"line":77},"13":{"loc":{"start":{"line":78,"column":30},"end":{"line":78,"column":82}},"type":"binary-expr","locations":[{"start":{"line":78,"column":30},"end":{"line":78,"column":77}},{"start":{"line":78,"column":81},"end":{"line":78,"column":82}}],"line":78},"14":{"loc":{"start":{"line":79,"column":34},"end":{"line":79,"column":90}},"type":"binary-expr","locations":[{"start":{"line":79,"column":34},"end":{"line":79,"column":85}},{"start":{"line":79,"column":89},"end":{"line":79,"column":90}}],"line":79},"15":{"loc":{"start":{"line":80,"column":33},"end":{"line":80,"column":88}},"type":"binary-expr","locations":[{"start":{"line":80,"column":33},"end":{"line":80,"column":83}},{"start":{"line":80,"column":87},"end":{"line":80,"column":88}}],"line":80},"16":{"loc":{"start":{"line":81,"column":31},"end":{"line":81,"column":82}},"type":"binary-expr","locations":[{"start":{"line":81,"column":31},"end":{"line":81,"column":77}},{"start":{"line":81,"column":81},"end":{"line":81,"column":82}}],"line":81},"17":{"loc":{"start":{"line":82,"column":33},"end":{"line":82,"column":88}},"type":"binary-expr","locations":[{"start":{"line":82,"column":33},"end":{"line":82,"column":83}},{"start":{"line":82,"column":87},"end":{"line":82,"column":88}}],"line":82},"18":{"loc":{"start":{"line":83,"column":36},"end":{"line":83,"column":94}},"type":"binary-expr","locations":[{"start":{"line":83,"column":36},"end":{"line":83,"column":89}},{"start":{"line":83,"column":93},"end":{"line":83,"column":94}}],"line":83},"19":{"loc":{"start":{"line":84,"column":32},"end":{"line":84,"column":84}},"type":"binary-expr","locations":[{"start":{"line":84,"column":32},"end":{"line":84,"column":79}},{"start":{"line":84,"column":83},"end":{"line":84,"column":84}}],"line":84},"20":{"loc":{"start":{"line":85,"column":32},"end":{"line":85,"column":84}},"type":"binary-expr","locations":[{"start":{"line":85,"column":32},"end":{"line":85,"column":79}},{"start":{"line":85,"column":83},"end":{"line":85,"column":84}}],"line":85},"21":{"loc":{"start":{"line":86,"column":26},"end":{"line":86,"column":79}},"type":"binary-expr","locations":[{"start":{"line":86,"column":26},"end":{"line":86,"column":74}},{"start":{"line":86,"column":78},"end":{"line":86,"column":79}}],"line":86},"22":{"loc":{"start":{"line":86,"column":84},"end":{"line":86,"column":139}},"type":"binary-expr","locations":[{"start":{"line":86,"column":84},"end":{"line":86,"column":134}},{"start":{"line":86,"column":138},"end":{"line":86,"column":139}}],"line":86},"23":{"loc":{"start":{"line":101,"column":6},"end":{"line":103,"column":7}},"type":"if","locations":[{"start":{"line":101,"column":6},"end":{"line":103,"column":7}},{"start":{},"end":{}}],"line":101},"24":{"loc":{"start":{"line":101,"column":10},"end":{"line":101,"column":55}},"type":"binary-expr","locations":[{"start":{"line":101,"column":10},"end":{"line":101,"column":16}},{"start":{"line":101,"column":20},"end":{"line":101,"column":55}}],"line":101},"25":{"loc":{"start":{"line":105,"column":6},"end":{"line":107,"column":7}},"type":"if","locations":[{"start":{"line":105,"column":6},"end":{"line":107,"column":7}},{"start":{},"end":{}}],"line":105},"26":{"loc":{"start":{"line":105,"column":10},"end":{"line":105,"column":52}},"type":"binary-expr","locations":[{"start":{"line":105,"column":10},"end":{"line":105,"column":30}},{"start":{"line":105,"column":34},"end":{"line":105,"column":52}}],"line":105}},"s":{"0":0,"1":0,"2":0,"3":0,"4":0,"5":0,"6":0,"7":0,"8":0,"9":0,"10":0,"11":0,"12":0,"13":0,"14":0,"15":0,"16":0,"17":0,"18":0,"19":0,"20":0,"21":0,"22":0,"23":0,"24":0,"25":0,"26":0,"27":0,"28":0,"29":0,"30":0,"31":0,"32":0,"33":0,"34":0,"35":0,"36":0,"37":0,"38":0,"39":0,"40":0,"41":0},"f":{"0":0,"1":0,"2":0,"3":0},"b":{"0":[0,0],"1":[0,0],"2":[0,0],"3":[0,0],"4":[0,0],"5":[0,0],"6":[0,0],"7":[0,0],"8":[0,0],"9":[0,0],"10":[0,0],"11":[0,0],"12":[0,0],"13":[0,0],"14":[0,0],"15":[0,0],"16":[0,0],"17":[0,0],"18":[0,0],"19":[0,0],"20":[0,0],"21":[0,0],"22":[0,0],"23":[0,0],"24":[0,0],"25":[0,0],"26":[0,0]},"_coverageSchema":"1a1c01bbd47fc00a2c39e90264f33305004495a9","hash":"0c64343a2147baf74d8686d882190e99c66b1d7a"}
,"C:\\Users\\Dilian\\Documents\\proyectos\\construccion\\matfi_cs_acomp_2026\\matfi_backend\\src\\controllers\\ingredienteController.js": {"path":"C:\\Users\\Dilian\\Documents\\proyectos\\construccion\\matfi_cs_acomp_2026\\matfi_backend\\src\\controllers\\ingredienteController.js","statementMap":{"0":{"start":{"line":6,"column":4},"end":{"line":12,"column":5}},"1":{"start":{"line":7,"column":27},"end":{"line":7,"column":59}},"2":{"start":{"line":8,"column":6},"end":{"line":8,"column":29}},"3":{"start":{"line":10,"column":6},"end":{"line":10,"column":61}},"4":{"start":{"line":11,"column":6},"end":{"line":11,"column":68}},"5":{"start":{"line":16,"column":4},"end":{"line":27,"column":5}},"6":{"start":{"line":17,"column":44},"end":{"line":17,"column":52}},"7":{"start":{"line":18,"column":6},"end":{"line":20,"column":7}},"8":{"start":{"line":19,"column":8},"end":{"line":19,"column":85}},"9":{"start":{"line":22,"column":31},"end":{"line":22,"column":91}},"10":{"start":{"line":23,"column":6},"end":{"line":23,"column":45}},"11":{"start":{"line":25,"column":6},"end":{"line":25,"column":58}},"12":{"start":{"line":26,"column":6},"end":{"line":26,"column":68}},"13":{"start":{"line":31,"column":4},"end":{"line":48,"column":5}},"14":{"start":{"line":32,"column":21},"end":{"line":32,"column":31}},"15":{"start":{"line":33,"column":44},"end":{"line":33,"column":52}},"16":{"start":{"line":35,"column":6},"end":{"line":37,"column":7}},"17":{"start":{"line":36,"column":8},"end":{"line":36,"column":85}},"18":{"start":{"line":39,"column":37},"end":{"line":39,"column":101}},"19":{"start":{"line":40,"column":6},"end":{"line":42,"column":7}},"20":{"start":{"line":41,"column":8},"end":{"line":41,"column":76}},"21":{"start":{"line":44,"column":6},"end":{"line":44,"column":39}},"22":{"start":{"line":46,"column":6},"end":{"line":46,"column":63}},"23":{"start":{"line":47,"column":6},"end":{"line":47,"column":68}},"24":{"start":{"line":52,"column":4},"end":{"line":64,"column":5}},"25":{"start":{"line":53,"column":21},"end":{"line":53,"column":31}},"26":{"start":{"line":54,"column":26},"end":{"line":54,"column":61}},"27":{"start":{"line":55,"column":6},"end":{"line":57,"column":7}},"28":{"start":{"line":56,"column":8},"end":{"line":56,"column":76}},"29":{"start":{"line":59,"column":6},"end":{"line":59,"column":40}},"30":{"start":{"line":60,"column":6},"end":{"line":60,"column":67}},"31":{"start":{"line":62,"column":6},"end":{"line":62,"column":61}},"32":{"start":{"line":63,"column":6},"end":{"line":63,"column":68}}},"fnMap":{"0":{"name":"(anonymous_0)","decl":{"start":{"line":5,"column":2},"end":{"line":5,"column":3}},"loc":{"start":{"line":5,"column":32},"end":{"line":13,"column":3}},"line":5},"1":{"name":"(anonymous_1)","decl":{"start":{"line":15,"column":2},"end":{"line":15,"column":3}},"loc":{"start":{"line":15,"column":32},"end":{"line":28,"column":3}},"line":15},"2":{"name":"(anonymous_2)","decl":{"start":{"line":30,"column":2},"end":{"line":30,"column":3}},"loc":{"start":{"line":30,"column":32},"end":{"line":49,"column":3}},"line":30},"3":{"name":"(anonymous_3)","decl":{"start":{"line":51,"column":2},"end":{"line":51,"column":3}},"loc":{"start":{"line":51,"column":32},"end":{"line":65,"column":3}},"line":51}},"branchMap":{"0":{"loc":{"start":{"line":18,"column":6},"end":{"line":20,"column":7}},"type":"if","locations":[{"start":{"line":18,"column":6},"end":{"line":20,"column":7}},{"start":{},"end":{}}],"line":18},"1":{"loc":{"start":{"line":35,"column":6},"end":{"line":37,"column":7}},"type":"if","locations":[{"start":{"line":35,"column":6},"end":{"line":37,"column":7}},{"start":{},"end":{}}],"line":35},"2":{"loc":{"start":{"line":40,"column":6},"end":{"line":42,"column":7}},"type":"if","locations":[{"start":{"line":40,"column":6},"end":{"line":42,"column":7}},{"start":{},"end":{}}],"line":40},"3":{"loc":{"start":{"line":55,"column":6},"end":{"line":57,"column":7}},"type":"if","locations":[{"start":{"line":55,"column":6},"end":{"line":57,"column":7}},{"start":{},"end":{}}],"line":55}},"s":{"0":0,"1":0,"2":0,"3":0,"4":0,"5":0,"6":0,"7":0,"8":0,"9":0,"10":0,"11":0,"12":0,"13":0,"14":0,"15":0,"16":0,"17":0,"18":0,"19":0,"20":0,"21":0,"22":0,"23":0,"24":0,"25":0,"26":0,"27":0,"28":0,"29":0,"30":0,"31":0,"32":0},"f":{"0":0,"1":0,"2":0,"3":0},"b":{"0":[0,0],"1":[0,0],"2":[0,0],"3":[0,0]},"_coverageSchema":"1a1c01bbd47fc00a2c39e90264f33305004495a9","hash":"d232025aefeca44b82449af6406f2add1bdf0f7e"}
,"C:\\Users\\Dilian\\Documents\\proyectos\\construccion\\matfi_cs_acomp_2026\\matfi_backend\\src\\controllers\\metaFisicaController.js": {"path":"C:\\Users\\Dilian\\Documents\\proyectos\\construccion\\matfi_cs_acomp_2026\\matfi_backend\\src\\controllers\\metaFisicaController.js","statementMap":{"0":{"start":{"line":7,"column":4},"end":{"line":13,"column":5}},"1":{"start":{"line":8,"column":20},"end":{"line":8,"column":74}},"2":{"start":{"line":9,"column":6},"end":{"line":9,"column":22}},"3":{"start":{"line":11,"column":6},"end":{"line":11,"column":62}},"4":{"start":{"line":12,"column":6},"end":{"line":12,"column":68}},"5":{"start":{"line":18,"column":4},"end":{"line":59,"column":5}},"6":{"start":{"line":19,"column":76},"end":{"line":19,"column":84}},"7":{"start":{"line":22,"column":27},"end":{"line":22,"column":67}},"8":{"start":{"line":23,"column":6},"end":{"line":25,"column":7}},"9":{"start":{"line":24,"column":8},"end":{"line":24,"column":107}},"10":{"start":{"line":27,"column":6},"end":{"line":29,"column":7}},"11":{"start":{"line":28,"column":8},"end":{"line":28,"column":96}},"12":{"start":{"line":31,"column":6},"end":{"line":33,"column":7}},"13":{"start":{"line":32,"column":8},"end":{"line":32,"column":107}},"14":{"start":{"line":35,"column":6},"end":{"line":37,"column":7}},"15":{"start":{"line":36,"column":8},"end":{"line":36,"column":104}},"16":{"start":{"line":40,"column":6},"end":{"line":42,"column":7}},"17":{"start":{"line":41,"column":8},"end":{"line":41,"column":94}},"18":{"start":{"line":44,"column":24},"end":{"line":50,"column":8}},"19":{"start":{"line":52,"column":6},"end":{"line":55,"column":9}},"20":{"start":{"line":57,"column":6},"end":{"line":57,"column":58}},"21":{"start":{"line":58,"column":6},"end":{"line":58,"column":68}},"22":{"start":{"line":64,"column":4},"end":{"line":119,"column":5}},"23":{"start":{"line":65,"column":21},"end":{"line":65,"column":31}},"24":{"start":{"line":66,"column":76},"end":{"line":66,"column":84}},"25":{"start":{"line":69,"column":19},"end":{"line":69,"column":53}},"26":{"start":{"line":70,"column":6},"end":{"line":72,"column":7}},"27":{"start":{"line":71,"column":8},"end":{"line":71,"column":76}},"28":{"start":{"line":74,"column":6},"end":{"line":76,"column":7}},"29":{"start":{"line":75,"column":8},"end":{"line":75,"column":94}},"30":{"start":{"line":79,"column":6},"end":{"line":84,"column":7}},"31":{"start":{"line":80,"column":29},"end":{"line":80,"column":69}},"32":{"start":{"line":81,"column":8},"end":{"line":83,"column":9}},"33":{"start":{"line":82,"column":10},"end":{"line":82,"column":109}},"34":{"start":{"line":86,"column":6},"end":{"line":88,"column":7}},"35":{"start":{"line":87,"column":8},"end":{"line":87,"column":96}},"36":{"start":{"line":90,"column":6},"end":{"line":92,"column":7}},"37":{"start":{"line":91,"column":8},"end":{"line":91,"column":92}},"38":{"start":{"line":94,"column":6},"end":{"line":96,"column":7}},"39":{"start":{"line":95,"column":8},"end":{"line":95,"column":89}},"40":{"start":{"line":99,"column":6},"end":{"line":103,"column":7}},"41":{"start":{"line":100,"column":8},"end":{"line":102,"column":9}},"42":{"start":{"line":101,"column":10},"end":{"line":101,"column":96}},"43":{"start":{"line":105,"column":30},"end":{"line":110,"column":8}},"44":{"start":{"line":112,"column":6},"end":{"line":115,"column":9}},"45":{"start":{"line":117,"column":6},"end":{"line":117,"column":63}},"46":{"start":{"line":118,"column":6},"end":{"line":118,"column":68}},"47":{"start":{"line":124,"column":4},"end":{"line":143,"column":5}},"48":{"start":{"line":125,"column":21},"end":{"line":125,"column":31}},"49":{"start":{"line":128,"column":19},"end":{"line":128,"column":53}},"50":{"start":{"line":129,"column":6},"end":{"line":131,"column":7}},"51":{"start":{"line":130,"column":8},"end":{"line":130,"column":76}},"52":{"start":{"line":134,"column":6},"end":{"line":136,"column":7}},"53":{"start":{"line":135,"column":8},"end":{"line":135,"column":92}},"54":{"start":{"line":138,"column":6},"end":{"line":138,"column":39}},"55":{"start":{"line":139,"column":6},"end":{"line":139,"column":67}},"56":{"start":{"line":141,"column":6},"end":{"line":141,"column":61}},"57":{"start":{"line":142,"column":6},"end":{"line":142,"column":68}}},"fnMap":{"0":{"name":"(anonymous_0)","decl":{"start":{"line":6,"column":2},"end":{"line":6,"column":3}},"loc":{"start":{"line":6,"column":32},"end":{"line":14,"column":3}},"line":6},"1":{"name":"(anonymous_1)","decl":{"start":{"line":17,"column":2},"end":{"line":17,"column":3}},"loc":{"start":{"line":17,"column":32},"end":{"line":60,"column":3}},"line":17},"2":{"name":"(anonymous_2)","decl":{"start":{"line":63,"column":2},"end":{"line":63,"column":3}},"loc":{"start":{"line":63,"column":32},"end":{"line":120,"column":3}},"line":63},"3":{"name":"(anonymous_3)","decl":{"start":{"line":123,"column":2},"end":{"line":123,"column":3}},"loc":{"start":{"line":123,"column":32},"end":{"line":144,"column":3}},"line":123}},"branchMap":{"0":{"loc":{"start":{"line":23,"column":6},"end":{"line":25,"column":7}},"type":"if","locations":[{"start":{"line":23,"column":6},"end":{"line":25,"column":7}},{"start":{},"end":{}}],"line":23},"1":{"loc":{"start":{"line":23,"column":10},"end":{"line":23,"column":71}},"type":"binary-expr","locations":[{"start":{"line":23,"column":10},"end":{"line":23,"column":27}},{"start":{"line":23,"column":31},"end":{"line":23,"column":71}}],"line":23},"2":{"loc":{"start":{"line":27,"column":6},"end":{"line":29,"column":7}},"type":"if","locations":[{"start":{"line":27,"column":6},"end":{"line":29,"column":7}},{"start":{},"end":{}}],"line":27},"3":{"loc":{"start":{"line":31,"column":6},"end":{"line":33,"column":7}},"type":"if","locations":[{"start":{"line":31,"column":6},"end":{"line":33,"column":7}},{"start":{},"end":{}}],"line":31},"4":{"loc":{"start":{"line":31,"column":10},"end":{"line":31,"column":67}},"type":"binary-expr","locations":[{"start":{"line":31,"column":10},"end":{"line":31,"column":22}},{"start":{"line":31,"column":26},"end":{"line":31,"column":67}}],"line":31},"5":{"loc":{"start":{"line":35,"column":6},"end":{"line":37,"column":7}},"type":"if","locations":[{"start":{"line":35,"column":6},"end":{"line":37,"column":7}},{"start":{},"end":{}}],"line":35},"6":{"loc":{"start":{"line":35,"column":10},"end":{"line":35,"column":61}},"type":"binary-expr","locations":[{"start":{"line":35,"column":10},"end":{"line":35,"column":19}},{"start":{"line":35,"column":23},"end":{"line":35,"column":61}}],"line":35},"7":{"loc":{"start":{"line":40,"column":6},"end":{"line":42,"column":7}},"type":"if","locations":[{"start":{"line":40,"column":6},"end":{"line":42,"column":7}},{"start":{},"end":{}}],"line":40},"8":{"loc":{"start":{"line":70,"column":6},"end":{"line":72,"column":7}},"type":"if","locations":[{"start":{"line":70,"column":6},"end":{"line":72,"column":7}},{"start":{},"end":{}}],"line":70},"9":{"loc":{"start":{"line":74,"column":6},"end":{"line":76,"column":7}},"type":"if","locations":[{"start":{"line":74,"column":6},"end":{"line":76,"column":7}},{"start":{},"end":{}}],"line":74},"10":{"loc":{"start":{"line":79,"column":6},"end":{"line":84,"column":7}},"type":"if","locations":[{"start":{"line":79,"column":6},"end":{"line":84,"column":7}},{"start":{},"end":{}}],"line":79},"11":{"loc":{"start":{"line":81,"column":8},"end":{"line":83,"column":9}},"type":"if","locations":[{"start":{"line":81,"column":8},"end":{"line":83,"column":9}},{"start":{},"end":{}}],"line":81},"12":{"loc":{"start":{"line":86,"column":6},"end":{"line":88,"column":7}},"type":"if","locations":[{"start":{"line":86,"column":6},"end":{"line":88,"column":7}},{"start":{},"end":{}}],"line":86},"13":{"loc":{"start":{"line":86,"column":10},"end":{"line":86,"column":81}},"type":"binary-expr","locations":[{"start":{"line":86,"column":10},"end":{"line":86,"column":26}},{"start":{"line":86,"column":30},"end":{"line":86,"column":81}}],"line":86},"14":{"loc":{"start":{"line":90,"column":6},"end":{"line":92,"column":7}},"type":"if","locations":[{"start":{"line":90,"column":6},"end":{"line":92,"column":7}},{"start":{},"end":{}}],"line":90},"15":{"loc":{"start":{"line":90,"column":10},"end":{"line":90,"column":66}},"type":"binary-expr","locations":[{"start":{"line":90,"column":10},"end":{"line":90,"column":21}},{"start":{"line":90,"column":25},"end":{"line":90,"column":66}}],"line":90},"16":{"loc":{"start":{"line":94,"column":6},"end":{"line":96,"column":7}},"type":"if","locations":[{"start":{"line":94,"column":6},"end":{"line":96,"column":7}},{"start":{},"end":{}}],"line":94},"17":{"loc":{"start":{"line":94,"column":10},"end":{"line":94,"column":60}},"type":"binary-expr","locations":[{"start":{"line":94,"column":10},"end":{"line":94,"column":18}},{"start":{"line":94,"column":22},"end":{"line":94,"column":60}}],"line":94},"18":{"loc":{"start":{"line":99,"column":6},"end":{"line":103,"column":7}},"type":"if","locations":[{"start":{"line":99,"column":6},"end":{"line":103,"column":7}},{"start":{},"end":{}}],"line":99},"19":{"loc":{"start":{"line":99,"column":10},"end":{"line":99,"column":33}},"type":"binary-expr","locations":[{"start":{"line":99,"column":10},"end":{"line":99,"column":21}},{"start":{"line":99,"column":25},"end":{"line":99,"column":33}}],"line":99},"20":{"loc":{"start":{"line":100,"column":8},"end":{"line":102,"column":9}},"type":"if","locations":[{"start":{"line":100,"column":8},"end":{"line":102,"column":9}},{"start":{},"end":{}}],"line":100},"21":{"loc":{"start":{"line":129,"column":6},"end":{"line":131,"column":7}},"type":"if","locations":[{"start":{"line":129,"column":6},"end":{"line":131,"column":7}},{"start":{},"end":{}}],"line":129},"22":{"loc":{"start":{"line":134,"column":6},"end":{"line":136,"column":7}},"type":"if","locations":[{"start":{"line":134,"column":6},"end":{"line":136,"column":7}},{"start":{},"end":{}}],"line":134}},"s":{"0":0,"1":0,"2":0,"3":0,"4":0,"5":0,"6":0,"7":0,"8":0,"9":0,"10":0,"11":0,"12":0,"13":0,"14":0,"15":0,"16":0,"17":0,"18":0,"19":0,"20":0,"21":0,"22":0,"23":0,"24":0,"25":0,"26":0,"27":0,"28":0,"29":0,"30":0,"31":0,"32":0,"33":0,"34":0,"35":0,"36":0,"37":0,"38":0,"39":0,"40":0,"41":0,"42":0,"43":0,"44":0,"45":0,"46":0,"47":0,"48":0,"49":0,"50":0,"51":0,"52":0,"53":0,"54":0,"55":0,"56":0,"57":0},"f":{"0":0,"1":0,"2":0,"3":0},"b":{"0":[0,0],"1":[0,0],"2":[0,0],"3":[0,0],"4":[0,0],"5":[0,0],"6":[0,0],"7":[0,0],"8":[0,0],"9":[0,0],"10":[0,0],"11":[0,0],"12":[0,0],"13":[0,0],"14":[0,0],"15":[0,0],"16":[0,0],"17":[0,0],"18":[0,0],"19":[0,0],"20":[0,0],"21":[0,0],"22":[0,0]},"_coverageSchema":"1a1c01bbd47fc00a2c39e90264f33305004495a9","hash":"8d6168a1b4932fd468bbe44b765e1a28ee79d6ee"}
,"C:\\Users\\Dilian\\Documents\\proyectos\\construccion\\matfi_cs_acomp_2026\\matfi_backend\\src\\controllers\\recetaController.js": {"path":"C:\\Users\\Dilian\\Documents\\proyectos\\construccion\\matfi_cs_acomp_2026\\matfi_backend\\src\\controllers\\recetaController.js","statementMap":{"0":{"start":{"line":6,"column":4},"end":{"line":12,"column":5}},"1":{"start":{"line":7,"column":22},"end":{"line":7,"column":49}},"2":{"start":{"line":8,"column":6},"end":{"line":8,"column":24}},"3":{"start":{"line":10,"column":6},"end":{"line":10,"column":56}},"4":{"start":{"line":11,"column":6},"end":{"line":11,"column":68}},"5":{"start":{"line":16,"column":4},"end":{"line":31,"column":5}},"6":{"start":{"line":17,"column":119},"end":{"line":17,"column":127}},"7":{"start":{"line":18,"column":6},"end":{"line":20,"column":7}},"8":{"start":{"line":19,"column":8},"end":{"line":19,"column":80}},"9":{"start":{"line":22,"column":6},"end":{"line":24,"column":7}},"10":{"start":{"line":23,"column":8},"end":{"line":23,"column":83}},"11":{"start":{"line":26,"column":26},"end":{"line":26,"column":156}},"12":{"start":{"line":27,"column":6},"end":{"line":27,"column":40}},"13":{"start":{"line":29,"column":6},"end":{"line":29,"column":53}},"14":{"start":{"line":30,"column":6},"end":{"line":30,"column":68}},"15":{"start":{"line":35,"column":4},"end":{"line":55,"column":5}},"16":{"start":{"line":36,"column":21},"end":{"line":36,"column":31}},"17":{"start":{"line":37,"column":119},"end":{"line":37,"column":127}},"18":{"start":{"line":38,"column":6},"end":{"line":40,"column":7}},"19":{"start":{"line":39,"column":8},"end":{"line":39,"column":80}},"20":{"start":{"line":42,"column":6},"end":{"line":44,"column":7}},"21":{"start":{"line":43,"column":8},"end":{"line":43,"column":83}},"22":{"start":{"line":46,"column":32},"end":{"line":46,"column":166}},"23":{"start":{"line":47,"column":6},"end":{"line":49,"column":7}},"24":{"start":{"line":48,"column":8},"end":{"line":48,"column":71}},"25":{"start":{"line":51,"column":6},"end":{"line":51,"column":34}},"26":{"start":{"line":53,"column":6},"end":{"line":53,"column":58}},"27":{"start":{"line":54,"column":6},"end":{"line":54,"column":68}},"28":{"start":{"line":59,"column":4},"end":{"line":71,"column":5}},"29":{"start":{"line":60,"column":21},"end":{"line":60,"column":31}},"30":{"start":{"line":61,"column":21},"end":{"line":61,"column":51}},"31":{"start":{"line":62,"column":6},"end":{"line":64,"column":7}},"32":{"start":{"line":63,"column":8},"end":{"line":63,"column":71}},"33":{"start":{"line":66,"column":6},"end":{"line":66,"column":35}},"34":{"start":{"line":67,"column":6},"end":{"line":67,"column":62}},"35":{"start":{"line":69,"column":6},"end":{"line":69,"column":56}},"36":{"start":{"line":70,"column":6},"end":{"line":70,"column":68}}},"fnMap":{"0":{"name":"(anonymous_0)","decl":{"start":{"line":5,"column":2},"end":{"line":5,"column":3}},"loc":{"start":{"line":5,"column":32},"end":{"line":13,"column":3}},"line":5},"1":{"name":"(anonymous_1)","decl":{"start":{"line":15,"column":2},"end":{"line":15,"column":3}},"loc":{"start":{"line":15,"column":32},"end":{"line":32,"column":3}},"line":15},"2":{"name":"(anonymous_2)","decl":{"start":{"line":34,"column":2},"end":{"line":34,"column":3}},"loc":{"start":{"line":34,"column":32},"end":{"line":56,"column":3}},"line":34},"3":{"name":"(anonymous_3)","decl":{"start":{"line":58,"column":2},"end":{"line":58,"column":3}},"loc":{"start":{"line":58,"column":32},"end":{"line":72,"column":3}},"line":58}},"branchMap":{"0":{"loc":{"start":{"line":18,"column":6},"end":{"line":20,"column":7}},"type":"if","locations":[{"start":{"line":18,"column":6},"end":{"line":20,"column":7}},{"start":{},"end":{}}],"line":18},"1":{"loc":{"start":{"line":22,"column":6},"end":{"line":24,"column":7}},"type":"if","locations":[{"start":{"line":22,"column":6},"end":{"line":24,"column":7}},{"start":{},"end":{}}],"line":22},"2":{"loc":{"start":{"line":22,"column":10},"end":{"line":22,"column":54}},"type":"binary-expr","locations":[{"start":{"line":22,"column":10},"end":{"line":22,"column":22}},{"start":{"line":22,"column":26},"end":{"line":22,"column":54}}],"line":22},"3":{"loc":{"start":{"line":38,"column":6},"end":{"line":40,"column":7}},"type":"if","locations":[{"start":{"line":38,"column":6},"end":{"line":40,"column":7}},{"start":{},"end":{}}],"line":38},"4":{"loc":{"start":{"line":42,"column":6},"end":{"line":44,"column":7}},"type":"if","locations":[{"start":{"line":42,"column":6},"end":{"line":44,"column":7}},{"start":{},"end":{}}],"line":42},"5":{"loc":{"start":{"line":42,"column":10},"end":{"line":42,"column":54}},"type":"binary-expr","locations":[{"start":{"line":42,"column":10},"end":{"line":42,"column":22}},{"start":{"line":42,"column":26},"end":{"line":42,"column":54}}],"line":42},"6":{"loc":{"start":{"line":47,"column":6},"end":{"line":49,"column":7}},"type":"if","locations":[{"start":{"line":47,"column":6},"end":{"line":49,"column":7}},{"start":{},"end":{}}],"line":47},"7":{"loc":{"start":{"line":62,"column":6},"end":{"line":64,"column":7}},"type":"if","locations":[{"start":{"line":62,"column":6},"end":{"line":64,"column":7}},{"start":{},"end":{}}],"line":62}},"s":{"0":1,"1":1,"2":1,"3":0,"4":0,"5":1,"6":1,"7":1,"8":0,"9":1,"10":0,"11":1,"12":1,"13":0,"14":0,"15":0,"16":0,"17":0,"18":0,"19":0,"20":0,"21":0,"22":0,"23":0,"24":0,"25":0,"26":0,"27":0,"28":0,"29":0,"30":0,"31":0,"32":0,"33":0,"34":0,"35":0,"36":0},"f":{"0":1,"1":1,"2":0,"3":0},"b":{"0":[0,1],"1":[0,1],"2":[1,1],"3":[0,0],"4":[0,0],"5":[0,0],"6":[0,0],"7":[0,0]},"_coverageSchema":"1a1c01bbd47fc00a2c39e90264f33305004495a9","hash":"d89852564219204d68b6e2aaa92e93dd771c8172"}
,"C:\\Users\\Dilian\\Documents\\proyectos\\construccion\\matfi_cs_acomp_2026\\matfi_backend\\src\\controllers\\registroActividadFisicaController.js": {"path":"C:\\Users\\Dilian\\Documents\\proyectos\\construccion\\matfi_cs_acomp_2026\\matfi_backend\\src\\controllers\\registroActividadFisicaController.js","statementMap":{"0":{"start":{"line":7,"column":4},"end":{"line":13,"column":5}},"1":{"start":{"line":8,"column":24},"end":{"line":8,"column":91}},"2":{"start":{"line":9,"column":6},"end":{"line":9,"column":26}},"3":{"start":{"line":11,"column":6},"end":{"line":11,"column":71}},"4":{"start":{"line":12,"column":6},"end":{"line":12,"column":68}},"5":{"start":{"line":18,"column":4},"end":{"line":30,"column":5}},"6":{"start":{"line":19,"column":24},"end":{"line":19,"column":33}},"7":{"start":{"line":21,"column":6},"end":{"line":23,"column":7}},"8":{"start":{"line":22,"column":8},"end":{"line":22,"column":100}},"9":{"start":{"line":25,"column":24},"end":{"line":25,"column":103}},"10":{"start":{"line":26,"column":6},"end":{"line":26,"column":26}},"11":{"start":{"line":28,"column":6},"end":{"line":28,"column":68}},"12":{"start":{"line":29,"column":6},"end":{"line":29,"column":68}},"13":{"start":{"line":35,"column":4},"end":{"line":71,"column":5}},"14":{"start":{"line":36,"column":78},"end":{"line":36,"column":86}},"15":{"start":{"line":39,"column":6},"end":{"line":41,"column":7}},"16":{"start":{"line":40,"column":8},"end":{"line":40,"column":100}},"17":{"start":{"line":43,"column":6},"end":{"line":45,"column":7}},"18":{"start":{"line":44,"column":8},"end":{"line":44,"column":96}},"19":{"start":{"line":47,"column":6},"end":{"line":49,"column":7}},"20":{"start":{"line":48,"column":8},"end":{"line":48,"column":95}},"21":{"start":{"line":51,"column":29},"end":{"line":51,"column":54}},"22":{"start":{"line":52,"column":6},"end":{"line":54,"column":7}},"23":{"start":{"line":53,"column":8},"end":{"line":53,"column":99}},"24":{"start":{"line":56,"column":28},"end":{"line":62,"column":8}},"25":{"start":{"line":64,"column":6},"end":{"line":67,"column":9}},"26":{"start":{"line":69,"column":6},"end":{"line":69,"column":68}},"27":{"start":{"line":70,"column":6},"end":{"line":70,"column":68}},"28":{"start":{"line":76,"column":4},"end":{"line":118,"column":5}},"29":{"start":{"line":77,"column":21},"end":{"line":77,"column":31}},"30":{"start":{"line":78,"column":71},"end":{"line":78,"column":79}},"31":{"start":{"line":81,"column":23},"end":{"line":81,"column":70}},"32":{"start":{"line":82,"column":6},"end":{"line":84,"column":7}},"33":{"start":{"line":83,"column":8},"end":{"line":83,"column":86}},"34":{"start":{"line":87,"column":6},"end":{"line":89,"column":7}},"35":{"start":{"line":88,"column":8},"end":{"line":88,"column":98}},"36":{"start":{"line":92,"column":6},"end":{"line":94,"column":7}},"37":{"start":{"line":93,"column":8},"end":{"line":93,"column":96}},"38":{"start":{"line":96,"column":6},"end":{"line":98,"column":7}},"39":{"start":{"line":97,"column":8},"end":{"line":97,"column":95}},"40":{"start":{"line":100,"column":29},"end":{"line":100,"column":54}},"41":{"start":{"line":101,"column":6},"end":{"line":103,"column":7}},"42":{"start":{"line":102,"column":8},"end":{"line":102,"column":99}},"43":{"start":{"line":105,"column":34},"end":{"line":109,"column":8}},"44":{"start":{"line":111,"column":6},"end":{"line":114,"column":9}},"45":{"start":{"line":116,"column":6},"end":{"line":116,"column":73}},"46":{"start":{"line":117,"column":6},"end":{"line":117,"column":68}},"47":{"start":{"line":123,"column":4},"end":{"line":142,"column":5}},"48":{"start":{"line":124,"column":21},"end":{"line":124,"column":31}},"49":{"start":{"line":127,"column":23},"end":{"line":127,"column":70}},"50":{"start":{"line":128,"column":6},"end":{"line":130,"column":7}},"51":{"start":{"line":129,"column":8},"end":{"line":129,"column":86}},"52":{"start":{"line":133,"column":6},"end":{"line":135,"column":7}},"53":{"start":{"line":134,"column":8},"end":{"line":134,"column":96}},"54":{"start":{"line":137,"column":6},"end":{"line":137,"column":52}},"55":{"start":{"line":138,"column":6},"end":{"line":138,"column":77}},"56":{"start":{"line":140,"column":6},"end":{"line":140,"column":71}},"57":{"start":{"line":141,"column":6},"end":{"line":141,"column":68}},"58":{"start":{"line":147,"column":4},"end":{"line":175,"column":5}},"59":{"start":{"line":148,"column":21},"end":{"line":148,"column":31}},"60":{"start":{"line":149,"column":27},"end":{"line":149,"column":35}},"61":{"start":{"line":151,"column":6},"end":{"line":153,"column":7}},"62":{"start":{"line":152,"column":8},"end":{"line":152,"column":72}},"63":{"start":{"line":156,"column":23},"end":{"line":156,"column":70}},"64":{"start":{"line":157,"column":6},"end":{"line":159,"column":7}},"65":{"start":{"line":158,"column":8},"end":{"line":158,"column":86}},"66":{"start":{"line":162,"column":6},"end":{"line":164,"column":7}},"67":{"start":{"line":163,"column":8},"end":{"line":163,"column":97}},"68":{"start":{"line":166,"column":21},"end":{"line":166,"column":79}},"69":{"start":{"line":168,"column":6},"end":{"line":171,"column":9}},"70":{"start":{"line":173,"column":6},"end":{"line":173,"column":55}},"71":{"start":{"line":174,"column":6},"end":{"line":174,"column":68}},"72":{"start":{"line":180,"column":4},"end":{"line":200,"column":5}},"73":{"start":{"line":181,"column":31},"end":{"line":181,"column":41}},"74":{"start":{"line":184,"column":23},"end":{"line":184,"column":70}},"75":{"start":{"line":185,"column":6},"end":{"line":187,"column":7}},"76":{"start":{"line":186,"column":8},"end":{"line":186,"column":86}},"77":{"start":{"line":190,"column":6},"end":{"line":192,"column":7}},"78":{"start":{"line":191,"column":8},"end":{"line":191,"column":97}},"79":{"start":{"line":194,"column":6},"end":{"line":194,"column":68}},"80":{"start":{"line":196,"column":6},"end":{"line":196,"column":75}},"81":{"start":{"line":198,"column":6},"end":{"line":198,"column":56}},"82":{"start":{"line":199,"column":6},"end":{"line":199,"column":68}}},"fnMap":{"0":{"name":"(anonymous_0)","decl":{"start":{"line":6,"column":2},"end":{"line":6,"column":3}},"loc":{"start":{"line":6,"column":32},"end":{"line":14,"column":3}},"line":6},"1":{"name":"(anonymous_1)","decl":{"start":{"line":17,"column":2},"end":{"line":17,"column":3}},"loc":{"start":{"line":17,"column":35},"end":{"line":31,"column":3}},"line":17},"2":{"name":"(anonymous_2)","decl":{"start":{"line":34,"column":2},"end":{"line":34,"column":3}},"loc":{"start":{"line":34,"column":32},"end":{"line":72,"column":3}},"line":34},"3":{"name":"(anonymous_3)","decl":{"start":{"line":75,"column":2},"end":{"line":75,"column":3}},"loc":{"start":{"line":75,"column":32},"end":{"line":119,"column":3}},"line":75},"4":{"name":"(anonymous_4)","decl":{"start":{"line":122,"column":2},"end":{"line":122,"column":3}},"loc":{"start":{"line":122,"column":32},"end":{"line":143,"column":3}},"line":122},"5":{"name":"(anonymous_5)","decl":{"start":{"line":146,"column":2},"end":{"line":146,"column":3}},"loc":{"start":{"line":146,"column":35},"end":{"line":176,"column":3}},"line":146},"6":{"name":"(anonymous_6)","decl":{"start":{"line":179,"column":2},"end":{"line":179,"column":3}},"loc":{"start":{"line":179,"column":38},"end":{"line":201,"column":3}},"line":179}},"branchMap":{"0":{"loc":{"start":{"line":21,"column":6},"end":{"line":23,"column":7}},"type":"if","locations":[{"start":{"line":21,"column":6},"end":{"line":23,"column":7}},{"start":{},"end":{}}],"line":21},"1":{"loc":{"start":{"line":21,"column":10},"end":{"line":21,"column":55}},"type":"binary-expr","locations":[{"start":{"line":21,"column":10},"end":{"line":21,"column":16}},{"start":{"line":21,"column":20},"end":{"line":21,"column":55}}],"line":21},"2":{"loc":{"start":{"line":39,"column":6},"end":{"line":41,"column":7}},"type":"if","locations":[{"start":{"line":39,"column":6},"end":{"line":41,"column":7}},{"start":{},"end":{}}],"line":39},"3":{"loc":{"start":{"line":39,"column":10},"end":{"line":39,"column":55}},"type":"binary-expr","locations":[{"start":{"line":39,"column":10},"end":{"line":39,"column":16}},{"start":{"line":39,"column":20},"end":{"line":39,"column":55}}],"line":39},"4":{"loc":{"start":{"line":43,"column":6},"end":{"line":45,"column":7}},"type":"if","locations":[{"start":{"line":43,"column":6},"end":{"line":45,"column":7}},{"start":{},"end":{}}],"line":43},"5":{"loc":{"start":{"line":43,"column":10},"end":{"line":43,"column":81}},"type":"binary-expr","locations":[{"start":{"line":43,"column":10},"end":{"line":43,"column":26}},{"start":{"line":43,"column":30},"end":{"line":43,"column":81}}],"line":43},"6":{"loc":{"start":{"line":47,"column":6},"end":{"line":49,"column":7}},"type":"if","locations":[{"start":{"line":47,"column":6},"end":{"line":49,"column":7}},{"start":{},"end":{}}],"line":47},"7":{"loc":{"start":{"line":47,"column":10},"end":{"line":47,"column":79}},"type":"binary-expr","locations":[{"start":{"line":47,"column":10},"end":{"line":47,"column":25}},{"start":{"line":47,"column":29},"end":{"line":47,"column":79}}],"line":47},"8":{"loc":{"start":{"line":52,"column":6},"end":{"line":54,"column":7}},"type":"if","locations":[{"start":{"line":52,"column":6},"end":{"line":54,"column":7}},{"start":{},"end":{}}],"line":52},"9":{"loc":{"start":{"line":52,"column":10},"end":{"line":52,"column":74}},"type":"binary-expr","locations":[{"start":{"line":52,"column":10},"end":{"line":52,"column":27}},{"start":{"line":52,"column":31},"end":{"line":52,"column":74}}],"line":52},"10":{"loc":{"start":{"line":82,"column":6},"end":{"line":84,"column":7}},"type":"if","locations":[{"start":{"line":82,"column":6},"end":{"line":84,"column":7}},{"start":{},"end":{}}],"line":82},"11":{"loc":{"start":{"line":87,"column":6},"end":{"line":89,"column":7}},"type":"if","locations":[{"start":{"line":87,"column":6},"end":{"line":89,"column":7}},{"start":{},"end":{}}],"line":87},"12":{"loc":{"start":{"line":92,"column":6},"end":{"line":94,"column":7}},"type":"if","locations":[{"start":{"line":92,"column":6},"end":{"line":94,"column":7}},{"start":{},"end":{}}],"line":92},"13":{"loc":{"start":{"line":92,"column":10},"end":{"line":92,"column":81}},"type":"binary-expr","locations":[{"start":{"line":92,"column":10},"end":{"line":92,"column":26}},{"start":{"line":92,"column":30},"end":{"line":92,"column":81}}],"line":92},"14":{"loc":{"start":{"line":96,"column":6},"end":{"line":98,"column":7}},"type":"if","locations":[{"start":{"line":96,"column":6},"end":{"line":98,"column":7}},{"start":{},"end":{}}],"line":96},"15":{"loc":{"start":{"line":96,"column":10},"end":{"line":96,"column":79}},"type":"binary-expr","locations":[{"start":{"line":96,"column":10},"end":{"line":96,"column":25}},{"start":{"line":96,"column":29},"end":{"line":96,"column":79}}],"line":96},"16":{"loc":{"start":{"line":101,"column":6},"end":{"line":103,"column":7}},"type":"if","locations":[{"start":{"line":101,"column":6},"end":{"line":103,"column":7}},{"start":{},"end":{}}],"line":101},"17":{"loc":{"start":{"line":101,"column":10},"end":{"line":101,"column":74}},"type":"binary-expr","locations":[{"start":{"line":101,"column":10},"end":{"line":101,"column":27}},{"start":{"line":101,"column":31},"end":{"line":101,"column":74}}],"line":101},"18":{"loc":{"start":{"line":128,"column":6},"end":{"line":130,"column":7}},"type":"if","locations":[{"start":{"line":128,"column":6},"end":{"line":130,"column":7}},{"start":{},"end":{}}],"line":128},"19":{"loc":{"start":{"line":133,"column":6},"end":{"line":135,"column":7}},"type":"if","locations":[{"start":{"line":133,"column":6},"end":{"line":135,"column":7}},{"start":{},"end":{}}],"line":133},"20":{"loc":{"start":{"line":151,"column":6},"end":{"line":153,"column":7}},"type":"if","locations":[{"start":{"line":151,"column":6},"end":{"line":153,"column":7}},{"start":{},"end":{}}],"line":151},"21":{"loc":{"start":{"line":157,"column":6},"end":{"line":159,"column":7}},"type":"if","locations":[{"start":{"line":157,"column":6},"end":{"line":159,"column":7}},{"start":{},"end":{}}],"line":157},"22":{"loc":{"start":{"line":162,"column":6},"end":{"line":164,"column":7}},"type":"if","locations":[{"start":{"line":162,"column":6},"end":{"line":164,"column":7}},{"start":{},"end":{}}],"line":162},"23":{"loc":{"start":{"line":185,"column":6},"end":{"line":187,"column":7}},"type":"if","locations":[{"start":{"line":185,"column":6},"end":{"line":187,"column":7}},{"start":{},"end":{}}],"line":185},"24":{"loc":{"start":{"line":190,"column":6},"end":{"line":192,"column":7}},"type":"if","locations":[{"start":{"line":190,"column":6},"end":{"line":192,"column":7}},{"start":{},"end":{}}],"line":190}},"s":{"0":0,"1":0,"2":0,"3":0,"4":0,"5":0,"6":0,"7":0,"8":0,"9":0,"10":0,"11":0,"12":0,"13":0,"14":0,"15":0,"16":0,"17":0,"18":0,"19":0,"20":0,"21":0,"22":0,"23":0,"24":0,"25":0,"26":0,"27":0,"28":0,"29":0,"30":0,"31":0,"32":0,"33":0,"34":0,"35":0,"36":0,"37":0,"38":0,"39":0,"40":0,"41":0,"42":0,"43":0,"44":0,"45":0,"46":0,"47":0,"48":0,"49":0,"50":0,"51":0,"52":0,"53":0,"54":0,"55":0,"56":0,"57":0,"58":0,"59":0,"60":0,"61":0,"62":0,"63":0,"64":0,"65":0,"66":0,"67":0,"68":0,"69":0,"70":0,"71":0,"72":0,"73":0,"74":0,"75":0,"76":0,"77":0,"78":0,"79":0,"80":0,"81":0,"82":0},"f":{"0":0,"1":0,"2":0,"3":0,"4":0,"5":0,"6":0},"b":{"0":[0,0],"1":[0,0],"2":[0,0],"3":[0,0],"4":[0,0],"5":[0,0],"6":[0,0],"7":[0,0],"8":[0,0],"9":[0,0],"10":[0,0],"11":[0,0],"12":[0,0],"13":[0,0],"14":[0,0],"15":[0,0],"16":[0,0],"17":[0,0],"18":[0,0],"19":[0,0],"20":[0,0],"21":[0,0],"22":[0,0],"23":[0,0],"24":[0,0]},"_coverageSchema":"1a1c01bbd47fc00a2c39e90264f33305004495a9","hash":"d30735b47bc56583a11c7119d0d7a7987ffeeee2"}
,"C:\\Users\\Dilian\\Documents\\proyectos\\construccion\\matfi_cs_acomp_2026\\matfi_backend\\src\\controllers\\registroIngestaAlimenticiController.js": {"path":"C:\\Users\\Dilian\\Documents\\proyectos\\construccion\\matfi_cs_acomp_2026\\matfi_backend\\src\\controllers\\registroIngestaAlimenticiController.js","statementMap":{"0":{"start":{"line":7,"column":4},"end":{"line":13,"column":5}},"1":{"start":{"line":8,"column":24},"end":{"line":8,"column":93}},"2":{"start":{"line":9,"column":6},"end":{"line":9,"column":26}},"3":{"start":{"line":11,"column":6},"end":{"line":11,"column":69}},"4":{"start":{"line":12,"column":6},"end":{"line":12,"column":68}},"5":{"start":{"line":18,"column":4},"end":{"line":30,"column":5}},"6":{"start":{"line":19,"column":24},"end":{"line":19,"column":33}},"7":{"start":{"line":21,"column":6},"end":{"line":23,"column":7}},"8":{"start":{"line":22,"column":8},"end":{"line":22,"column":100}},"9":{"start":{"line":25,"column":24},"end":{"line":25,"column":105}},"10":{"start":{"line":26,"column":6},"end":{"line":26,"column":26}},"11":{"start":{"line":28,"column":6},"end":{"line":28,"column":68}},"12":{"start":{"line":29,"column":6},"end":{"line":29,"column":68}},"13":{"start":{"line":35,"column":4},"end":{"line":60,"column":5}},"14":{"start":{"line":36,"column":44},"end":{"line":36,"column":52}},"15":{"start":{"line":39,"column":6},"end":{"line":41,"column":7}},"16":{"start":{"line":40,"column":8},"end":{"line":40,"column":100}},"17":{"start":{"line":43,"column":6},"end":{"line":45,"column":7}},"18":{"start":{"line":44,"column":8},"end":{"line":44,"column":113}},"19":{"start":{"line":47,"column":28},"end":{"line":51,"column":8}},"20":{"start":{"line":53,"column":6},"end":{"line":56,"column":9}},"21":{"start":{"line":58,"column":6},"end":{"line":58,"column":66}},"22":{"start":{"line":59,"column":6},"end":{"line":59,"column":68}},"23":{"start":{"line":65,"column":4},"end":{"line":96,"column":5}},"24":{"start":{"line":66,"column":21},"end":{"line":66,"column":31}},"25":{"start":{"line":67,"column":37},"end":{"line":67,"column":45}},"26":{"start":{"line":70,"column":23},"end":{"line":70,"column":72}},"27":{"start":{"line":71,"column":6},"end":{"line":73,"column":7}},"28":{"start":{"line":72,"column":8},"end":{"line":72,"column":84}},"29":{"start":{"line":76,"column":6},"end":{"line":78,"column":7}},"30":{"start":{"line":77,"column":8},"end":{"line":77,"column":98}},"31":{"start":{"line":81,"column":6},"end":{"line":83,"column":7}},"32":{"start":{"line":82,"column":8},"end":{"line":82,"column":98}},"33":{"start":{"line":85,"column":34},"end":{"line":87,"column":8}},"34":{"start":{"line":89,"column":6},"end":{"line":92,"column":9}},"35":{"start":{"line":94,"column":6},"end":{"line":94,"column":71}},"36":{"start":{"line":95,"column":6},"end":{"line":95,"column":68}},"37":{"start":{"line":101,"column":4},"end":{"line":120,"column":5}},"38":{"start":{"line":102,"column":21},"end":{"line":102,"column":31}},"39":{"start":{"line":105,"column":23},"end":{"line":105,"column":72}},"40":{"start":{"line":106,"column":6},"end":{"line":108,"column":7}},"41":{"start":{"line":107,"column":8},"end":{"line":107,"column":84}},"42":{"start":{"line":111,"column":6},"end":{"line":113,"column":7}},"43":{"start":{"line":112,"column":8},"end":{"line":112,"column":96}},"44":{"start":{"line":115,"column":6},"end":{"line":115,"column":54}},"45":{"start":{"line":116,"column":6},"end":{"line":116,"column":75}},"46":{"start":{"line":118,"column":6},"end":{"line":118,"column":69}},"47":{"start":{"line":119,"column":6},"end":{"line":119,"column":68}},"48":{"start":{"line":125,"column":4},"end":{"line":153,"column":5}},"49":{"start":{"line":126,"column":21},"end":{"line":126,"column":31}},"50":{"start":{"line":127,"column":27},"end":{"line":127,"column":35}},"51":{"start":{"line":129,"column":6},"end":{"line":131,"column":7}},"52":{"start":{"line":130,"column":8},"end":{"line":130,"column":72}},"53":{"start":{"line":134,"column":23},"end":{"line":134,"column":72}},"54":{"start":{"line":135,"column":6},"end":{"line":137,"column":7}},"55":{"start":{"line":136,"column":8},"end":{"line":136,"column":84}},"56":{"start":{"line":140,"column":6},"end":{"line":142,"column":7}},"57":{"start":{"line":141,"column":8},"end":{"line":141,"column":97}},"58":{"start":{"line":144,"column":21},"end":{"line":144,"column":81}},"59":{"start":{"line":146,"column":6},"end":{"line":149,"column":9}},"60":{"start":{"line":151,"column":6},"end":{"line":151,"column":55}},"61":{"start":{"line":152,"column":6},"end":{"line":152,"column":68}},"62":{"start":{"line":158,"column":4},"end":{"line":178,"column":5}},"63":{"start":{"line":159,"column":31},"end":{"line":159,"column":41}},"64":{"start":{"line":162,"column":23},"end":{"line":162,"column":72}},"65":{"start":{"line":163,"column":6},"end":{"line":165,"column":7}},"66":{"start":{"line":164,"column":8},"end":{"line":164,"column":84}},"67":{"start":{"line":168,"column":6},"end":{"line":170,"column":7}},"68":{"start":{"line":169,"column":8},"end":{"line":169,"column":97}},"69":{"start":{"line":172,"column":6},"end":{"line":172,"column":70}},"70":{"start":{"line":174,"column":6},"end":{"line":174,"column":75}},"71":{"start":{"line":176,"column":6},"end":{"line":176,"column":56}},"72":{"start":{"line":177,"column":6},"end":{"line":177,"column":68}}},"fnMap":{"0":{"name":"(anonymous_0)","decl":{"start":{"line":6,"column":2},"end":{"line":6,"column":3}},"loc":{"start":{"line":6,"column":32},"end":{"line":14,"column":3}},"line":6},"1":{"name":"(anonymous_1)","decl":{"start":{"line":17,"column":2},"end":{"line":17,"column":3}},"loc":{"start":{"line":17,"column":35},"end":{"line":31,"column":3}},"line":17},"2":{"name":"(anonymous_2)","decl":{"start":{"line":34,"column":2},"end":{"line":34,"column":3}},"loc":{"start":{"line":34,"column":32},"end":{"line":61,"column":3}},"line":34},"3":{"name":"(anonymous_3)","decl":{"start":{"line":64,"column":2},"end":{"line":64,"column":3}},"loc":{"start":{"line":64,"column":32},"end":{"line":97,"column":3}},"line":64},"4":{"name":"(anonymous_4)","decl":{"start":{"line":100,"column":2},"end":{"line":100,"column":3}},"loc":{"start":{"line":100,"column":32},"end":{"line":121,"column":3}},"line":100},"5":{"name":"(anonymous_5)","decl":{"start":{"line":124,"column":2},"end":{"line":124,"column":3}},"loc":{"start":{"line":124,"column":35},"end":{"line":154,"column":3}},"line":124},"6":{"name":"(anonymous_6)","decl":{"start":{"line":157,"column":2},"end":{"line":157,"column":3}},"loc":{"start":{"line":157,"column":38},"end":{"line":179,"column":3}},"line":157}},"branchMap":{"0":{"loc":{"start":{"line":21,"column":6},"end":{"line":23,"column":7}},"type":"if","locations":[{"start":{"line":21,"column":6},"end":{"line":23,"column":7}},{"start":{},"end":{}}],"line":21},"1":{"loc":{"start":{"line":21,"column":10},"end":{"line":21,"column":55}},"type":"binary-expr","locations":[{"start":{"line":21,"column":10},"end":{"line":21,"column":16}},{"start":{"line":21,"column":20},"end":{"line":21,"column":55}}],"line":21},"2":{"loc":{"start":{"line":39,"column":6},"end":{"line":41,"column":7}},"type":"if","locations":[{"start":{"line":39,"column":6},"end":{"line":41,"column":7}},{"start":{},"end":{}}],"line":39},"3":{"loc":{"start":{"line":39,"column":10},"end":{"line":39,"column":55}},"type":"binary-expr","locations":[{"start":{"line":39,"column":10},"end":{"line":39,"column":16}},{"start":{"line":39,"column":20},"end":{"line":39,"column":55}}],"line":39},"4":{"loc":{"start":{"line":43,"column":6},"end":{"line":45,"column":7}},"type":"if","locations":[{"start":{"line":43,"column":6},"end":{"line":45,"column":7}},{"start":{},"end":{}}],"line":43},"5":{"loc":{"start":{"line":43,"column":10},"end":{"line":43,"column":86}},"type":"binary-expr","locations":[{"start":{"line":43,"column":10},"end":{"line":43,"column":29}},{"start":{"line":43,"column":33},"end":{"line":43,"column":86}}],"line":43},"6":{"loc":{"start":{"line":71,"column":6},"end":{"line":73,"column":7}},"type":"if","locations":[{"start":{"line":71,"column":6},"end":{"line":73,"column":7}},{"start":{},"end":{}}],"line":71},"7":{"loc":{"start":{"line":76,"column":6},"end":{"line":78,"column":7}},"type":"if","locations":[{"start":{"line":76,"column":6},"end":{"line":78,"column":7}},{"start":{},"end":{}}],"line":76},"8":{"loc":{"start":{"line":81,"column":6},"end":{"line":83,"column":7}},"type":"if","locations":[{"start":{"line":81,"column":6},"end":{"line":83,"column":7}},{"start":{},"end":{}}],"line":81},"9":{"loc":{"start":{"line":81,"column":10},"end":{"line":81,"column":85}},"type":"binary-expr","locations":[{"start":{"line":81,"column":10},"end":{"line":81,"column":28}},{"start":{"line":81,"column":32},"end":{"line":81,"column":85}}],"line":81},"10":{"loc":{"start":{"line":106,"column":6},"end":{"line":108,"column":7}},"type":"if","locations":[{"start":{"line":106,"column":6},"end":{"line":108,"column":7}},{"start":{},"end":{}}],"line":106},"11":{"loc":{"start":{"line":111,"column":6},"end":{"line":113,"column":7}},"type":"if","locations":[{"start":{"line":111,"column":6},"end":{"line":113,"column":7}},{"start":{},"end":{}}],"line":111},"12":{"loc":{"start":{"line":129,"column":6},"end":{"line":131,"column":7}},"type":"if","locations":[{"start":{"line":129,"column":6},"end":{"line":131,"column":7}},{"start":{},"end":{}}],"line":129},"13":{"loc":{"start":{"line":135,"column":6},"end":{"line":137,"column":7}},"type":"if","locations":[{"start":{"line":135,"column":6},"end":{"line":137,"column":7}},{"start":{},"end":{}}],"line":135},"14":{"loc":{"start":{"line":140,"column":6},"end":{"line":142,"column":7}},"type":"if","locations":[{"start":{"line":140,"column":6},"end":{"line":142,"column":7}},{"start":{},"end":{}}],"line":140},"15":{"loc":{"start":{"line":163,"column":6},"end":{"line":165,"column":7}},"type":"if","locations":[{"start":{"line":163,"column":6},"end":{"line":165,"column":7}},{"start":{},"end":{}}],"line":163},"16":{"loc":{"start":{"line":168,"column":6},"end":{"line":170,"column":7}},"type":"if","locations":[{"start":{"line":168,"column":6},"end":{"line":170,"column":7}},{"start":{},"end":{}}],"line":168}},"s":{"0":0,"1":0,"2":0,"3":0,"4":0,"5":0,"6":0,"7":0,"8":0,"9":0,"10":0,"11":0,"12":0,"13":0,"14":0,"15":0,"16":0,"17":0,"18":0,"19":0,"20":0,"21":0,"22":0,"23":0,"24":0,"25":0,"26":0,"27":0,"28":0,"29":0,"30":0,"31":0,"32":0,"33":0,"34":0,"35":0,"36":0,"37":0,"38":0,"39":0,"40":0,"41":0,"42":0,"43":0,"44":0,"45":0,"46":0,"47":0,"48":0,"49":0,"50":0,"51":0,"52":0,"53":0,"54":0,"55":0,"56":0,"57":0,"58":0,"59":0,"60":0,"61":0,"62":0,"63":0,"64":0,"65":0,"66":0,"67":0,"68":0,"69":0,"70":0,"71":0,"72":0},"f":{"0":0,"1":0,"2":0,"3":0,"4":0,"5":0,"6":0},"b":{"0":[0,0],"1":[0,0],"2":[0,0],"3":[0,0],"4":[0,0],"5":[0,0],"6":[0,0],"7":[0,0],"8":[0,0],"9":[0,0],"10":[0,0],"11":[0,0],"12":[0,0],"13":[0,0],"14":[0,0],"15":[0,0],"16":[0,0]},"_coverageSchema":"1a1c01bbd47fc00a2c39e90264f33305004495a9","hash":"a81933e61f50c1e43b53a6f4f51d5922ef927491"}
,"C:\\Users\\Dilian\\Documents\\proyectos\\construccion\\matfi_cs_acomp_2026\\matfi_backend\\src\\controllers\\rutinaController.js": {"path":"C:\\Users\\Dilian\\Documents\\proyectos\\construccion\\matfi_cs_acomp_2026\\matfi_backend\\src\\controllers\\rutinaController.js","statementMap":{"0":{"start":{"line":6,"column":4},"end":{"line":12,"column":5}},"1":{"start":{"line":7,"column":22},"end":{"line":7,"column":49}},"2":{"start":{"line":8,"column":6},"end":{"line":8,"column":24}},"3":{"start":{"line":10,"column":6},"end":{"line":10,"column":56}},"4":{"start":{"line":11,"column":6},"end":{"line":11,"column":68}},"5":{"start":{"line":16,"column":4},"end":{"line":31,"column":5}},"6":{"start":{"line":17,"column":88},"end":{"line":17,"column":96}},"7":{"start":{"line":18,"column":6},"end":{"line":20,"column":7}},"8":{"start":{"line":19,"column":8},"end":{"line":19,"column":80}},"9":{"start":{"line":22,"column":6},"end":{"line":24,"column":7}},"10":{"start":{"line":23,"column":8},"end":{"line":23,"column":81}},"11":{"start":{"line":26,"column":26},"end":{"line":26,"column":125}},"12":{"start":{"line":27,"column":6},"end":{"line":27,"column":40}},"13":{"start":{"line":29,"column":6},"end":{"line":29,"column":53}},"14":{"start":{"line":30,"column":6},"end":{"line":30,"column":68}},"15":{"start":{"line":35,"column":4},"end":{"line":55,"column":5}},"16":{"start":{"line":36,"column":21},"end":{"line":36,"column":31}},"17":{"start":{"line":37,"column":88},"end":{"line":37,"column":96}},"18":{"start":{"line":38,"column":6},"end":{"line":40,"column":7}},"19":{"start":{"line":39,"column":8},"end":{"line":39,"column":80}},"20":{"start":{"line":42,"column":6},"end":{"line":44,"column":7}},"21":{"start":{"line":43,"column":8},"end":{"line":43,"column":81}},"22":{"start":{"line":46,"column":32},"end":{"line":46,"column":135}},"23":{"start":{"line":47,"column":6},"end":{"line":49,"column":7}},"24":{"start":{"line":48,"column":8},"end":{"line":48,"column":71}},"25":{"start":{"line":51,"column":6},"end":{"line":51,"column":34}},"26":{"start":{"line":53,"column":6},"end":{"line":53,"column":58}},"27":{"start":{"line":54,"column":6},"end":{"line":54,"column":68}},"28":{"start":{"line":59,"column":4},"end":{"line":71,"column":5}},"29":{"start":{"line":60,"column":21},"end":{"line":60,"column":31}},"30":{"start":{"line":61,"column":21},"end":{"line":61,"column":51}},"31":{"start":{"line":62,"column":6},"end":{"line":64,"column":7}},"32":{"start":{"line":63,"column":8},"end":{"line":63,"column
[...]
ne":26},"2":{"name":"(anonymous_2)","decl":{"start":{"line":48,"column":2},"end":{"line":48,"column":3}},"loc":{"start":{"line":48,"column":44},"end":{"line":79,"column":3}},"line":48},"3":{"name":"(anonymous_3)","decl":{"start":{"line":81,"column":2},"end":{"line":81,"column":3}},"loc":{"start":{"line":81,"column":50},"end":{"line":112,"column":3}},"line":81},"4":{"name":"(anonymous_4)","decl":{"start":{"line":114,"column":2},"end":{"line":114,"column":3}},"loc":{"start":{"line":114,"column":26},"end":{"line":117,"column":3}},"line":114}},"branchMap":{"0":{"loc":{"start":{"line":45,"column":11},"end":{"line":45,"column":33}},"type":"binary-expr","locations":[{"start":{"line":45,"column":11},"end":{"line":45,"column":25}},{"start":{"line":45,"column":29},"end":{"line":45,"column":33}}],"line":45},"1":{"loc":{"start":{"line":48,"column":28},"end":{"line":48,"column":42}},"type":"default-arg","locations":[{"start":{"line":48,"column":40},"end":{"line":48,"column":42}}],"line":48},"2":{"loc":{"start":{"line":61,"column":6},"end":{"line":69,"column":7}},"type":"if","locations":[{"start":{"line":61,"column":6},"end":{"line":69,"column":7}},{"start":{},"end":{}}],"line":61},"3":{"loc":{"start":{"line":61,"column":10},"end":{"line":61,"column":58}},"type":"binary-expr","locations":[{"start":{"line":61,"column":10},"end":{"line":61,"column":34}},{"start":{"line":61,"column":38},"end":{"line":61,"column":58}}],"line":61},"4":{"loc":{"start":{"line":67,"column":79},"end":{"line":67,"column":102}},"type":"binary-expr","locations":[{"start":{"line":67,"column":79},"end":{"line":67,"column":94}},{"start":{"line":67,"column":98},"end":{"line":67,"column":102}}],"line":67},"5":{"loc":{"start":{"line":81,"column":32},"end":{"line":81,"column":48}},"type":"default-arg","locations":[{"start":{"line":81,"column":44},"end":{"line":81,"column":48}}],"line":81},"6":{"loc":{"start":{"line":93,"column":6},"end":{"line":102,"column":7}},"type":"if","locations":[{"start":{"line":93,"column":6},"end":{"line":102,"column":7}},{"start":{},"end":{}}],"line":93},"7":{"loc":{"start":{"line":100,"column":73},"end":{"line":100,"column":96}},"type":"binary-expr","locations":[{"start":{"line":100,"column":73},"end":{"line":100,"column":88}},{"start":{"line":100,"column":92},"end":{"line":100,"column":96}}],"line":100}},"s":{"0":0,"1":0,"2":0,"3":0,"4":0,"5":0,"6":0,"7":0,"8":0,"9":0,"10":0,"11":0,"12":0,"13":0,"14":0,"15":0,"16":0,"17":0,"18":0,"19":0,"20":0,"21":0,"22":0,"23":0,"24":0,"25":0,"26":0,"27":0,"28":0,"29":0,"30":0,"31":0,"32":0,"33":0,"34":0,"35":0,"36":0,"37":0,"38":0,"39":0},"f":{"0":0,"1":0,"2":0,"3":0,"4":0},"b":{"0":[0,0],"1":[0],"2":[0,0],"3":[0,0],"4":[0,0],"5":[0],"6":[0,0],"7":[0,0]},"_coverageSchema":"1a1c01bbd47fc00a2c39e90264f33305004495a9","hash":"23b3b40bf7f84fe33fd112ef37a6e8656e21f9cf"}
,"C:\\Users\\Dilian\\Documents\\proyectos\\construccion\\matfi_cs_acomp_2026\\matfi_backend\\src\\models\\userModel.js": {"path":"C:\\Users\\Dilian\\Documents\\proyectos\\construccion\\matfi_cs_acomp_2026\\matfi_backend\\src\\models\\userModel.js","statementMap":{"0":{"start":{"line":7,"column":4},"end":{"line":20,"column":5}},"1":{"start":{"line":8,"column":20},"end":{"line":15,"column":7}},"2":{"start":{"line":16,"column":21},"end":{"line":16,"column":54}},"3":{"start":{"line":17,"column":6},"end":{"line":17,"column":36}},"4":{"start":{"line":19,"column":6},"end":{"line":19,"column":60}},"5":{"start":{"line":25,"column":123},"end":{"line":25,"column":131}},"6":{"start":{"line":27,"column":4},"end":{"line":70,"column":5}},"7":{"start":{"line":29,"column":21},"end":{"line":29,"column":41}},"8":{"start":{"line":30,"column":6},"end":{"line":67,"column":7}},"9":{"start":{"line":31,"column":8},"end":{"line":31,"column":36}},"10":{"start":{"line":34,"column":26},"end":{"line":38,"column":9}},"11":{"start":{"line":39,"column":27},"end":{"line":39,"column":131}},"12":{"start":{"line":40,"column":26},"end":{"line":40,"column":55}},"13":{"start":{"line":43,"column":27},"end":{"line":43,"column":29}},"14":{"start":{"line":44,"column":31},"end":{"line":44,"column":80}},"15":{"start":{"line":47,"column":29},"end":{"line":51,"column":9}},"16":{"start":{"line":52,"column":30},"end":{"line":52,"column":106}},"17":{"start":{"line":54,"column":8},"end":{"line":54,"column":37}},"18":{"start":{"line":56,"column":8},"end":{"line":61,"column":10}},"19":{"start":{"line":63,"column":8},"end":{"line":63,"column":39}},"20":{"start":{"line":64,"column":8},"end":{"line":64,"column":20}},"21":{"start":{"line":66,"column":8},"end":{"line":66,"column":25}},"22":{"start":{"line":69,"column":6},"end":{"line":69,"column":48}},"23":{"start":{"line":75,"column":4},"end":{"line":75,"column":63}},"24":{"start":{"line":80,"column":88},"end":{"line":80,"column":96}},"25":{"start":{"line":81,"column":4},"end":{"line":96,"column":5}},"26":{"start":{"line":82,"column":20},"end":{"line":91,"column":7}},"27":{"start":{"line":92,"column":21},"end":{"line":92,"column":130}},"28":{"start":{"line":93,"column":6},"end":{"line":93,"column":36}},"29":{"start":{"line":95,"column":6},"end":{"line":95,"column":63}}},"fnMap":{"0":{"name":"(anonymous_0)","decl":{"start":{"line":6,"column":2},"end":{"line":6,"column":3}},"loc":{"start":{"line":6,"column":35},"end":{"line":21,"column":3}},"line":6},"1":{"name":"(anonymous_1)","decl":{"start":{"line":24,"column":2},"end":{"line":24,"column":3}},"loc":{"start":{"line":24,"column":32},"end":{"line":71,"column":3}},"line":24},"2":{"name":"(anonymous_2)","decl":{"start":{"line":74,"column":2},"end":{"line":74,"column":3}},"loc":{"start":{"line":74,"column":61},"end":{"line":76,"column":3}},"line":74},"3":{"name":"(anonymous_3)","decl":{"start":{"line":79,"column":2},"end":{"line":79,"column":3}},"loc":{"start":{"line":79,"column":50},"end":{"line":97,"column":3}},"line":79}},"branchMap":{"0":{"loc":{"start":{"line":17,"column":13},"end":{"line":17,"column":35}},"type":"binary-expr","locations":[{"start":{"line":17,"column":13},"end":{"line":17,"column":27}},{"start":{"line":17,"column":31},"end":{"line":17,"column":35}}],"line":17},"1":{"loc":{"start":{"line":93,"column":13},"end":{"line":93,"column":35}},"type":"binary-expr","locations":[{"start":{"line":93,"column":13},"end":{"line":93,"column":27}},{"start":{"line":93,"column":31},"end":{"line":93,"column":35}}],"line":93}},"s":{"0":0,"1":0,"2":0,"3":0,"4":0,"5":0,"6":0,"7":0,"8":0,"9":0,"10":0,"11":0,"12":0,"13":0,"14":0,"15":0,"16":0,"17":0,"18":0,"19":0,"20":0,"21":0,"22":0,"23":0,"24":0,"25":0,"26":0,"27":0,"28":0,"29":0},"f":{"0":0,"1":0,"2":0,"3":0},"b":{"0":[0,0],"1":[0,0]},"_coverageSchema":"1a1c01bbd47fc00a2c39e90264f33305004495a9","hash":"9ab21cbcc8e37bb0164f94bea41f550aa36c2d3e"}
,"C:\\Users\\Dilian\\Documents\\proyectos\\construccion\\matfi_cs_acomp_2026\\matfi_backend\\src\\routes\\authRoutes.js": {"path":"C:\\Users\\Dilian\\Documents\\proyectos\\construccion\\matfi_cs_acomp_2026\\matfi_backend\\src\\routes\\authRoutes.js","statementMap":{"0":{"start":{"line":5,"column":15},"end":{"line":5,"column":31}},"1":{"start":{"line":74,"column":0},"end":{"line":74,"column":50}},"2":{"start":{"line":122,"column":0},"end":{"line":122,"column":44}},"3":{"start":{"line":150,"column":0},"end":{"line":150,"column":66}},"4":{"start":{"line":203,"column":0},"end":{"line":203,"column":69}}},"fnMap":{},"branchMap":{},"s":{"0":1,"1":1,"2":1,"3":1,"4":1},"f":{},"b":{},"_coverageSchema":"1a1c01bbd47fc00a2c39e90264f33305004495a9","hash":"9f85989a27475a5116a669eea811b6ce1853fc36"}
,"C:\\Users\\Dilian\\Documents\\proyectos\\construccion\\matfi_cs_acomp_2026\\matfi_backend\\src\\routes\\ejercicioRoutes.js": {"path":"C:\\Users\\Dilian\\Documents\\proyectos\\construccion\\matfi_cs_acomp_2026\\matfi_backend\\src\\routes\\ejercicioRoutes.js","statementMap":{"0":{"start":{"line":112,"column":15},"end":{"line":112,"column":31}},"1":{"start":{"line":113,"column":0},"end":{"line":113,"column":27}},"2":{"start":{"line":115,"column":0},"end":{"line":115,"column":44}},"3":{"start":{"line":116,"column":0},"end":{"line":116,"column":45}},"4":{"start":{"line":117,"column":0},"end":{"line":117,"column":47}},"5":{"start":{"line":118,"column":0},"end":{"line":118,"column":50}}},"fnMap":{},"branchMap":{},"s":{"0":1,"1":1,"2":1,"3":1,"4":1,"5":1},"f":{},"b":{},"_coverageSchema":"1a1c01bbd47fc00a2c39e90264f33305004495a9","hash":"ef63c57c80c4a17f711d75e45a864aac1b2f6f36"}
,"C:\\Users\\Dilian\\Documents\\proyectos\\construccion\\matfi_cs_acomp_2026\\matfi_backend\\src\\routes\\estadisticasRoutes.js": {"path":"C:\\Users\\Dilian\\Documents\\proyectos\\construccion\\matfi_cs_acomp_2026\\matfi_backend\\src\\routes\\estadisticasRoutes.js","statementMap":{"0":{"start":{"line":5,"column":15},"end":{"line":5,"column":31}},"1":{"start":{"line":6,"column":0},"end":{"line":6,"column":27}},"2":{"start":{"line":30,"column":0},"end":{"line":30,"column":62}},"3":{"start":{"line":71,"column":0},"end":{"line":71,"column":79}},"4":{"start":{"line":112,"column":0},"end":{"line":112,"column":68}},"5":{"start":{"line":160,"column":0},"end":{"line":160,"column":66}}},"fnMap":{},"branchMap":{},"s":{"0":1,"1":1,"2":1,"3":1,"4":1,"5":1},"f":{},"b":{},"_coverageSchema":"1a1c01bbd47fc00a2c39e90264f33305004495a9","hash":"b89dd0c76b17b7f89e36be11169535e2eacb7530"}
,"C:\\Users\\Dilian\\Documents\\proyectos\\construccion\\matfi_cs_acomp_2026\\matfi_backend\\src\\routes\\ingredienteRoutes.js": {"path":"C:\\Users\\Dilian\\Documents\\proyectos\\construccion\\matfi_cs_acomp_2026\\matfi_backend\\src\\routes\\ingredienteRoutes.js","statementMap":{"0":{"start":{"line":100,"column":15},"end":{"line":100,"column":31}},"1":{"start":{"line":101,"column":0},"end":{"line":101,"column":27}},"2":{"start":{"line":103,"column":0},"end":{"line":103,"column":46}},"3":{"start":{"line":104,"column":0},"end":{"line":104,"column":47}},"4":{"start":{"line":105,"column":0},"end":{"line":105,"column":49}},"5":{"start":{"line":106,"column":0},"end":{"line":106,"column":52}}},"fnMap":{},"branchMap":{},"s":{"0":1,"1":1,"2":1,"3":1,"4":1,"5":1},"f":{},"b":{},"_coverageSchema":"1a1c01bbd47fc00a2c39e90264f33305004495a9","hash":"51f3bc7eccc5d0bb2252305627f9e45ee7f4f0e5"}
,"C:\\Users\\Dilian\\Documents\\proyectos\\construccion\\matfi_cs_acomp_2026\\matfi_backend\\src\\routes\\metaFisicaRoutes.js": {"path":"C:\\Users\\Dilian\\Documents\\proyectos\\construccion\\matfi_cs_acomp_2026\\matfi_backend\\src\\routes\\metaFisicaRoutes.js","statementMap":{"0":{"start":{"line":5,"column":15},"end":{"line":5,"column":31}},"1":{"start":{"line":6,"column":0},"end":{"line":6,"column":27}},"2":{"start":{"line":30,"column":0},"end":{"line":30,"column":45}},"3":{"start":{"line":87,"column":0},"end":{"line":87,"column":46}},"4":{"start":{"line":143,"column":0},"end":{"line":143,"column":48}},"5":{"start":{"line":170,"column":0},"end":{"line":170,"column":51}}},"fnMap":{},"branchMap":{},"s":{"0":1,"1":1,"2":1,"3":1,"4":1,"5":1},"f":{},"b":{},"_coverageSchema":"1a1c01bbd47fc00a2c39e90264f33305004495a9","hash":"d643d6296808189df040fd4b5c37082b0dabf24b"}
,"C:\\Users\\Dilian\\Documents\\proyectos\\construccion\\matfi_cs_acomp_2026\\matfi_backend\\src\\routes\\recetaRoutes.js": {"path":"C:\\Users\\Dilian\\Documents\\proyectos\\construccion\\matfi_cs_acomp_2026\\matfi_backend\\src\\routes\\recetaRoutes.js","statementMap":{"0":{"start":{"line":154,"column":15},"end":{"line":154,"column":31}},"1":{"start":{"line":155,"column":0},"end":{"line":155,"column":27}},"2":{"start":{"line":157,"column":0},"end":{"line":157,"column":41}},"3":{"start":{"line":158,"column":0},"end":{"line":158,"column":42}},"4":{"start":{"line":159,"column":0},"end":{"line":159,"column":44}},"5":{"start":{"line":160,"column":0},"end":{"line":160,"column":47}}},"fnMap":{},"branchMap":{},"s":{"0":1,"1":1,"2":1,"3":1,"4":1,"5":1},"f":{},"b":{},"_coverageSchema":"1a1c01bbd47fc00a2c39e90264f33305004495a9","hash":"cd96928eaebeeba05b9d37cf8a6f70ca8199444f"}
,"C:\\Users\\Dilian\\Documents\\proyectos\\construccion\\matfi_cs_acomp_2026\\matfi_backend\\src\\routes\\registroActividadFisicaRoutes.js": {"path":"C:\\Users\\Dilian\\Documents\\proyectos\\construccion\\matfi_cs_acomp_2026\\matfi_backend\\src\\routes\\registroActividadFisicaRoutes.js","statementMap":{"0":{"start":{"line":5,"column":15},"end":{"line":5,"column":31}},"1":{"start":{"line":6,"column":0},"end":{"line":6,"column":27}},"2":{"start":{"line":30,"column":0},"end":{"line":30,"column":58}},"3":{"start":{"line":64,"column":0},"end":{"line":64,"column":67}},"4":{"start":{"line":117,"column":0},"end":{"line":117,"column":59}},"5":{"start":{"line":160,"column":0},"end":{"line":160,"column":61}},"6":{"start":{"line":187,"column":0},"end":{"line":187,"column":64}},"7":{"start":{"line":228,"column":0},"end":{"line":228,"column":73}},"8":{"start":{"line":261,"column":0},"end":{"line":261,"column":88}}},"fnMap":{},"branchMap":{},"s":{"0":1,"1":1,"2":1,"3":1,"4":1,"5":1,"6":1,"7":1,"8":1},"f":{},"b":{},"_coverageSchema":"1a1c01bbd47fc00a2c39e90264f33305004495a9","hash":"ae1ca47bc52f767cc261fc73c24fd551795d5df4"}
,"C:\\Users\\Dilian\\Documents\\proyectos\\construccion\\matfi_cs_acomp_2026\\matfi_backend\\src\\routes\\registroIngestaAlimenticiRoutes.js": {"path":"C:\\Users\\Dilian\\Documents\\proyectos\\construccion\\matfi_cs_acomp_2026\\matfi_backend\\src\\routes\\registroIngestaAlimenticiRoutes.js","statementMap":{"0":{"start":{"line":5,"column":15},"end":{"line":5,"column":31}},"1":{"start":{"line":6,"column":0},"end":{"line":6,"column":27}},"2":{"start":{"line":30,"column":0},"end":{"line":30,"column":60}},"3":{"start":{"line":64,"column":0},"end":{"line":64,"column":69}},"4":{"start":{"line":110,"column":0},"end":{"line":110,"column":61}},"5":{"start":{"line":148,"column":0},"end":{"line":148,"column":63}},"6":{"start":{"line":175,"column":0},"end":{"line":175,"column":66}},"7":{"start":{"line":216,"column":0},"end":{"line":216,"column":75}},"8":{"start":{"line":249,"column":0},"end":{"line":249,"column":90}}},"fnMap":{},"branchMap":{},"s":{"0":1,"1":1,"2":1,"3":1,"4":1,"5":1,"6":1,"7":1,"8":1},"f":{},"b":{},"_coverageSchema":"1a1c01bbd47fc00a2c39e90264f33305004495a9","hash":"049a2f93e2f7c2188f4e958c8baf1ee7ff6d8740"}
,"C:\\Users\\Dilian\\Documents\\proyectos\\construccion\\matfi_cs_acomp_2026\\matfi_backend\\src\\routes\\rutinaRoutes.js": {"path":"C:\\Users\\Dilian\\Documents\\proyectos\\construccion\\matfi_cs_acomp_2026\\matfi_backend\\src\\routes\\rutinaRoutes.js","statementMap":{"0":{"start":{"line":122,"column":15},"end":{"line":122,"column":31}},"1":{"start":{"line":123,"column":0},"end":{"line":123,"column":27}},"2":{"start":{"line":125,"column":0},"end":{"line":125,"column":41}},"3":{"start":{"line":126,"column":0},"end":{"line":126,"column":42}},"4":{"start":{"line":127,"column":0},"end":{"line":127,"column":44}},"5":{"start":{"line":128,"column":0},"end":{"line":128,"column":47}}},"fnMap":{},"branchMap":{},"s":{"0":1,"1":1,"2":1,"3":1,"4":1,"5":1},"f":{},"b":{},"_coverageSchema":"1a1c01bbd47fc00a2c39e90264f33305004495a9","hash":"1556b88e93aef80a5a50590c1ad73d342f306dad"}
,"C:\\Users\\Dilian\\Documents\\proyectos\\construccion\\matfi_cs_acomp_2026\\matfi_backend\\src\\services\\authService.js": {"path":"C:\\Users\\Dilian\\Documents\\proyectos\\construccion\\matfi_cs_acomp_2026\\matfi_backend\\src\\services\\authService.js","statementMap":{"0":{"start":{"line":4,"column":0},"end":{"line":4,"column":16}},"1":{"start":{"line":6,"column":19},"end":{"line":6,"column":62}},"2":{"start":{"line":11,"column":4},"end":{"line":11,"column":63}},"3":{"start":{"line":16,"column":4},"end":{"line":20,"column":5}},"4":{"start":{"line":17,"column":6},"end":{"line":17,"column":43}},"5":{"start":{"line":19,"column":6},"end":{"line":19,"column":40}}},"fnMap":{"0":{"name":"(anonymous_0)","decl":{"start":{"line":10,"column":2},"end":{"line":10,"column":3}},"loc":{"start":{"line":10,"column":32},"end":{"line":12,"column":3}},"line":10},"1":{"name":"(anonymous_1)","decl":{"start":{"line":15,"column":2},"end":{"line":15,"column":3}},"loc":{"start":{"line":15,"column":28},"end":{"line":21,"column":3}},"line":15}},"branchMap":{"0":{"loc":{"start":{"line":6,"column":19},"end":{"line":6,"column":62}},"type":"binary-expr","locations":[{"start":{"line":6,"column":19},"end":{"line":6,"column":41}},{"start":{"line":6,"column":45},"end":{"line":6,"column":62}}],"line":6}},"s":{"0":2,"1":2,"2":1,"3":2,"4":2,"5":1},"f":{"0":1,"1":2},"b":{"0":[2,0]},"_coverageSchema":"1a1c01bbd47fc00a2c39e90264f33305004495a9","hash":"8e8b6628368112676b3dedc6b69851ad03d1ece3"}
,"C:\\Users\\Dilian\\Documents\\proyectos\\construccion\\matfi_cs_acomp_2026\\matfi_backend\\src\\utils\\validation.js": {"path":"C:\\Users\\Dilian\\Documents\\proyectos\\construccion\\matfi_cs_acomp_2026\\matfi_backend\\src\\utils\\validation.js","statementMap":{"0":{"start":{"line":5,"column":23},"end":{"line":5,"column":51}},"1":{"start":{"line":6,"column":4},"end":{"line":6,"column":34}},"2":{"start":{"line":11,"column":4},"end":{"line":11,"column":44}},"3":{"start":{"line":16,"column":4},"end":{"line":16,"column":83}},"4":{"start":{"line":21,"column":16},"end":{"line":21,"column":33}},"5":{"start":{"line":22,"column":4},"end":{"line":22,"column":34}},"6":{"start":{"line":27,"column":22},"end":{"line":27,"column":43}},"7":{"start":{"line":28,"column":4},"end":{"line":30,"column":5}},"8":{"start":{"line":29,"column":6},"end":{"line":29,"column":19}},"9":{"start":{"line":31,"column":17},"end":{"line":31,"column":37}},"10":{"start":{"line":32,"column":4},"end":{"line":32,"column":58}}},"fnMap":{"0":{"name":"(anonymous_0)","decl":{"start":{"line":4,"column":2},"end":{"line":4,"column":3}},"loc":{"start":{"line":4,"column":29},"end":{"line":7,"column":3}},"line":4},"1":{"name":"(anonymous_1)","decl":{"start":{"line":10,"column":2},"end":{"line":10,"column":3}},"loc":{"start":{"line":10,"column":35},"end":{"line":12,"column":3}},"line":10},"2":{"name":"(anonymous_2)","decl":{"start":{"line":15,"column":2},"end":{"line":15,"column":3}},"loc":{"start":{"line":15,"column":27},"end":{"line":17,"column":3}},"line":15},"3":{"name":"(anonymous_3)","decl":{"start":{"line":20,"column":2},"end":{"line":20,"column":3}},"loc":{"start":{"line":20,"column":33},"end":{"line":23,"column":3}},"line":20},"4":{"name":"(anonymous_4)","decl":{"start":{"line":26,"column":2},"end":{"line":26,"column":3}},"loc":{"start":{"line":26,"column":33},"end":{"line":33,"column":3}},"line":26}},"branchMap":{"0":{"loc":{"start":{"line":11,"column":11},"end":{"line":11,"column":43}},"type":"binary-expr","locations":[{"start":{"line":11,"column":11},"end":{"line":11,"column":19}},{"start":{"line":11,"column":23},"end":{"line":11,"column":43}}],"line":11},"1":{"loc":{"start":{"line":16,"column":11},"end":{"line":16,"column":82}},"type":"binary-expr","locations":[{"start":{"line":16,"column":11},"end":{"line":16,"column":25}},{"start":{"line":16,"column":29},"end":{"line":16,"column":48}},{"start":{"line":16,"column":52},"end":{"line":16,"column":82}}],"line":16},"2":{"loc":{"start":{"line":22,"column":11},"end":{"line":22,"column":33}},"type":"binary-expr","locations":[{"start":{"line":22,"column":11},"end":{"line":22,"column":22}},{"start":{"line":22,"column":26},"end":{"line":22,"column":33}}],"line":22},"3":{"loc":{"start":{"line":28,"column":4},"end":{"line":30,"column":5}},"type":"if","locations":[{"start":{"line":28,"column":4},"end":{"line":30,"column":5}},{"start":{},"end":{}}],"line":28},"4":{"loc":{"start":{"line":32,"column":11},"end":{"line":32,"column":57}},"type":"binary-expr","locations":[{"start":{"line":32,"column":11},"end":{"line":32,"column":31}},{"start":{"line":32,"column":35},"end":{"line":32,"column":57}}],"line":32}},"s":{"0":3,"1":3,"2":3,"3":4,"4":3,"5":3,"6":3,"7":3,"8":2,"9":1,"10":1},"f":{"0":3,"1":3,"2":4,"3":3,"4":3},"b":{"0":[3,2],"1":[4,3,3],"2":[3,3],"3":[2,1],"4":[1,1]},"_coverageSchema":"1a1c01bbd47fc00a2c39e90264f33305004495a9","hash":"07508a6ffe2c6f71f432b856074d8884f0ac46e4"}
}
