TN:
SF:swagger.js
FNF:0
FNH:0
DA:5,1
DA:6,1
DA:8,1
DA:316,1
LF:4
LH:4
BRDA:65,0,0,1
BRDA:65,0,1,1
BRF:2
BRH:2
end_of_record
TN:
SF:src\app.js
FN:34,(anonymous_0)
FN:62,(anonymous_1)
FNF:2
FNH:2
FNDA:1,(anonymous_0)
FNDA:1,(anonymous_1)
DA:18,1
DA:20,1
DA:22,1
DA:23,1
DA:25,1
DA:33,1
DA:34,1
DA:35,1
DA:36,1
DA:37,1
DA:38,1
DA:40,1
DA:41,1
DA:42,1
DA:44,1
DA:45,1
DA:48,1
DA:52,1
DA:53,1
DA:54,1
DA:55,1
DA:56,1
DA:57,1
DA:58,1
DA:59,1
DA:60,1
DA:62,1
DA:63,1
LF:28
LH:28
BRDA:35,0,0,1
BRDA:35,0,1,1
BRDA:36,1,0,1
BRDA:36,1,1,1
BRDA:38,2,0,1
BRDA:38,2,1,1
BRDA:41,3,0,1
BRDA:41,3,1,1
BRDA:44,4,0,1
BRDA:44,4,1,0
BRF:10
BRH:9
end_of_record
TN:
SF:src\config\database.js
FN:15,(anonymous_0)
FNF:1
FNH:0
FNDA:0,(anonymous_0)
DA:4,10
DA:6,10
DA:14,10
DA:15,0
DA:16,0
DA:17,0
DA:19,0
DA:20,0
LF:8
LH:3
BRDA:14,0,0,0
BRDA:14,0,1,10
BRDA:16,1,0,0
BRDA:16,1,1,0
BRF:4
BRH:1
end_of_record
TN:
SF:src\controllers\authController.js
FN:7,(anonymous_0)
FN:82,(anonymous_1)
FN:132,(anonymous_2)
FN:155,(anonymous_3)
FNF:4
FNH:4
FNDA:3,(anonymous_0)
FNDA:4,(anonymous_1)
FNDA:2,(anonymous_2)
FNDA:3,(anonymous_3)
DA:8,3
DA:17,3
DA:20,3
DA:25,1
DA:30,2
DA:31,0
DA:34,2
DA:35,0
DA:38,2
DA:39,0
DA:43,2
DA:44,2
DA:45,1
DA:49,1
DA:60,1
DA:66,1
DA:76,0
DA:77,0
DA:83,4
DA:84,4
DA:87,4
DA:91,1
DA:95,3
DA:96,3
DA:97,1
DA:101,2
DA:105,2
DA:106,1
DA:110,1
DA:116,1
DA:126,0
DA:127,0
DA:133,2
DA:134,2
DA:135,2
DA:136,1
DA:139,1
DA:149,0
DA:150,0
DA:156,3
DA:157,3
DA:160,3
DA:161,1
DA:163,2
DA:164,0
DA:166,2
DA:167,0
DA:170,2
DA:178,2
DA:179,1
DA:182,1
DA:194,0
DA:195,0
LF:53
LH:40
BRDA:20,0,0,1
BRDA:20,0,1,2
BRDA:21,1,0,3
BRDA:21,1,1,2
BRDA:21,1,2,2
BRDA:30,2,0,0
BRDA:30,2,1,2
BRDA:30,3,0,2
BRDA:30,3,1,2
BRDA:34,4,0,0
BRDA:34,4,1,2
BRDA:34,5,0,2
BRDA:34,5,1,1
BRDA:38,6,0,0
BRDA:38,6,1,2
BRDA:38,7,0,2
BRDA:38,7,1,1
BRDA:44,8,0,1
BRDA:44,8,1,1
BRDA:87,9,0,1
BRDA:87,9,1,3
BRDA:88,10,0,4
BRDA:88,10,1,3
BRDA:96,11,0,1
BRDA:96,11,1,2
BRDA:105,12,0,1
BRDA:105,12,1,1
BRDA:135,13,0,1
BRDA:135,13,1,1
BRDA:160,14,0,1
BRDA:160,14,1,2
BRDA:160,15,0,3
BRDA:160,15,1,2
BRDA:163,16,0,0
BRDA:163,16,1,2
BRDA:163,17,0,2
BRDA:163,17,1,0
BRDA:166,18,0,0
BRDA:166,18,1,2
BRDA:166,19,0,2
BRDA:166,19,1,0
BRDA:178,20,0,1
BRDA:178,20,1,1
BRF:43
BRH:36
end_of_record
TN:
SF:src\controllers\ejercicioController.js
FN:5,(anonymous_0)
FN:15,(anonymous_1)
FN:42,(anonymous_2)
FN:74,(anonymous_3)
FNF:4
FNH:4
FNDA:2,(anonymous_0)
FNDA:2,(anonymous_1)
FNDA:3,(anonymous_2)
FNDA:2,(anonymous_3)
DA:6,2
DA:7,2
DA:8,2
DA:10,0
DA:11,0
DA:16,2
DA:23,2
DA:24,2
DA:25,1
DA:28,1
DA:35,1
DA:37,0
DA:38,0
DA:43,3
DA:44,3
DA:51,3
DA:52,3
DA:53,0
DA:56,3
DA:63,3
DA:64,2
DA:67,1
DA:69,0
DA:70,0
DA:75,2
DA:76,2
DA:77,2
DA:78,2
DA:79,1
DA:82,1
DA:83,1
DA:85,0
DA:86,0
LF:33
LH:24
BRDA:24,0,0,1
BRDA:24,0,1,1
BRDA:52,1,0,0
BRDA:52,1,1,3
BRDA:63,2,0,2
BRDA:63,2,1,1
BRDA:78,3,0,1
BRDA:78,3,1,1
BRF:8
BRH:7
end_of_record
TN:
SF:src\controllers\estadisticasController.js
FN:6,(anonymous_0)
FN:17,(anonymous_1)
FN:50,(anonymous_2)
FN:105,(anonymous_3)
FNF:4
FNH:4
FNDA:1,(anonymous_0)
FNDA:4,(anonymous_1)
FNDA:3,(anonymous_2)
FNDA:3,(anonymous_3)
DA:7,1
DA:8,1
DA:9,1
DA:11,0
DA:12,0
DA:18,4
DA:19,4
DA:21,4
DA:22,2
DA:27,2
DA:28,0
DA:33,2
DA:34,1
DA:37,1
DA:42,1
DA:44,0
DA:45,0
DA:51,3
DA:52,3
DA:56,3
DA:57,2
DA:58,1
DA:61,1
DA:62,0
DA:67,1
DA:73,1
DA:76,2
DA:77,0
DA:81,2
DA:97,2
DA:99,0
DA:100,0
DA:106,3
DA:107,3
DA:109,3
DA:110,1
DA:113,2
DA:114,1
DA:119,1
DA:126,1
DA:131,0
DA:132,0
LF:42
LH:31
BRDA:21,0,0,2
BRDA:21,0,1,2
BRDA:21,1,0,4
BRDA:21,1,1,3
BRDA:27,2,0,0
BRDA:27,2,1,2
BRDA:27,3,0,2
BRDA:27,3,1,2
BRDA:33,4,0,1
BRDA:33,4,1,1
BRDA:56,5,0,2
BRDA:56,5,1,1
BRDA:56,6,0,3
BRDA:56,6,1,2
BRDA:57,7,0,1
BRDA:57,7,1,1
BRDA:57,8,0,2
BRDA:57,8,1,1
BRDA:61,9,0,0
BRDA:61,9,1,1
BRDA:76,10,0,0
BRDA:76,10,1,2
BRDA:82,11,0,2
BRDA:82,11,1,0
BRDA:83,12,0,2
BRDA:83,12,1,0
BRDA:84,13,0,2
BRDA:84,13,1,0
BRDA:85,14,0,2
BRDA:85,14,1,0
BRDA:86,15,0,2
BRDA:86,15,1,0
BRDA:87,16,0,2
BRDA:87,16,1,0
BRDA:88,17,0,2
BRDA:88,17,1,0
BRDA:89,18,0,2
BRDA:89,18,1,0
BRDA:90,19,0,2
BRDA:90,19,1,2
BRDA:91,20,0,2
BRDA:91,20,1,2
BRDA:93,21,0,2
BRDA:93,21,1,0
BRDA:94,22,0,2
BRDA:94,22,1,0
BRDA:109,23,0,1
BRDA:109,23,1,2
BRDA:109,24,0,3
BRDA:109,24,1,2
BRDA:113,25,0,1
BRDA:113,25,1,1
BRDA:113,26,0,2
BRDA:113,26,1,1
BRF:54
BRH:41
end_of_record
TN:
SF:src\controllers\ingredienteController.js
FN:5,(anonymous_0)
FN:15,(anonymous_1)
FN:30,(anonymous_2)
FN:54,(anonymous_3)
FNF:4
FNH:4
FNDA:2,(anonymous_0)
FNDA:2,(anonymous_1)
FNDA:3,(anonymous_2)
FNDA:2,(anonymous_3)
DA:6,2
DA:7,2
DA:8,2
DA:10,0
DA:11,0
DA:16,2
DA:17,2
DA:18,2
DA:19,1
DA:22,1
DA:23,1
DA:25,0
DA:26,0
DA:31,3
DA:32,3
DA:33,3
DA:35,3
DA:36,0
DA:39,3
DA:43,3
DA:44,2
DA:47,1
DA:49,0
DA:50,0
DA:55,2
DA:56,2
DA:57,2
DA:58,2
DA:59,1
DA:62,1
DA:63,1
DA:65,0
DA:66,0
LF:33
LH:24
BRDA:18,0,0,1
BRDA:18,0,1,1
BRDA:35,1,0,0
BRDA:35,1,1,3
BRDA:43,2,0,2
BRDA:43,2,1,1
BRDA:58,3,0,1
BRDA:58,3,1,1
BRF:8
BRH:7
end_of_record
TN:
SF:src\controllers\metaFisicaController.js
FN:6,(anonymous_0)
FN:17,(anonymous_1)
FN:69,(anonymous_2)
FN:131,(anonymous_3)
FNF:4
FNH:4
FNDA:2,(anonymous_0)
FNDA:5,(anonymous_1)
FNDA:2,(anonymous_2)
FNDA:3,(anonymous_3)
DA:7,2
DA:8,2
DA:9,2
DA:11,0
DA:12,0
DA:18,5
DA:19,5
DA:22,5
DA:23,5
DA:24,1
DA:29,4
DA:30,1
DA:33,3
DA:34,0
DA:39,3
DA:40,0
DA:46,3
DA:47,1
DA:50,2
DA:58,2
DA:63,0
DA:64,0
DA:70,2
DA:71,2
DA:72,2
DA:75,2
DA:76,2
DA:77,1
DA:80,1
DA:81,0
DA:85,1
DA:86,1
DA:87,1
DA:88,0
DA:94,1
DA:95,0
DA:98,1
DA:99,0
DA:102,1
DA:103,0
DA:107,1
DA:108,0
DA:109,0
DA:113,1
DA:120,1
DA:125,0
DA:126,0
DA:132,3
DA:133,3
DA:136,3
DA:137,3
DA:138,1
DA:142,2
DA:143,1
DA:146,1
DA:147,1
DA:149,0
DA:150,0
LF:58
LH:41
BRDA:23,0,0,1
BRDA:23,0,1,4
BRDA:23,1,0,5
BRDA:23,1,1,5
BRDA:29,2,0,1
BRDA:29,2,1,3
BRDA:33,3,0,0
BRDA:33,3,1,3
BRDA:33,4,0,3
BRDA:33,4,1,3
BRDA:39,5,0,0
BRDA:39,5,1,3
BRDA:39,6,0,3
BRDA:39,6,1,3
BRDA:46,7,0,1
BRDA:46,7,1,2
BRDA:76,8,0,1
BRDA:76,8,1,1
BRDA:80,9,0,0
BRDA:80,9,1,1
BRDA:85,10,0,1
BRDA:85,10,1,0
BRDA:87,11,0,0
BRDA:87,11,1,1
BRDA:94,12,0,0
BRDA:94,12,1,1
BRDA:94,13,0,1
BRDA:94,13,1,1
BRDA:98,14,0,0
BRDA:98,14,1,1
BRDA:98,15,0,1
BRDA:98,15,1,0
BRDA:102,16,0,0
BRDA:102,16,1,1
BRDA:102,17,0,1
BRDA:102,17,1,0
BRDA:107,18,0,0
BRDA:107,18,1,1
BRDA:107,19,0,1
BRDA:107,19,1,0
BRDA:108,20,0,0
BRDA:108,20,1,0
BRDA:137,21,0,1
BRDA:137,21,1,2
BRDA:142,22,0,1
BRDA:142,22,1,1
BRF:46
BRH:32
end_of_record
TN:
SF:src\controllers\recetaController.js
FN:5,(anonymous_0)
FN:15,(anonymous_1)
FN:44,(anonymous_2)
FN:79,(anonymous_3)
FNF:4
FNH:4
FNDA:2,(anonymous_0)
FNDA:5,(anonymous_1)
FNDA:3,(anonymous_2)
FNDA:2,(anonymous_3)
DA:6,2
DA:7,2
DA:8,2
DA:10,0
DA:11,0
DA:16,5
DA:24,5
DA:25,5
DA:26,1
DA:29,4
DA:30,1
DA:33,3
DA:37,3
DA:39,0
DA:40,0
DA:45,3
DA:46,3
DA:54,3
DA:55,3
DA:56,0
DA:59,3
DA:60,0
DA:63,3
DA:68,3
DA:69,2
DA:72,1
DA:74,0
DA:75,0
DA:80,2
DA:81,2
DA:82,2
DA:83,2
DA:84,1
DA:87,1
DA:88,1
DA:90,0
DA:91,0
LF:37
LH:27
BRDA:25,0,0,1
BRDA:25,0,1,4
BRDA:29,1,0,1
BRDA:29,1,1,3
BRDA:29,2,0,4
BRDA:29,2,1,2
BRDA:55,3,0,0
BRDA:55,3,1,3
BRDA:59,4,0,0
BRDA:59,4,1,3
BRDA:59,5,0,3
BRDA:59,5,1,0
BRDA:68,6,0,2
BRDA:68,6,1,1
BRDA:83,7,0,1
BRDA:83,7,1,1
BRF:16
BRH:13
end_of_record
TN:
SF:src\controllers\registroActividadFisicaController.js
FN:6,(anonymous_0)
FN:17,(anonymous_1)
FN:37,(anonymous_2)
FN:78,(anonymous_3)
FN:125,(anonymous_4)
FN:149,(anonymous_5)
FN:182,(anonymous_6)
FNF:7
FNH:7
FNDA:2,(anonymous_0)
FNDA:2,(anonymous_1)
FNDA:3,(anonymous_2)
FNDA:3,(anonymous_3)
FNDA:2,(anonymous_4)
FNDA:2,(anonymous_5)
FNDA:1,(anonymous_6)
DA:7,2
DA:8,2
DA:9,2
DA:11,0
DA:12,0
DA:18,2
DA:19,2
DA:21,2
DA:22,1
DA:25,1
DA:29,1
DA:31,0
DA:32,0
DA:38,3
DA:39,3
DA:42,3
DA:43,1
DA:46,2
DA:47,0
DA:50,2
DA:51,0
DA:54,2
DA:55,2
DA:56,1
DA:59,1
DA:67,1
DA:72,0
DA:73,0
DA:79,3
DA:80,3
DA:81,3
DA:84,3
DA:85,3
DA:86,2
DA:90,1
DA:91,0
DA:95,1
DA:96,0
DA:99,1
DA:100,0
DA:103,1
DA:104,1
DA:105,0
DA:108,1
DA:114,1
DA:119,0
DA:120,0
DA:126,2
DA:127,2
DA:130,2
DA:131,2
DA:132,1
DA:136,1
DA:137,0
DA:140,1
DA:141,1
DA:143,0
DA:144,0
DA:150,2
DA:151,2
DA:152,2
DA:154,2
DA:155,1
DA:159,1
DA:160,1
DA:161,0
DA:165,1
DA:166,0
DA:169,1
DA:171,1
DA:176,0
DA:177,0
DA:183,1
DA:184,1
DA:187,1
DA:188,1
DA:189,0
DA:193,1
DA:194,0
DA:197,1
DA:199,1
DA:201,0
DA:202,0
LF:83
LH:58
BRDA:21,0,0,1
BRDA:21,0,1,1
BRDA:21,1,0,2
BRDA:21,1,1,2
BRDA:42,2,0,1
BRDA:42,2,1,2
BRDA:42,3,0,3
BRDA:42,3,1,3
BRDA:46,4,0,0
BRDA:46,4,1,2
BRDA:46,5,0,2
BRDA:46,5,1,2
BRDA:50,6,0,0
BRDA:50,6,1,2
BRDA:50,7,0,2
BRDA:50,7,1,2
BRDA:55,8,0,1
BRDA:55,8,1,1
BRDA:55,9,0,2
BRDA:55,9,1,2
BRDA:85,10,0,2
BRDA:85,10,1,1
BRDA:90,11,0,0
BRDA:90,11,1,1
BRDA:95,12,0,0
BRDA:95,12,1,1
BRDA:95,13,0,1
BRDA:95,13,1,1
BRDA:99,14,0,0
BRDA:99,14,1,1
BRDA:99,15,0,1
BRDA:99,15,1,1
BRDA:104,16,0,0
BRDA:104,16,1,1
BRDA:104,17,0,1
BRDA:104,17,1,1
BRDA:131,18,0,1
BRDA:131,18,1,1
BRDA:136,19,0,0
BRDA:136,19,1,1
BRDA:154,20,0,1
BRDA:154,20,1,1
BRDA:160,21,0,0
BRDA:160,21,1,1
BRDA:165,22,0,0
BRDA:165,22,1,1
BRDA:188,23,0,0
BRDA:188,23,1,1
BRDA:193,24,0,0
BRDA:193,24,1,1
BRF:50
BRH:39
end_of_record
TN:
SF:src\controllers\registroIngestaAlimenticiController.js
FN:6,(anonymous_0)
FN:17,(anonymous_1)
FN:37,(anonymous_2)
FN:73,(anonymous_3)
FN:114,(anonymous_4)
FN:138,(anonymous_5)
FN:171,(anonymous_6)
FNF:7
FNH:7
FNDA:2,(anonymous_0)
FNDA:2,(anonymous_1)
FNDA:3,(anonymous_2)
FNDA:3,(anonymous_3)
FNDA:2,(anonymous_4)
FNDA:2,(anonymous_5)
FNDA:1,(anonymous_6)
DA:7,2
DA:8,2
DA:9,2
DA:11,0
DA:12,0
DA:18,2
DA:19,2
DA:21,2
DA:22,1
DA:25,1
DA:29,1
DA:31,0
DA:32,0
DA:38,3
DA:39,3
DA:42,3
DA:43,1
DA:47,2
DA:53,0
DA:56,2
DA:62,2
DA:67,0
DA:68,0
DA:74,3
DA:75,3
DA:76,3
DA:79,3
DA:80,3
DA:81,2
DA:85,1
DA:86,0
DA:90,1
DA:96,0
DA:99,1
DA:103,1
DA:108,0
DA:109,0
DA:115,2
DA:116,2
DA:119,2
DA:120,2
DA:121,1
DA:125,1
DA:126,0
DA:129,1
DA:130,1
DA:132,0
DA:133,0
DA:139,2
DA:140,2
DA:141,2
DA:143,2
DA:144,1
DA:148,1
DA:149,1
DA:150,0
DA:154,1
DA:155,0
DA:158,1
DA:160,1
DA:165,0
DA:166,0
DA:172,1
DA:173,1
DA:176,1
DA:177,1
DA:178,0
DA:182,1
DA:183,0
DA:186,1
DA:188,1
DA:190,0
DA:191,0
LF:73
LH:51
BRDA:21,0,0,1
BRDA:21,0,1,1
BRDA:21,1,0,2
BRDA:21,1,1,2
BRDA:42,2,0,1
BRDA:42,2,1,2
BRDA:42,3,0,3
BRDA:42,3,1,3
BRDA:47,4,0,0
BRDA:47,4,1,2
BRDA:48,5,0,2
BRDA:48,5,1,1
BRDA:48,5,2,1
BRDA:48,5,3,0
BRDA:59,6,0,2
BRDA:59,6,1,1
BRDA:80,7,0,2
BRDA:80,7,1,1
BRDA:85,8,0,0
BRDA:85,8,1,1
BRDA:90,9,0,0
BRDA:90,9,1,1
BRDA:91,10,0,1
BRDA:91,10,1,1
BRDA:91,10,2,1
BRDA:91,10,3,0
BRDA:120,11,0,1
BRDA:120,11,1,1
BRDA:125,12,0,0
BRDA:125,12,1,1
BRDA:143,13,0,1
BRDA:143,13,1,1
BRDA:149,14,0,0
BRDA:149,14,1,1
BRDA:154,15,0,0
BRDA:154,15,1,1
BRDA:177,16,0,0
BRDA:177,16,1,1
BRDA:182,17,0,0
BRDA:182,17,1,1
BRF:40
BRH:30
end_of_record
TN:
SF:src\controllers\rutinaController.js
FN:5,(anonymous_0)
FN:15,(anonymous_1)
FN:37,(anonymous_2)
FN:65,(anonymous_3)
FNF:4
FNH:4
FNDA:2,(anonymous_0)
FNDA:3,(anonymous_1)
FNDA:3,(anonymous_2)
FNDA:2,(anonymous_3)
DA:6,2
DA:7,2
DA:8,2
DA:10,0
DA:11,0
DA:16,3
DA:17,3
DA:18,3
DA:19,1
DA:22,2
DA:23,1
DA:26,1
DA:30,1
DA:32,0
DA:33,0
DA:38,3
DA:39,3
DA:40,3
DA:41,3
DA:42,0
DA:45,3
DA:46,0
DA:49,3
DA:54,3
DA:55,2
DA:58,1
DA:60,0
DA:61,0
DA:66,2
DA:67,2
DA:68,2
DA:69,2
DA:70,1
DA:73,1
DA:74,1
DA:76,0
DA:77,0
LF:37
LH:27
BRDA:18,0,0,1
BRDA:18,0,1,2
BRDA:22,1,0,1
BRDA:22,1,1,1
BRDA:22,2,0,2
BRDA:22,2,1,1
BRDA:41,3,0,0
BRDA:41,3,1,3
BRDA:45,4,0,0
BRDA:45,4,1,3
BRDA:45,5,0,3
BRDA:45,5,1,0
BRDA:54,6,0,2
BRDA:54,6,1,1
BRDA:69,7,0,1
BRDA:69,7,1,1
BRF:16
BRH:13
end_of_record
TN:
SF:src\middleware\authMiddleware.js
FN:3,(anonymous_0)
FNF:1
FNH:1
FNDA:3,(anonymous_0)
DA:3,2
DA:4,3
DA:6,3
DA:7,1
DA:10,2
DA:12,2
DA:13,2
DA:14,1
DA:15,1
DA:17,1
LF:10
LH:10
BRDA:6,0,0,1
BRDA:6,0,1,2
BRDA:6,1,0,3
BRDA:6,1,1,2
BRF:4
BRH:4
end_of_record
TN:
SF:src\models\ejercicioModel.js
FN:4,(anonymous_0)
FN:15,(anonymous_1)
FN:26,(anonymous_2)
FN:49,(anonymous_3)
FN:75,(anonymous_4)
FNF:5
FNH:5
FNDA:2,(anonymous_0)
FNDA:2,(anonymous_1)
FNDA:1,(anonymous_2)
FNDA:3,(anonymous_3)
FNDA:1,(anonymous_4)
DA:5,2
DA:11,2
DA:12,2
DA:16,2
DA:22,2
DA:23,2
DA:33,1
DA:34,1
DA:39,1
DA:46,1
DA:56,3
DA:57,3
DA:64,3
DA:72,3
DA:76,1
DA:77,1
LF:16
LH:16
BRDA:23,0,0,2
BRDA:23,0,1,1
BRDA:72,1,0,3
BRDA:72,1,1,2
BRF:4
BRH:4
end_of_record
TN:
SF:src\models\historialIntegralModel.js
FN:5,(anonymous_0)
FN:22,(anonymous_1)
FN:39,(anonymous_2)
FN:56,(anonymous_3)
FNF:4
FNH:4
FNDA:1,(anonymous_0)
FNDA:1,(anonymous_1)
FNDA:1,(anonymous_2)
FNDA:2,(anonymous_3)
DA:6,1
DA:17,1
DA:18,1
DA:23,1
DA:34,1
DA:35,1
DA:40,1
DA:41,1
DA:46,1
DA:52,1
DA:57,2
DA:59,2
DA:71,2
DA:81,2
DA:82,1
DA:83,1
DA:84,1
DA:87,2
DA:92,2
DA:93,2
LF:20
LH:20
BRDA:18,0,0,1
BRDA:18,0,1,0
BRDA:35,1,0,1
BRDA:35,1,1,0
BRDA:56,2,0,1
BRDA:56,3,0,1
BRDA:81,4,0,1
BRDA:81,4,1,1
BRDA:81,5,0,2
BRDA:81,5,1,1
BRDA:93,6,0,2
BRDA:93,6,1,0
BRF:12
BRH:9
end_of_record
TN:
SF:src\models\ingredienteModel.js
FN:4,(anonymous_0)
FN:11,(anonymous_1)
FN:18,(anonymous_2)
FN:25,(anonymous_3)
FN:32,(anonymous_4)
FNF:5
FNH:5
FNDA:2,(anonymous_0)
FNDA:2,(anonymous_1)
FNDA:2,(anonymous_2)
FNDA:3,(anonymous_3)
FNDA:1,(anonymous_4)
DA:6,2
DA:7,2
DA:8,2
DA:13,2
DA:14,2
DA:15,2
DA:20,2
DA:21,2
DA:22,2
DA:27,3
DA:28,3
DA:29,3
DA:33,1
DA:34,1
LF:14
LH:14
BRDA:15,0,0,2
BRDA:15,0,1,1
BRDA:29,1,0,3
BRDA:29,1,1,2
BRF:4
BRH:4
end_of_record
TN:
SF:src\models\metaFisicaModel.js
FN:5,(anonymous_0)
FN:17,(anonymous_1)
FN:28,(anonymous_2)
FN:46,(anonymous_3)
FN:68,(anonymous_4)
FN:74,(anonymous_5)
FNF:6
FNH:6
FNDA:2,(anonymous_0)
FNDA:5,(anonymous_1)
FNDA:2,(anonymous_2)
FNDA:1,(anonymous_3)
FNDA:1,(anonymous_4)
FNDA:3,(anonymous_5)
DA:6,2
DA:12,2
DA:13,2
DA:18,5
DA:23,5
DA:24,5
DA:29,2
DA:30,2
DA:35,2
DA:42,2
DA:47,1
DA:48,1
DA:57,1
DA:64,1
DA:69,1
DA:70,1
DA:75,3
DA:76,3
DA:77,3
DA:78,3
LF:20
LH:20
BRDA:13,0,0,2
BRDA:13,0,1,0
BRDA:24,1,0,5
BRDA:24,1,1,2
BRDA:64,2,0,1
BRDA:64,2,1,0
BRDA:77,3,0,0
BRDA:77,3,1,3
BRF:8
BRH:5
end_of_record
TN:
SF:src\models\recetaModel.js
FN:4,(anonymous_0)
FN:24,(anonymous_1)
FN:44,(anonymous_2)
FN:94,(anonymous_3)
FN:141,(anonymous_4)
FNF:5
FNH:5
FNDA:2,(anonymous_0)
FNDA:8,(anonymous_1)
FNDA:3,(anonymous_2)
FNDA:3,(anonymous_3)
FNDA:1,(anonymous_4)
DA:5,2
DA:20,2
DA:21,2
DA:25,8
DA:40,8
DA:41,8
DA:51,3
DA:52,3
DA:53,3
DA:54,3
DA:55,3
DA:60,3
DA:67,3
DA:69,3
DA:70,1
DA:75,1
DA:76,1
DA:84,3
DA:85,3
DA:87,0
DA:88,0
DA:90,3
DA:101,3
DA:102,3
DA:103,3
DA:104,3
DA:105,3
DA:111,3
DA:120,3
DA:121,0
DA:122,0
DA:126,0
DA:127,0
DA:131,3
DA:132,3
DA:134,0
DA:135,0
DA:137,3
DA:142,1
DA:143,1
LF:40
LH:32
BRDA:41,0,0,8
BRDA:41,0,1,3
BRDA:44,1,0,2
BRDA:69,2,0,1
BRDA:69,2,1,2
BRDA:69,3,0,3
BRDA:69,3,1,3
BRDA:94,4,0,3
BRDA:120,5,0,0
BRDA:120,5,1,3
BRF:10
BRH:9
end_of_record
TN:
SF:src\models\registroActividadFisicaModel.js
FN:5,(anonymous_0)
FN:33,(anonymous_1)
FN:59,(anonymous_2)
FN:85,(anonymous_3)
FN:103,(anonymous_4)
FN:123,(anonymous_5)
FN:129,(anonymous_6)
FN:140,(anonymous_7)
FN:147,(anonymous_8)
FNF:9
FNH:9
FNDA:2,(anonymous_0)
FNDA:1,(anonymous_1)
FNDA:7,(anonymous_2)
FNDA:1,(anonymous_3)
FNDA:1,(anonymous_4)
FNDA:1,(anonymous_5)
FNDA:1,(anonymous_6)
FNDA:1,(anonymous_7)
FNDA:4,(anonymous_8)
DA:6,2
DA:28,2
DA:29,2
DA:34,1
DA:54,1
DA:55,1
DA:60,7
DA:80,7
DA:81,7
DA:86,1
DA:87,1
DA:92,1
DA:99,1
DA:104,1
DA:105,1
DA:113,1
DA:119,1
DA:124,1
DA:125,1
DA:130,1
DA:135,1
DA:136,1
DA:142,1
DA:143,1
DA:149,4
DA:150,4
DA:151,4
DA:152,4
LF:28
LH:28
BRDA:29,0,0,2
BRDA:29,0,1,0
BRDA:55,1,0,1
BRDA:55,1,1,0
BRDA:81,2,0,7
BRDA:81,2,1,3
BRDA:119,3,0,1
BRDA:119,3,1,0
BRDA:151,4,0,0
BRDA:151,4,1,4
BRF:10
BRH:6
end_of_record
TN:
SF:src\models\registroIngestaAlimenticiModel.js
FN:5,(anonymous_0)
FN:31,(anonymous_1)
FN:56,(anonymous_2)
FN:81,(anonymous_3)
FN:93,(anonymous_4)
FN:106,(anonymous_5)
FN:112,(anonymous_6)
FN:123,(anonymous_7)
FN:130,(anonymous_8)
FNF:9
FNH:9
FNDA:2,(anonymous_0)
FNDA:1,(anonymous_1)
FNDA:7,(anonymous_2)
FNDA:2,(anonymous_3)
FNDA:1,(anonymous_4)
FNDA:1,(anonymous_5)
FNDA:1,(anonymous_6)
FNDA:1,(anonymous_7)
FNDA:4,(anonymous_8)
DA:6,2
DA:26,2
DA:27,2
DA:32,1
DA:51,1
DA:52,1
DA:57,7
DA:76,7
DA:77,7
DA:82,2
DA:83,2
DA:88,2
DA:89,2
DA:94,1
DA:95,1
DA:101,1
DA:102,1
DA:107,1
DA:108,1
DA:113,1
DA:118,1
DA:119,1
DA:125,1
DA:126,1
DA:132,4
DA:133,4
DA:134,4
DA:135,4
LF:28
LH:28
BRDA:27,0,0,2
BRDA:27,0,1,0
BRDA:52,1,0,1
BRDA:52,1,1,0
BRDA:77,2,0,7
BRDA:77,2,1,3
BRDA:102,3,0,1
BRDA:102,3,1,0
BRDA:134,4,0,0
BRDA:134,4,1,4
BRF:10
BRH:6
end_of_record
TN:
SF:src\models\rutinaModel.js
FN:4,(anonymous_0)
FN:26,(anonymous_1)
FN:48,(anonymous_2)
FN:89,(anonymous_3)
FN:127,(anonymous_4)
FNF:5
FNH:5
FNDA:2,(anonymous_0)
FNDA:7,(anonymous_1)
FNDA:2,(anonymous_2)
FNDA:3,(anonymous_3)
FNDA:1,(anonymous_4)
DA:5,2
DA:22,2
DA:23,2
DA:27,7
DA:44,7
DA:45,7
DA:49,2
DA:50,2
DA:51,2
DA:52,2
DA:53,2
DA:58,2
DA:63,2
DA:65,2
DA:66,0
DA:70,0
DA:71,0
DA:79,2
DA:80,2
DA:82,0
DA:83,0
DA:85,2
DA:90,3
DA:91,3
DA:92,3
DA:93,3
DA:94,3
DA:99,3
DA:106,3
DA:107,0
DA:108,0
DA:112,0
DA:113,0
DA:117,3
DA:118,3
DA:120,0
DA:121,0
DA:123,3
DA:128,1
DA:129,1
LF:40
LH:29
BRDA:45,0,0,7
BRDA:45,0,1,3
BRDA:48,1,0,2
BRDA:65,2,0,0
BRDA:65,2,1,2
BRDA:65,3,0,2
BRDA:65,3,1,2
BRDA:74,4,0,0
BRDA:74,4,1,0
BRDA:89,5,0,3
BRDA:106,6,0,0
BRDA:106,6,1,3
BRDA:113,7,0,0
BRDA:113,7,1,0
BRF:14
BRH:8
end_of_record
TN:
SF:src\models\userModel.js
FN:6,(anonymous_0)
FN:24,(anonymous_1)
FN:92,(anonymous_2)
FN:97,(anonymous_3)
FNF:4
FNH:4
FNDA:7,(anonymous_0)
FNDA:5,(anonymous_1)
FNDA:2,(anonymous_2)
FNDA:2,(anonymous_3)
DA:7,7
DA:8,7
DA:16,7
DA:17,7
DA:19,0
DA:33,5
DA:35,5
DA:37,5
DA:38,5
DA:39,5
DA:42,5
DA:47,5
DA:54,5
DA:57,5
DA:58,5
DA:61,5
DA:66,5
DA:72,5
DA:74,5
DA:81,0
DA:82,0
DA:84,5
DA:87,0
DA:93,2
DA:98,2
DA:99,2
DA:100,2
DA:110,2
DA:118,2
DA:120,0
LF:30
LH:25
BRDA:17,0,0,7
BRDA:17,0,1,3
BRDA:118,1,0,2
BRDA:118,1,1,1
BRF:4
BRH:4
end_of_record
TN:
SF:src\routes\authRoutes.js
FNF:0
FNH:0
DA:5,1
DA:74,1
DA:122,1
DA:150,1
DA:203,1
LF:5
LH:5
BRF:0
BRH:0
end_of_record
TN:
SF:src\routes\ejercicioRoutes.js
FNF:0
FNH:0
DA:112,1
DA:113,1
DA:115,1
DA:116,1
DA:117,1
DA:118,1
LF:6
LH:6
BRF:0
BRH:0
end_of_record
TN:
SF:src\routes\estadisticasRoutes.js
FNF:0
FNH:0
DA:5,1
DA:6,1
DA:30,1
DA:71,1
DA:112,1
DA:160,1
LF:6
LH:6
BRF:0
BRH:0
end_of_record
TN:
SF:src\routes\ingredienteRoutes.js
FNF:0
FNH:0
DA:100,1
DA:101,1
DA:103,1
DA:104,1
DA:105,1
DA:106,1
LF:6
LH:6
BRF:0
BRH:0
end_of_record
TN:
SF:src\routes\metaFisicaRoutes.js
FNF:0
FNH:0
DA:5,1
DA:6,1
DA:30,1
DA:87,1
DA:143,1
DA:170,1
LF:6
LH:6
BRF:0
BRH:0
end_of_record
TN:
SF:src\routes\recetaRoutes.js
FNF:0
FNH:0
DA:154,1
DA:155,1
DA:157,1
DA:158,1
DA:159,1
DA:160,1
LF:6
LH:6
BRF:0
BRH:0
end_of_record
TN:
SF:src\routes\registroActividadFisicaRoutes.js
FNF:0
FNH:0
DA:5,1
DA:6,1
DA:30,1
DA:64,1
DA:117,1
DA:160,1
DA:187,1
DA:228,1
DA:261,1
LF:9
LH:9
BRF:0
BRH:0
end_of_record
TN:
SF:src\routes\registroIngestaAlimenticiRoutes.js
FNF:0
FNH:0
DA:5,1
DA:6,1
DA:30,1
DA:64,1
DA:110,1
DA:148,1
DA:175,1
DA:216,1
DA:249,1
LF:9
LH:9
BRF:0
BRH:0
end_of_record
TN:
SF:src\routes\rutinaRoutes.js
FNF:0
FNH:0
DA:122,1
DA:123,1
DA:125,1
DA:126,1
DA:127,1
DA:128,1
LF:6
LH:6
BRF:0
BRH:0
end_of_record
TN:
SF:src\services\authService.js
FN:10,(anonymous_0)
FN:15,(anonymous_1)
FNF:2
FNH:2
FNDA:3,(anonymous_0)
FNDA:2,(anonymous_1)
DA:4,3
DA:6,3
DA:11,3
DA:16,2
DA:17,2
DA:19,1
LF:6
LH:6
BRDA:6,0,0,3
BRDA:6,0,1,0
BRF:2
BRH:1
end_of_record
TN:
SF:src\utils\validation.js
FN:4,(anonymous_0)
FN:10,(anonymous_1)
FN:15,(anonymous_2)
FN:20,(anonymous_3)
FN:26,(anonymous_4)
FNF:5
FNH:5
FNDA:9,(anonymous_0)
FNDA:8,(anonymous_1)
FNDA:30,(anonymous_2)
FNDA:22,(anonymous_3)
FNDA:29,(anonymous_4)
DA:5,9
DA:6,9
DA:11,8
DA:16,30
DA:21,22
DA:22,22
DA:27,29
DA:28,29
DA:29,8
DA:31,21
DA:32,21
LF:11
LH:11
BRDA:11,0,0,8
BRDA:11,0,1,7
BRDA:16,1,0,30
BRDA:16,1,1,29
BRDA:16,1,2,29
BRDA:22,2,0,22
BRDA:22,2,1,22
BRDA:28,3,0,8
BRDA:28,3,1,21
BRDA:32,4,0,21
BRDA:32,4,1,21
BRF:11
BRH:11
end_of_record
